0000              1   ;--------------------------------------------------------
0000              2   ; File Created by C51
0000              3   ; Version 1.0.0 #1069 (Apr 23 2015) (MSVC)
0000              4   ; This file was generated Fri Mar 30 18:27:00 2018
0000              5   ;--------------------------------------------------------
                  5   $name irtransmit
                  6   $optc51 --model-small
0000              8            R_DSEG    segment data
0000              9            R_CSEG    segment code
0000             10            R_BSEG    segment bit
0000             11            R_XSEG    segment xdata
0000             12            R_PSEG    segment xdata
0000             13            R_ISEG    segment idata
0000             14            R_OSEG    segment data overlay
0000             15            BIT_BANK  segment data overlay
0000             16            R_HOME    segment code
0000             17            R_GSINIT  segment code
0000             18            R_IXSEG   segment xdata
0000             19            R_CONST   segment code
0000             20            R_XINIT   segment code
0000             21            R_DINIT   segment code
0000             22   
0000             23   ;--------------------------------------------------------
0000             24   ; Public variables in this module
0000             25   ;--------------------------------------------------------
0000             26            public _main
0000             27            public _Timer0_ISR
0000             28            public _Timer2_ISR
0000             29            public _Timer3us
0000             30            public __c51_external_startup
0000             31            public _transmitting_flag
0000             32            public _flag
0000             33            public _command
0000             34            public _counter2
0000             35            public _counter
0000             36            public _overflow_count
0000             37   ;--------------------------------------------------------
0000             38   ; Special Function Registers
0000             39   ;--------------------------------------------------------
0000             40   _ACC            DATA 0xe0
0000             41   _ADC0ASAH       DATA 0xb6
0000             42   _ADC0ASAL       DATA 0xb5
0000             43   _ADC0ASCF       DATA 0xa1
0000             44   _ADC0ASCT       DATA 0xc7
0000             45   _ADC0CF0        DATA 0xbc
0000             46   _ADC0CF1        DATA 0xb9
0000             47   _ADC0CF2        DATA 0xdf
0000             48   _ADC0CN0        DATA 0xe8
0000             49   _ADC0CN1        DATA 0xb2
0000             50   _ADC0CN2        DATA 0xb3
0000             51   _ADC0GTH        DATA 0xc4
0000             52   _ADC0GTL        DATA 0xc3
0000             53   _ADC0H          DATA 0xbe
0000             54   _ADC0L          DATA 0xbd
0000             55   _ADC0LTH        DATA 0xc6
0000             56   _ADC0LTL        DATA 0xc5
0000             57   _ADC0MX         DATA 0xbb
0000             58   _B              DATA 0xf0
0000             59   _CKCON0         DATA 0x8e
0000             60   _CKCON1         DATA 0xa6
0000             61   _CLEN0          DATA 0xc6
0000             62   _CLIE0          DATA 0xc7
0000             63   _CLIF0          DATA 0xe8
0000             64   _CLKSEL         DATA 0xa9
0000             65   _CLOUT0         DATA 0xd1
0000             66   _CLU0CF         DATA 0xb1
0000             67   _CLU0FN         DATA 0xaf
0000             68   _CLU0MX         DATA 0x84
0000             69   _CLU1CF         DATA 0xb3
0000             70   _CLU1FN         DATA 0xb2
0000             71   _CLU1MX         DATA 0x85
0000             72   _CLU2CF         DATA 0xb6
0000             73   _CLU2FN         DATA 0xb5
0000             74   _CLU2MX         DATA 0x91
0000             75   _CLU3CF         DATA 0xbf
0000             76   _CLU3FN         DATA 0xbe
0000             77   _CLU3MX         DATA 0xae
0000             78   _CMP0CN0        DATA 0x9b
0000             79   _CMP0CN1        DATA 0x99
0000             80   _CMP0MD         DATA 0x9d
0000             81   _CMP0MX         DATA 0x9f
0000             82   _CMP1CN0        DATA 0xbf
0000             83   _CMP1CN1        DATA 0xac
0000             84   _CMP1MD         DATA 0xab
0000             85   _CMP1MX         DATA 0xaa
0000             86   _CRC0CN0        DATA 0xce
0000             87   _CRC0CN1        DATA 0x86
0000             88   _CRC0CNT        DATA 0xd3
0000             89   _CRC0DAT        DATA 0xcb
0000             90   _CRC0FLIP       DATA 0xcf
0000             91   _CRC0IN         DATA 0xca
0000             92   _CRC0ST         DATA 0xd2
0000             93   _DAC0CF0        DATA 0x91
0000             94   _DAC0CF1        DATA 0x92
0000             95   _DAC0H          DATA 0x85
0000             96   _DAC0L          DATA 0x84
0000             97   _DAC1CF0        DATA 0x93
0000             98   _DAC1CF1        DATA 0x94
0000             99   _DAC1H          DATA 0x8a
0000            100   _DAC1L          DATA 0x89
0000            101   _DAC2CF0        DATA 0x95
0000            102   _DAC2CF1        DATA 0x96
0000            103   _DAC2H          DATA 0x8c
0000            104   _DAC2L          DATA 0x8b
0000            105   _DAC3CF0        DATA 0x9a
0000            106   _DAC3CF1        DATA 0x9c
0000            107   _DAC3H          DATA 0x8e
0000            108   _DAC3L          DATA 0x8d
0000            109   _DACGCF0        DATA 0x88
0000            110   _DACGCF1        DATA 0x98
0000            111   _DACGCF2        DATA 0xa2
0000            112   _DERIVID        DATA 0xad
0000            113   _DEVICEID       DATA 0xb5
0000            114   _DPH            DATA 0x83
0000            115   _DPL            DATA 0x82
0000            116   _EIE1           DATA 0xe6
0000            117   _EIE2           DATA 0xf3
0000            118   _EIP1           DATA 0xbb
0000            119   _EIP1H          DATA 0xee
0000            120   _EIP2           DATA 0xed
0000            121   _EIP2H          DATA 0xf6
0000            122   _EMI0CN         DATA 0xe7
0000            123   _FLKEY          DATA 0xb7
0000            124   _HFO0CAL        DATA 0xc7
0000            125   _HFO1CAL        DATA 0xd6
0000            126   _HFOCN          DATA 0xef
0000            127   _I2C0ADM        DATA 0xff
0000            128   _I2C0CN0        DATA 0xba
0000            129   _I2C0DIN        DATA 0xbc
0000            130   _I2C0DOUT       DATA 0xbb
0000            131   _I2C0FCN0       DATA 0xad
0000            132   _I2C0FCN1       DATA 0xab
0000            133   _I2C0FCT        DATA 0xf5
0000            134   _I2C0SLAD       DATA 0xbd
0000            135   _I2C0STAT       DATA 0xb9
0000            136   _IE             DATA 0xa8
0000            137   _IP             DATA 0xb8
0000            138   _IPH            DATA 0xf2
0000            139   _IT01CF         DATA 0xe4
0000            140   _LFO0CN         DATA 0xb1
0000            141   _P0             DATA 0x80
0000            142   _P0MASK         DATA 0xfe
0000            143   _P0MAT          DATA 0xfd
0000            144   _P0MDIN         DATA 0xf1
0000            145   _P0MDOUT        DATA 0xa4
0000            146   _P0SKIP         DATA 0xd4
0000            147   _P1             DATA 0x90
0000            148   _P1MASK         DATA 0xee
0000            149   _P1MAT          DATA 0xed
0000            150   _P1MDIN         DATA 0xf2
0000            151   _P1MDOUT        DATA 0xa5
0000            152   _P1SKIP         DATA 0xd5
0000            153   _P2             DATA 0xa0
0000            154   _P2MASK         DATA 0xfc
0000            155   _P2MAT          DATA 0xfb
0000            156   _P2MDIN         DATA 0xf3
0000            157   _P2MDOUT        DATA 0xa6
0000            158   _P2SKIP         DATA 0xcc
0000            159   _P3             DATA 0xb0
0000            160   _P3MDIN         DATA 0xf4
0000            161   _P3MDOUT        DATA 0x9c
0000            162   _PCA0CENT       DATA 0x9e
0000            163   _PCA0CLR        DATA 0x9c
0000            164   _PCA0CN0        DATA 0xd8
0000            165   _PCA0CPH0       DATA 0xfc
0000            166   _PCA0CPH1       DATA 0xea
0000            167   _PCA0CPH2       DATA 0xec
0000            168   _PCA0CPH3       DATA 0xf5
0000            169   _PCA0CPH4       DATA 0x85
0000            170   _PCA0CPH5       DATA 0xde
0000            171   _PCA0CPL0       DATA 0xfb
0000            172   _PCA0CPL1       DATA 0xe9
0000            173   _PCA0CPL2       DATA 0xeb
0000            174   _PCA0CPL3       DATA 0xf4
0000            175   _PCA0CPL4       DATA 0x84
0000            176   _PCA0CPL5       DATA 0xdd
0000            177   _PCA0CPM0       DATA 0xda
0000            178   _PCA0CPM1       DATA 0xdb
0000            179   _PCA0CPM2       DATA 0xdc
0000            180   _PCA0CPM3       DATA 0xae
0000            181   _PCA0CPM4       DATA 0xaf
0000            182   _PCA0CPM5       DATA 0xcc
0000            183   _PCA0H          DATA 0xfa
0000            184   _PCA0L          DATA 0xf9
0000            185   _PCA0MD         DATA 0xd9
0000            186   _PCA0POL        DATA 0x96
0000            187   _PCA0PWM        DATA 0xf7
0000            188   _PCON0          DATA 0x87
0000            189   _PCON1          DATA 0xcd
0000            190   _PFE0CN         DATA 0xc1
0000            191   _PRTDRV         DATA 0xf6
0000            192   _PSCTL          DATA 0x8f
0000            193   _PSTAT0         DATA 0xaa
0000            194   _PSW            DATA 0xd0
0000            195   _REF0CN         DATA 0xd1
0000            196   _REG0CN         DATA 0xc9
0000            197   _REVID          DATA 0xb6
0000            198   _RSTSRC         DATA 0xef
0000            199   _SBCON1         DATA 0x94
0000            200   _SBRLH1         DATA 0x96
0000            201   _SBRLL1         DATA 0x95
0000            202   _SBUF           DATA 0x99
0000            203   _SBUF0          DATA 0x99
0000            204   _SBUF1          DATA 0x92
0000            205   _SCON           DATA 0x98
0000            206   _SCON0          DATA 0x98
0000            207   _SCON1          DATA 0xc8
0000            208   _SFRPAGE        DATA 0xa7
0000            209   _SFRPGCN        DATA 0xbc
0000            210   _SFRSTACK       DATA 0xd7
0000            211   _SMB0ADM        DATA 0xd6
0000            212   _SMB0ADR        DATA 0xd7
0000            213   _SMB0CF         DATA 0xc1
0000            214   _SMB0CN0        DATA 0xc0
0000            215   _SMB0DAT        DATA 0xc2
0000            216   _SMB0FCN0       DATA 0xc3
0000            217   _SMB0FCN1       DATA 0xc4
0000            218   _SMB0FCT        DATA 0xef
0000            219   _SMB0RXLN       DATA 0xc5
0000            220   _SMB0TC         DATA 0xac
0000            221   _SMOD1          DATA 0x93
0000            222   _SP             DATA 0x81
0000            223   _SPI0CFG        DATA 0xa1
0000            224   _SPI0CKR        DATA 0xa2
0000            225   _SPI0CN0        DATA 0xf8
0000            226   _SPI0DAT        DATA 0xa3
0000            227   _SPI0FCN0       DATA 0x9a
0000            228   _SPI0FCN1       DATA 0x9b
0000            229   _SPI0FCT        DATA 0xf7
0000            230   _SPI0PCF        DATA 0xdf
0000            231   _TCON           DATA 0x88
0000            232   _TH0            DATA 0x8c
0000            233   _TH1            DATA 0x8d
0000            234   _TL0            DATA 0x8a
0000            235   _TL1            DATA 0x8b
0000            236   _TMOD           DATA 0x89
0000            237   _TMR2CN0        DATA 0xc8
0000            238   _TMR2CN1        DATA 0xfd
0000            239   _TMR2H          DATA 0xcf
0000            240   _TMR2L          DATA 0xce
0000            241   _TMR2RLH        DATA 0xcb
0000            242   _TMR2RLL        DATA 0xca
0000            243   _TMR3CN0        DATA 0x91
0000            244   _TMR3CN1        DATA 0xfe
0000            245   _TMR3H          DATA 0x95
0000            246   _TMR3L          DATA 0x94
0000            247   _TMR3RLH        DATA 0x93
0000            248   _TMR3RLL        DATA 0x92
0000            249   _TMR4CN0        DATA 0x98
0000            250   _TMR4CN1        DATA 0xff
0000            251   _TMR4H          DATA 0xa5
0000            252   _TMR4L          DATA 0xa4
0000            253   _TMR4RLH        DATA 0xa3
0000            254   _TMR4RLL        DATA 0xa2
0000            255   _TMR5CN0        DATA 0xc0
0000            256   _TMR5CN1        DATA 0xf1
0000            257   _TMR5H          DATA 0xd5
0000            258   _TMR5L          DATA 0xd4
0000            259   _TMR5RLH        DATA 0xd3
0000            260   _TMR5RLL        DATA 0xd2
0000            261   _UART0PCF       DATA 0xd9
0000            262   _UART1FCN0      DATA 0x9d
0000            263   _UART1FCN1      DATA 0xd8
0000            264   _UART1FCT       DATA 0xfa
0000            265   _UART1LIN       DATA 0x9e
0000            266   _UART1PCF       DATA 0xda
0000            267   _VDM0CN         DATA 0xff
0000            268   _WDTCN          DATA 0x97
0000            269   _XBR0           DATA 0xe1
0000            270   _XBR1           DATA 0xe2
0000            271   _XBR2           DATA 0xe3
0000            272   _XOSC0CN        DATA 0x86
0000            273   _DPTR           DATA 0x8382
0000            274   _TMR2RL         DATA 0xcbca
0000            275   _TMR3RL         DATA 0x9392
0000            276   _TMR4RL         DATA 0xa3a2
0000            277   _TMR5RL         DATA 0xd3d2
0000            278   _TMR0           DATA 0x8c8a
0000            279   _TMR1           DATA 0x8d8b
0000            280   _TMR2           DATA 0xcfce
0000            281   _TMR3           DATA 0x9594
0000            282   _TMR4           DATA 0xa5a4
0000            283   _TMR5           DATA 0xd5d4
0000            284   _SBRL1          DATA 0x9695
0000            285   _PCA0           DATA 0xfaf9
0000            286   _PCA0CP0        DATA 0xfcfb
0000            287   _PCA0CP1        DATA 0xeae9
0000            288   _PCA0CP2        DATA 0xeceb
0000            289   _PCA0CP3        DATA 0xf5f4
0000            290   _PCA0CP4        DATA 0x8584
0000            291   _PCA0CP5        DATA 0xdedd
0000            292   _ADC0ASA        DATA 0xb6b5
0000            293   _ADC0GT         DATA 0xc4c3
0000            294   _ADC0           DATA 0xbebd
0000            295   _ADC0LT         DATA 0xc6c5
0000            296   _DAC0           DATA 0x8584
0000            297   _DAC1           DATA 0x8a89
0000            298   _DAC2           DATA 0x8c8b
0000            299   _DAC3           DATA 0x8e8d
0000            300   ;--------------------------------------------------------
0000            301   ; special function bits
0000            302   ;--------------------------------------------------------
0000            303   _ACC_0          BIT 0xe0
0000            304   _ACC_1          BIT 0xe1
0000            305   _ACC_2          BIT 0xe2
0000            306   _ACC_3          BIT 0xe3
0000            307   _ACC_4          BIT 0xe4
0000            308   _ACC_5          BIT 0xe5
0000            309   _ACC_6          BIT 0xe6
0000            310   _ACC_7          BIT 0xe7
0000            311   _TEMPE          BIT 0xe8
0000            312   _ADGN0          BIT 0xe9
0000            313   _ADGN1          BIT 0xea
0000            314   _ADWINT         BIT 0xeb
0000            315   _ADBUSY         BIT 0xec
0000            316   _ADINT          BIT 0xed
0000            317   _IPOEN          BIT 0xee
0000            318   _ADEN           BIT 0xef
0000            319   _B_0            BIT 0xf0
0000            320   _B_1            BIT 0xf1
0000            321   _B_2            BIT 0xf2
0000            322   _B_3            BIT 0xf3
0000            323   _B_4            BIT 0xf4
0000            324   _B_5            BIT 0xf5
0000            325   _B_6            BIT 0xf6
0000            326   _B_7            BIT 0xf7
0000            327   _C0FIF          BIT 0xe8
0000            328   _C0RIF          BIT 0xe9
0000            329   _C1FIF          BIT 0xea
0000            330   _C1RIF          BIT 0xeb
0000            331   _C2FIF          BIT 0xec
0000            332   _C2RIF          BIT 0xed
0000            333   _C3FIF          BIT 0xee
0000            334   _C3RIF          BIT 0xef
0000            335   _D1SRC0         BIT 0x88
0000            336   _D1SRC1         BIT 0x89
0000            337   _D1AMEN         BIT 0x8a
0000            338   _D01REFSL       BIT 0x8b
0000            339   _D3SRC0         BIT 0x8c
0000            340   _D3SRC1         BIT 0x8d
0000            341   _D3AMEN         BIT 0x8e
0000            342   _D23REFSL       BIT 0x8f
0000            343   _D0UDIS         BIT 0x98
0000            344   _D1UDIS         BIT 0x99
0000            345   _D2UDIS         BIT 0x9a
0000            346   _D3UDIS         BIT 0x9b
0000            347   _EX0            BIT 0xa8
0000            348   _ET0            BIT 0xa9
0000            349   _EX1            BIT 0xaa
0000            350   _ET1            BIT 0xab
0000            351   _ES0            BIT 0xac
0000            352   _ET2            BIT 0xad
0000            353   _ESPI0          BIT 0xae
0000            354   _EA             BIT 0xaf
0000            355   _PX0            BIT 0xb8
0000            356   _PT0            BIT 0xb9
0000            357   _PX1            BIT 0xba
0000            358   _PT1            BIT 0xbb
0000            359   _PS0            BIT 0xbc
0000            360   _PT2            BIT 0xbd
0000            361   _PSPI0          BIT 0xbe
0000            362   _P0_0           BIT 0x80
0000            363   _P0_1           BIT 0x81
0000            364   _P0_2           BIT 0x82
0000            365   _P0_3           BIT 0x83
0000            366   _P0_4           BIT 0x84
0000            367   _P0_5           BIT 0x85
0000            368   _P0_6           BIT 0x86
0000            369   _P0_7           BIT 0x87
0000            370   _P1_0           BIT 0x90
0000            371   _P1_1           BIT 0x91
0000            372   _P1_2           BIT 0x92
0000            373   _P1_3           BIT 0x93
0000            374   _P1_4           BIT 0x94
0000            375   _P1_5           BIT 0x95
0000            376   _P1_6           BIT 0x96
0000            377   _P1_7           BIT 0x97
0000            378   _P2_0           BIT 0xa0
0000            379   _P2_1           BIT 0xa1
0000            380   _P2_2           BIT 0xa2
0000            381   _P2_3           BIT 0xa3
0000            382   _P2_4           BIT 0xa4
0000            383   _P2_5           BIT 0xa5
0000            384   _P2_6           BIT 0xa6
0000            385   _P3_0           BIT 0xb0
0000            386   _P3_1           BIT 0xb1
0000            387   _P3_2           BIT 0xb2
0000            388   _P3_3           BIT 0xb3
0000            389   _P3_4           BIT 0xb4
0000            390   _P3_7           BIT 0xb7
0000            391   _CCF0           BIT 0xd8
0000            392   _CCF1           BIT 0xd9
0000            393   _CCF2           BIT 0xda
0000            394   _CCF3           BIT 0xdb
0000            395   _CCF4           BIT 0xdc
0000            396   _CCF5           BIT 0xdd
0000            397   _CR             BIT 0xde
0000            398   _CF             BIT 0xdf
0000            399   _PARITY         BIT 0xd0
0000            400   _F1             BIT 0xd1
0000            401   _OV             BIT 0xd2
0000            402   _RS0            BIT 0xd3
0000            403   _RS1            BIT 0xd4
0000            404   _F0             BIT 0xd5
0000            405   _AC             BIT 0xd6
0000            406   _CY             BIT 0xd7
0000            407   _RI             BIT 0x98
0000            408   _TI             BIT 0x99
0000            409   _RB8            BIT 0x9a
0000            410   _TB8            BIT 0x9b
0000            411   _REN            BIT 0x9c
0000            412   _CE             BIT 0x9d
0000            413   _SMODE          BIT 0x9e
0000            414   _RI1            BIT 0xc8
0000            415   _TI1            BIT 0xc9
0000            416   _RBX1           BIT 0xca
0000            417   _TBX1           BIT 0xcb
0000            418   _REN1           BIT 0xcc
0000            419   _PERR1          BIT 0xcd
0000            420   _OVR1           BIT 0xce
0000            421   _SI             BIT 0xc0
0000            422   _ACK            BIT 0xc1
0000            423   _ARBLOST        BIT 0xc2
0000            424   _ACKRQ          BIT 0xc3
0000            425   _STO            BIT 0xc4
0000            426   _STA            BIT 0xc5
0000            427   _TXMODE         BIT 0xc6
0000            428   _MASTER         BIT 0xc7
0000            429   _SPIEN          BIT 0xf8
0000            430   _TXNF           BIT 0xf9
0000            431   _NSSMD0         BIT 0xfa
0000            432   _NSSMD1         BIT 0xfb
0000            433   _RXOVRN         BIT 0xfc
0000            434   _MODF           BIT 0xfd
0000            435   _WCOL           BIT 0xfe
0000            436   _SPIF           BIT 0xff
0000            437   _IT0            BIT 0x88
0000            438   _IE0            BIT 0x89
0000            439   _IT1            BIT 0x8a
0000            440   _IE1            BIT 0x8b
0000            441   _TR0            BIT 0x8c
0000            442   _TF0            BIT 0x8d
0000            443   _TR1            BIT 0x8e
0000            444   _TF1            BIT 0x8f
0000            445   _T2XCLK0        BIT 0xc8
0000            446   _T2XCLK1        BIT 0xc9
0000            447   _TR2            BIT 0xca
0000            448   _T2SPLIT        BIT 0xcb
0000            449   _TF2CEN         BIT 0xcc
0000            450   _TF2LEN         BIT 0xcd
0000            451   _TF2L           BIT 0xce
0000            452   _TF2H           BIT 0xcf
0000            453   _T4XCLK0        BIT 0x98
0000            454   _T4XCLK1        BIT 0x99
0000            455   _TR4            BIT 0x9a
0000            456   _T4SPLIT        BIT 0x9b
0000            457   _TF4CEN         BIT 0x9c
0000            458   _TF4LEN         BIT 0x9d
0000            459   _TF4L           BIT 0x9e
0000            460   _TF4H           BIT 0x9f
0000            461   _T5XCLK0        BIT 0xc0
0000            462   _T5XCLK1        BIT 0xc1
0000            463   _TR5            BIT 0xc2
0000            464   _T5SPLIT        BIT 0xc3
0000            465   _TF5CEN         BIT 0xc4
0000            466   _TF5LEN         BIT 0xc5
0000            467   _TF5L           BIT 0xc6
0000            468   _TF5H           BIT 0xc7
0000            469   _RIE            BIT 0xd8
0000            470   _RXTO0          BIT 0xd9
0000            471   _RXTO1          BIT 0xda
0000            472   _RFRQ           BIT 0xdb
0000            473   _TIE            BIT 0xdc
0000            474   _TXHOLD         BIT 0xdd
0000            475   _TXNF1          BIT 0xde
0000            476   _TFRQ           BIT 0xdf
0000            477   ;--------------------------------------------------------
0000            478   ; overlayable register banks
0000            479   ;--------------------------------------------------------
0000            480            rbank0 segment data overlay
0000            481   ;--------------------------------------------------------
0000            482   ; overlayable bit register bank
0000            483   ;--------------------------------------------------------
0000            484            rseg BIT_BANK
0000            485   bits:
0000            486            ds 1
0001            487            b0 equ  bits.0 
0001            488            b1 equ  bits.1 
0001            489            b2 equ  bits.2 
0001            490            b3 equ  bits.3 
0001            491            b4 equ  bits.4 
0001            492            b5 equ  bits.5 
0001            493            b6 equ  bits.6 
0001            494            b7 equ  bits.7 
0001            495   ;--------------------------------------------------------
0001            496   ; internal ram data
0001            497   ;--------------------------------------------------------
0000            498            rseg R_DSEG
0000            499   _overflow_count:
0000            500            ds 1
0001            501   _counter:
0001            502            ds 1
0002            503   _counter2:
0002            504            ds 1
0003            505   _command:
0003            506            ds 1
0004            507   _flag:
0004            508            ds 1
0005            509   _transmitting_flag:
0005            510            ds 1
0006            511   ;--------------------------------------------------------
0006            512   ; overlayable items in internal ram 
0006            513   ;--------------------------------------------------------
0000            514            rseg    R_OSEG
0000            515   ;--------------------------------------------------------
0000            516   ; indirectly addressable internal ram data
0000            517   ;--------------------------------------------------------
0000            518            rseg R_ISEG
0000            519   ;--------------------------------------------------------
0000            520   ; absolute internal ram data
0000            521   ;--------------------------------------------------------
0000            522            DSEG
0000            523   ;--------------------------------------------------------
0000            524   ; bit data
0000            525   ;--------------------------------------------------------
0000            526            rseg R_BSEG
0000            527   ;--------------------------------------------------------
0000            528   ; paged external ram data
0000            529   ;--------------------------------------------------------
0000            530            rseg R_PSEG
0000            531   ;--------------------------------------------------------
0000            532   ; external ram data
0000            533   ;--------------------------------------------------------
0000            534            rseg R_XSEG
0000            535   ;--------------------------------------------------------
0000            536   ; absolute external ram data
0000            537   ;--------------------------------------------------------
0000            538            XSEG
0000            539   ;--------------------------------------------------------
0000            540   ; external initialized ram data
0000            541   ;--------------------------------------------------------
0000            542            rseg R_IXSEG
0000            543            rseg R_HOME
0000            544            rseg R_GSINIT
0000            545            rseg R_CSEG
0000            546   ;--------------------------------------------------------
0000            547   ; Reset entry point and interrupt vectors
0000            548   ;--------------------------------------------------------
0000            549            CSEG at 0x0000
0000 020100     550            ljmp    _crt0
000B            551            CSEG at 0x000b
000B 020100     552            ljmp    _Timer0_ISR
002B            553            CSEG at 0x002b
002B 020100     554            ljmp    _Timer2_ISR
002E            555   ;--------------------------------------------------------
002E            556   ; global & static initialisations
002E            557   ;--------------------------------------------------------
0000            558            rseg R_HOME
0000            559            rseg R_GSINIT
0000            560            rseg R_GSINIT
0000            561   ;--------------------------------------------------------
0000            562   ; data variables initialization
0000            563   ;--------------------------------------------------------
0000            564            rseg R_DINIT
0000            565            ; The linker places a 'ret' at the end of segment R_DINIT.
0000            566   ;--------------------------------------------------------
0000            567   ; code
0000            568   ;--------------------------------------------------------
0000            569            rseg R_CSEG
0000            570   ;------------------------------------------------------------
0000            571   ;Allocation info for local variables in function '_c51_external_startup'
0000            572   ;------------------------------------------------------------
0000            573   ;------------------------------------------------------------
0000            574   ;        C:\Users\apoll\Documents\2nd year uni\Project course\MagBot\EM-Robot\IR_Controller\irtransmit.c:27: char _c51_external_startup (void)
0000            575   ;        -----------------------------------------
0000            576   ;         function _c51_external_startup
0000            577   ;        -----------------------------------------
0000            578   __c51_external_startup:
0000            579            using   0
0000            580   ;        C:\Users\apoll\Documents\2nd year uni\Project course\MagBot\EM-Robot\IR_Controller\irtransmit.c:30: SFRPAGE = 0x00;
0000 75A700     581            mov     _SFRPAGE,#0x00
0003            582   ;        C:\Users\apoll\Documents\2nd year uni\Project course\MagBot\EM-Robot\IR_Controller\irtransmit.c:31: WDTCN = 0xDE; //First key
0003 7597DE     583            mov     _WDTCN,#0xDE
0006            584   ;        C:\Users\apoll\Documents\2nd year uni\Project course\MagBot\EM-Robot\IR_Controller\irtransmit.c:32: WDTCN = 0xAD; //Second key
0006 7597AD     585            mov     _WDTCN,#0xAD
0009            586   ;        C:\Users\apoll\Documents\2nd year uni\Project course\MagBot\EM-Robot\IR_Controller\irtransmit.c:34: VDM0CN |= 0x80;
0009 43FF80     587            orl     _VDM0CN,#0x80
000C            588   ;        C:\Users\apoll\Documents\2nd year uni\Project course\MagBot\EM-Robot\IR_Controller\irtransmit.c:35: RSTSRC = 0x02;
000C 75EF02     589            mov     _RSTSRC,#0x02
000F            590   ;        C:\Users\apoll\Documents\2nd year uni\Project course\MagBot\EM-Robot\IR_Controller\irtransmit.c:42: SFRPAGE = 0x10;
000F 75A710     591            mov     _SFRPAGE,#0x10
0012            592   ;        C:\Users\apoll\Documents\2nd year uni\Project course\MagBot\EM-Robot\IR_Controller\irtransmit.c:43: PFE0CN  = 0x20; // SYSCLK < 75 MHz.
0012 75C120     593            mov     _PFE0CN,#0x20
0015            594   ;        C:\Users\apoll\Documents\2nd year uni\Project course\MagBot\EM-Robot\IR_Controller\irtransmit.c:44: SFRPAGE = 0x00;
0015 75A700     595            mov     _SFRPAGE,#0x00
0018            596   ;        C:\Users\apoll\Documents\2nd year uni\Project course\MagBot\EM-Robot\IR_Controller\irtransmit.c:65: CLKSEL = 0x00;
0018 75A900     597            mov     _CLKSEL,#0x00
001B            598   ;        C:\Users\apoll\Documents\2nd year uni\Project course\MagBot\EM-Robot\IR_Controller\irtransmit.c:66: CLKSEL = 0x00;
001B 75A900     599            mov     _CLKSEL,#0x00
001E            600   ;        C:\Users\apoll\Documents\2nd year uni\Project course\MagBot\EM-Robot\IR_Controller\irtransmit.c:67: while ((CLKSEL & 0x80) == 0);
001E            601   L002001?:
001E E5A9       602            mov     a,_CLKSEL
0020 30E710     603            jnb     acc.7,L002001?
0023            604   ;        C:\Users\apoll\Documents\2nd year uni\Project course\MagBot\EM-Robot\IR_Controller\irtransmit.c:68: CLKSEL = 0x03;
0023 75A903     605            mov     _CLKSEL,#0x03
0026            606   ;        C:\Users\apoll\Documents\2nd year uni\Project course\MagBot\EM-Robot\IR_Controller\irtransmit.c:69: CLKSEL = 0x03;
0026 75A903     607            mov     _CLKSEL,#0x03
0029            608   ;        C:\Users\apoll\Documents\2nd year uni\Project course\MagBot\EM-Robot\IR_Controller\irtransmit.c:70: while ((CLKSEL & 0x80) == 0);
0029            609   L002004?:
0029 E5A9       610            mov     a,_CLKSEL
002B 30E790     611            jnb     acc.7,L002004?
002E            612   ;        C:\Users\apoll\Documents\2nd year uni\Project course\MagBot\EM-Robot\IR_Controller\irtransmit.c:75: P2MDOUT|=0b_0000_0001;
002E 43A601     613            orl     _P2MDOUT,#0x01
0031            614   ;        C:\Users\apoll\Documents\2nd year uni\Project course\MagBot\EM-Robot\IR_Controller\irtransmit.c:76: P0MDOUT |= 0x10; // Enable UART0 TX as push-pull output
0031 43A410     615            orl     _P0MDOUT,#0x10
0034            616   ;        C:\Users\apoll\Documents\2nd year uni\Project course\MagBot\EM-Robot\IR_Controller\irtransmit.c:77: XBR0     = 0x01; // Enable UART0 on P0.4(TX) and P0.5(RX)                     
0034 75E101     617            mov     _XBR0,#0x01
0037            618   ;        C:\Users\apoll\Documents\2nd year uni\Project course\MagBot\EM-Robot\IR_Controller\irtransmit.c:78: XBR1     = 0X10; // Enable T0 on P0.0
0037 75E210     619            mov     _XBR1,#0x10
003A            620   ;        C:\Users\apoll\Documents\2nd year uni\Project course\MagBot\EM-Robot\IR_Controller\irtransmit.c:79: XBR2     = 0x40; // Enable crossbar and weak pull-ups
003A 75E340     621            mov     _XBR2,#0x40
003D            622   ;        C:\Users\apoll\Documents\2nd year uni\Project course\MagBot\EM-Robot\IR_Controller\irtransmit.c:85: SCON0 = 0x10;
003D 759810     623            mov     _SCON0,#0x10
0040            624   ;        C:\Users\apoll\Documents\2nd year uni\Project course\MagBot\EM-Robot\IR_Controller\irtransmit.c:86: CKCON0 |= 0b_0000_0000 ; // Timer 1 uses the system clock divided by 12.
0040 858E8E     625            mov     _CKCON0,_CKCON0
0043            626   ;        C:\Users\apoll\Documents\2nd year uni\Project course\MagBot\EM-Robot\IR_Controller\irtransmit.c:87: TH1 = 0x100-((SYSCLK/BAUDRATE)/(2L*12L));
0043 758DE6     627            mov     _TH1,#0xE6
0046            628   ;        C:\Users\apoll\Documents\2nd year uni\Project course\MagBot\EM-Robot\IR_Controller\irtransmit.c:88: TL1 = TH1;      // Init Timer1
0046 858D8B     629            mov     _TL1,_TH1
0049            630   ;        C:\Users\apoll\Documents\2nd year uni\Project course\MagBot\EM-Robot\IR_Controller\irtransmit.c:89: TMOD &= ~0xf0;  // TMOD: timer 1 in 8-bit auto-reload
0049 53890F     631            anl     _TMOD,#0x0F
004C            632   ;        C:\Users\apoll\Documents\2nd year uni\Project course\MagBot\EM-Robot\IR_Controller\irtransmit.c:90: TMOD |=  0x20;                       
004C 438920     633            orl     _TMOD,#0x20
004F            634   ;        C:\Users\apoll\Documents\2nd year uni\Project course\MagBot\EM-Robot\IR_Controller\irtransmit.c:91: TR1 = 1; // START Timer1
004F D28E       635            setb    _TR1
0051            636   ;        C:\Users\apoll\Documents\2nd year uni\Project course\MagBot\EM-Robot\IR_Controller\irtransmit.c:92: TI = 1;  // Indicate TX0 ready
0051 D299       637            setb    _TI
0053            638   ;        C:\Users\apoll\Documents\2nd year uni\Project course\MagBot\EM-Robot\IR_Controller\irtransmit.c:95: TR0=0;
0053 C28C       639            clr     _TR0
0055            640   ;        C:\Users\apoll\Documents\2nd year uni\Project course\MagBot\EM-Robot\IR_Controller\irtransmit.c:96: TF0=0;
0055 C28D       641            clr     _TF0
0057            642   ;        C:\Users\apoll\Documents\2nd year uni\Project course\MagBot\EM-Robot\IR_Controller\irtransmit.c:97: CKCON0|=0b_0000_0100; // Timer 0 uses the system clock
0057 438E04     643            orl     _CKCON0,#0x04
005A            644   ;        C:\Users\apoll\Documents\2nd year uni\Project course\MagBot\EM-Robot\IR_Controller\irtransmit.c:98: TMOD&=0xf0;
005A 5389F0     645            anl     _TMOD,#0xF0
005D            646   ;        C:\Users\apoll\Documents\2nd year uni\Project course\MagBot\EM-Robot\IR_Controller\irtransmit.c:99: TMOD|=0x01; // Timer 0 in mode 1: 16-bit timer
005D 438901     647            orl     _TMOD,#0x01
0060            648   ;        C:\Users\apoll\Documents\2nd year uni\Project course\MagBot\EM-Robot\IR_Controller\irtransmit.c:101: TMR0=65536L-(SYSCLK/(2*TIMER_0_FREQ));
0060 758AF0     649            mov     _TMR0,#0xF0
0063 758CF1     650            mov     (_TMR0 >> 8),#0xF1
0066            651   ;        C:\Users\apoll\Documents\2nd year uni\Project course\MagBot\EM-Robot\IR_Controller\irtransmit.c:102: ET0=1;     // Enable Timer0 interrupts
0066 D2A9       652            setb    _ET0
0068            653   ;        C:\Users\apoll\Documents\2nd year uni\Project course\MagBot\EM-Robot\IR_Controller\irtransmit.c:108: TMR2CN0=0x00;   // Stop Timer2; Clear TF2;
0068 75C800     654            mov     _TMR2CN0,#0x00
006B            655   ;        C:\Users\apoll\Documents\2nd year uni\Project course\MagBot\EM-Robot\IR_Controller\irtransmit.c:109: CKCON0|=0b_0001_0000;
006B 438E10     656            orl     _CKCON0,#0x10
006E            657   ;        C:\Users\apoll\Documents\2nd year uni\Project course\MagBot\EM-Robot\IR_Controller\irtransmit.c:110: TMR2RL=(-(SYSCLK/(2*DEFAULT_F))); // Initialize reload value
006E 75CA4D     658            mov     _TMR2RL,#0x4D
0071 75CBFC     659            mov     (_TMR2RL >> 8),#0xFC
0074            660   ;        C:\Users\apoll\Documents\2nd year uni\Project course\MagBot\EM-Robot\IR_Controller\irtransmit.c:111: TMR2=0xffff;   // Set to reload immediately
0074 75CEFF     661            mov     _TMR2,#0xFF
0077 75CFFF     662            mov     (_TMR2 >> 8),#0xFF
007A            663   ;        C:\Users\apoll\Documents\2nd year uni\Project course\MagBot\EM-Robot\IR_Controller\irtransmit.c:112: ET2=1;         // Enable Timer2 interrupts
007A D2AD       664            setb    _ET2
007C            665   ;        C:\Users\apoll\Documents\2nd year uni\Project course\MagBot\EM-Robot\IR_Controller\irtransmit.c:113: TR2=0;         // Start Timer2
007C C2CA       666            clr     _TR2
007E            667   ;        C:\Users\apoll\Documents\2nd year uni\Project course\MagBot\EM-Robot\IR_Controller\irtransmit.c:114: TR0=0;     // Start Timer0
007E C28C       668            clr     _TR0
0080            669   ;        C:\Users\apoll\Documents\2nd year uni\Project course\MagBot\EM-Robot\IR_Controller\irtransmit.c:115: EA=1; // Global interrupt enable
0080 D2AF       670            setb    _EA
0082            671   ;        C:\Users\apoll\Documents\2nd year uni\Project course\MagBot\EM-Robot\IR_Controller\irtransmit.c:117: return 0;
0082 758200     672            mov     dpl,#0x00
0085 22         673            ret
0086            674   ;------------------------------------------------------------
0086            675   ;Allocation info for local variables in function 'Timer3us'
0086            676   ;------------------------------------------------------------
0086            677   ;us                        Allocated to registers r2 
0086            678   ;i                         Allocated to registers r3 
0086            679   ;------------------------------------------------------------
0086            680   ;        C:\Users\apoll\Documents\2nd year uni\Project course\MagBot\EM-Robot\IR_Controller\irtransmit.c:119: void Timer3us(unsigned char us)
0086            681   ;        -----------------------------------------
0086            682   ;         function Timer3us
0086            683   ;        -----------------------------------------
0086            684   _Timer3us:
0086 AA82       685            mov     r2,dpl
0088            686   ;        C:\Users\apoll\Documents\2nd year uni\Project course\MagBot\EM-Robot\IR_Controller\irtransmit.c:124: CKCON0|=0b_0100_0000;
0088 438E40     687            orl     _CKCON0,#0x40
008B            688   ;        C:\Users\apoll\Documents\2nd year uni\Project course\MagBot\EM-Robot\IR_Controller\irtransmit.c:126: TMR3RL = (-(SYSCLK)/1000000L); // Set Timer3 to overflow in 1us.
008B 7592B8     689            mov     _TMR3RL,#0xB8
008E 7593FF     690            mov     (_TMR3RL >> 8),#0xFF
0091            691   ;        C:\Users\apoll\Documents\2nd year uni\Project course\MagBot\EM-Robot\IR_Controller\irtransmit.c:127: TMR3 = TMR3RL;                 // Initialize Timer3 for first overflow
0091 859294     692            mov     _TMR3,_TMR3RL
0094 859395     693            mov     (_TMR3 >> 8),(_TMR3RL >> 8)
0097            694   ;        C:\Users\apoll\Documents\2nd year uni\Project course\MagBot\EM-Robot\IR_Controller\irtransmit.c:129: TMR3CN0 = 0x04;                 // Start Timer3 and clear overflow flag
0097 759104     695            mov     _TMR3CN0,#0x04
009A            696   ;        C:\Users\apoll\Documents\2nd year uni\Project course\MagBot\EM-Robot\IR_Controller\irtransmit.c:130: for (i = 0; i < us; i++)       // Count <us> overflows
009A 7B00       697            mov     r3,#0x00
009C            698   L003006?:
009C C3         699            clr     c
009D EB         700            mov     a,r3
009E 9A         701            subb    a,r2
009F 5001       702            jnc     L003009?
00A1            703   ;        C:\Users\apoll\Documents\2nd year uni\Project course\MagBot\EM-Robot\IR_Controller\irtransmit.c:132: while (!(TMR3CN0 & 0x80));  // Wait for overflow
00A1            704   L003001?:
00A1 E591       705            mov     a,_TMR3CN0
00A3 30E790     706            jnb     acc.7,L003001?
00A6            707   ;        C:\Users\apoll\Documents\2nd year uni\Project course\MagBot\EM-Robot\IR_Controller\irtransmit.c:133: TMR3CN0 &= ~(0x80);         // Clear overflow indicator
00A6 53917F     708            anl     _TMR3CN0,#0x7F
00A9            709   ;        C:\Users\apoll\Documents\2nd year uni\Project course\MagBot\EM-Robot\IR_Controller\irtransmit.c:134: if (TF0)
00A9            710   ;        C:\Users\apoll\Documents\2nd year uni\Project course\MagBot\EM-Robot\IR_Controller\irtransmit.c:136: TF0=0;
00A9 108DD0     711            jbc     _TF0,L003019?
00AC 8001       712            sjmp    L003008?
00AE            713   L003019?:
00AE            714   ;        C:\Users\apoll\Documents\2nd year uni\Project course\MagBot\EM-Robot\IR_Controller\irtransmit.c:137: overflow_count++;
00AE 05E0       715            inc     _overflow_count
00B0            716   L003008?:
00B0            717   ;        C:\Users\apoll\Documents\2nd year uni\Project course\MagBot\EM-Robot\IR_Controller\irtransmit.c:130: for (i = 0; i < us; i++)       // Count <us> overflows
00B0 0B         718            inc     r3
00B1 8001       719            sjmp    L003006?
00B3            720   L003009?:
00B3            721   ;        C:\Users\apoll\Documents\2nd year uni\Project course\MagBot\EM-Robot\IR_Controller\irtransmit.c:140: TMR3CN0 = 0 ;                   // Stop Timer3 and clear overflow flag
00B3 759100     722            mov     _TMR3CN0,#0x00
00B6 22         723            ret
00B7            724   ;------------------------------------------------------------
00B7            725   ;Allocation info for local variables in function 'Timer2_ISR'
00B7            726   ;------------------------------------------------------------
00B7            727   ;------------------------------------------------------------
00B7            728   ;        C:\Users\apoll\Documents\2nd year uni\Project course\MagBot\EM-Robot\IR_Controller\irtransmit.c:143: void Timer2_ISR (void) interrupt INTERRUPT_TIMER2
00B7            729   ;        -----------------------------------------
00B7            730   ;         function Timer2_ISR
00B7            731   ;        -----------------------------------------
00B7            732   _Timer2_ISR:
00B7            733   ;        C:\Users\apoll\Documents\2nd year uni\Project course\MagBot\EM-Robot\IR_Controller\irtransmit.c:145: TF2H = 0; // Clear Timer2 interrupt flag
00B7 C2CF       734            clr     _TF2H
00B9            735   ;        C:\Users\apoll\Documents\2nd year uni\Project course\MagBot\EM-Robot\IR_Controller\irtransmit.c:147: OUT0= !OUT0;       
00B9 B2A0       736            cpl     _P2_0
00BB 32         737            reti
00BC            738   ;        eliminated unneeded push/pop psw
00BC            739   ;        eliminated unneeded push/pop dpl
00BC            740   ;        eliminated unneeded push/pop dph
00BC            741   ;        eliminated unneeded push/pop b
00BC            742   ;        eliminated unneeded push/pop acc
00BC            743   ;------------------------------------------------------------
00BC            744   ;Allocation info for local variables in function 'Timer0_ISR'
00BC            745   ;------------------------------------------------------------
00BC            746   ;------------------------------------------------------------
00BC            747   ;        C:\Users\apoll\Documents\2nd year uni\Project course\MagBot\EM-Robot\IR_Controller\irtransmit.c:149: void Timer0_ISR (void) interrupt INTERRUPT_TIMER0
00BC            748   ;        -----------------------------------------
00BC            749   ;         function Timer0_ISR
00BC            750   ;        -----------------------------------------
00BC            751   _Timer0_ISR:
00BC C0D0       752            push    bits
00BE C0E0       753            push    acc
00C0 C0F0       754            push    b
00C2 C082       755            push    dpl
00C4 C083       756            push    dph
00C6 C002       757            push    (0+2)
00C8 C003       758            push    (0+3)
00CA C004       759            push    (0+4)
00CC C005       760            push    (0+5)
00CE C006       761            push    (0+6)
00D0 C007       762            push    (0+7)
00D2 C000       763            push    (0+0)
00D4 C001       764            push    (0+1)
00D6 C0D0       765            push    psw
00D8 75D000     766            mov     psw,#0x00
00DB            767   ;        C:\Users\apoll\Documents\2nd year uni\Project course\MagBot\EM-Robot\IR_Controller\irtransmit.c:151: SFRPAGE=0x0;
00DB 75A700     768            mov     _SFRPAGE,#0x00
00DE            769   ;        C:\Users\apoll\Documents\2nd year uni\Project course\MagBot\EM-Robot\IR_Controller\irtransmit.c:153: TMR0=0x10000L-(SYSCLK/(2*TIMER_0_FREQ));
00DE 758AF0     770            mov     _TMR0,#0xF0
00E1 758CF1     771            mov     (_TMR0 >> 8),#0xF1
00E4            772   ;        C:\Users\apoll\Documents\2nd year uni\Project course\MagBot\EM-Robot\IR_Controller\irtransmit.c:154: counter++;
00E4 05A0       773            inc     _counter
00E6            774   ;        C:\Users\apoll\Documents\2nd year uni\Project course\MagBot\EM-Robot\IR_Controller\irtransmit.c:155: if(command == 2 && counter == 26)
00E6 7402       775            mov     a,#0x02
00E8 B52010     776            cjne    a,_command,L005002?
00EB 741A       777            mov     a,#0x1A
00ED B5A010     778            cjne    a,_counter,L005002?
00F0            779   ;        C:\Users\apoll\Documents\2nd year uni\Project course\MagBot\EM-Robot\IR_Controller\irtransmit.c:157: TMR2CN0=0x00;
00F0 75C800     780            mov     _TMR2CN0,#0x00
00F3            781   ;        C:\Users\apoll\Documents\2nd year uni\Project course\MagBot\EM-Robot\IR_Controller\irtransmit.c:158: command = 0;
00F3 752000     782            mov     _command,#0x00
00F6            783   ;        C:\Users\apoll\Documents\2nd year uni\Project course\MagBot\EM-Robot\IR_Controller\irtransmit.c:159: counter = 0;
00F6 75A000     784            mov     _counter,#0x00
00F9            785   ;        C:\Users\apoll\Documents\2nd year uni\Project course\MagBot\EM-Robot\IR_Controller\irtransmit.c:160: TR0=0; 
00F9 C28C       786            clr     _TR0
00FB            787   ;        C:\Users\apoll\Documents\2nd year uni\Project course\MagBot\EM-Robot\IR_Controller\irtransmit.c:161: TR2=0;
00FB C2CA       788            clr     _TR2
00FD            789   ;        C:\Users\apoll\Documents\2nd year uni\Project course\MagBot\EM-Robot\IR_Controller\irtransmit.c:162: OUT0= 0;
00FD C2A0       790            clr     _P2_0
00FF            791   ;        C:\Users\apoll\Documents\2nd year uni\Project course\MagBot\EM-Robot\IR_Controller\irtransmit.c:163: Timer3us(200);
00FF 7582C8     792            mov     dpl,#0xC8
0102 120100     793            lcall   _Timer3us
0105            794   ;        C:\Users\apoll\Documents\2nd year uni\Project course\MagBot\EM-Robot\IR_Controller\irtransmit.c:164: Timer3us(200);
0105 7582C8     795            mov     dpl,#0xC8
0108 120100     796            lcall   _Timer3us
010B            797   ;        C:\Users\apoll\Documents\2nd year uni\Project course\MagBot\EM-Robot\IR_Controller\irtransmit.c:165: transmitting_flag = 0; 
010B 75A000     798            mov     _transmitting_flag,#0x00
010E            799   L005002?:
010E            800   ;        C:\Users\apoll\Documents\2nd year uni\Project course\MagBot\EM-Robot\IR_Controller\irtransmit.c:167: if(command == 3 && counter == 23)
010E 7403       801            mov     a,#0x03
0110 B52050     802            cjne    a,_command,L005005?
0113 7417       803            mov     a,#0x17
0115 B5A050     804            cjne    a,_counter,L005005?
0118            805   ;        C:\Users\apoll\Documents\2nd year uni\Project course\MagBot\EM-Robot\IR_Controller\irtransmit.c:169: TMR2CN0=0x00;
0118 75C800     806            mov     _TMR2CN0,#0x00
011B            807   ;        C:\Users\apoll\Documents\2nd year uni\Project course\MagBot\EM-Robot\IR_Controller\irtransmit.c:170: command = 0;
011B 752000     808            mov     _command,#0x00
011E            809   ;        C:\Users\apoll\Documents\2nd year uni\Project course\MagBot\EM-Robot\IR_Controller\irtransmit.c:171: counter = 0;
011E 75A000     810            mov     _counter,#0x00
0121            811   ;        C:\Users\apoll\Documents\2nd year uni\Project course\MagBot\EM-Robot\IR_Controller\irtransmit.c:172: TR0=0; 
0121 C28C       812            clr     _TR0
0123            813   ;        C:\Users\apoll\Documents\2nd year uni\Project course\MagBot\EM-Robot\IR_Controller\irtransmit.c:173: TR2=0;
0123 C2CA       814            clr     _TR2
0125            815   ;        C:\Users\apoll\Documents\2nd year uni\Project course\MagBot\EM-Robot\IR_Controller\irtransmit.c:174: OUT0= 0;
0125 C2A0       816            clr     _P2_0
0127            817   ;        C:\Users\apoll\Documents\2nd year uni\Project course\MagBot\EM-Robot\IR_Controller\irtransmit.c:175: Timer3us(200);
0127 7582C8     818            mov     dpl,#0xC8
012A 120100     819            lcall   _Timer3us
012D            820   ;        C:\Users\apoll\Documents\2nd year uni\Project course\MagBot\EM-Robot\IR_Controller\irtransmit.c:176: Timer3us(200);
012D 7582C8     821            mov     dpl,#0xC8
0130 120100     822            lcall   _Timer3us
0133            823   ;        C:\Users\apoll\Documents\2nd year uni\Project course\MagBot\EM-Robot\IR_Controller\irtransmit.c:177: Timer3us(200);
0133 7582C8     824            mov     dpl,#0xC8
0136 120100     825            lcall   _Timer3us
0139            826   ;        C:\Users\apoll\Documents\2nd year uni\Project course\MagBot\EM-Robot\IR_Controller\irtransmit.c:178: Timer3us(100); 
0139 758264     827            mov     dpl,#0x64
013C 120100     828            lcall   _Timer3us
013F            829   ;        C:\Users\apoll\Documents\2nd year uni\Project course\MagBot\EM-Robot\IR_Controller\irtransmit.c:179: transmitting_flag = 0;
013F 75A000     830            mov     _transmitting_flag,#0x00
0142            831   L005005?:
0142            832   ;        C:\Users\apoll\Documents\2nd year uni\Project course\MagBot\EM-Robot\IR_Controller\irtransmit.c:181: if(command == 4 && counter == 20)
0142 7404       833            mov     a,#0x04
0144 B52090     834            cjne    a,_command,L005008?
0147 7414       835            mov     a,#0x14
0149 B5A090     836            cjne    a,_counter,L005008?
014C            837   ;        C:\Users\apoll\Documents\2nd year uni\Project course\MagBot\EM-Robot\IR_Controller\irtransmit.c:183: TMR2CN0=0x00;
014C 75C800     838            mov     _TMR2CN0,#0x00
014F            839   ;        C:\Users\apoll\Documents\2nd year uni\Project course\MagBot\EM-Robot\IR_Controller\irtransmit.c:184: command = 0;
014F 752000     840            mov     _command,#0x00
0152            841   ;        C:\Users\apoll\Documents\2nd year uni\Project course\MagBot\EM-Robot\IR_Controller\irtransmit.c:185: counter = 0;
0152 75A000     842            mov     _counter,#0x00
0155            843   ;        C:\Users\apoll\Documents\2nd year uni\Project course\MagBot\EM-Robot\IR_Controller\irtransmit.c:186: TR0=0; 
0155 C28C       844            clr     _TR0
0157            845   ;        C:\Users\apoll\Documents\2nd year uni\Project course\MagBot\EM-Robot\IR_Controller\irtransmit.c:187: TR2=0; 
0157 C2CA       846            clr     _TR2
0159            847   ;        C:\Users\apoll\Documents\2nd year uni\Project course\MagBot\EM-Robot\IR_Controller\irtransmit.c:188: OUT0= 0;
0159 C2A0       848            clr     _P2_0
015B            849   ;        C:\Users\apoll\Documents\2nd year uni\Project course\MagBot\EM-Robot\IR_Controller\irtransmit.c:189: Timer3us(200);
015B 7582C8     850            mov     dpl,#0xC8
015E 120100     851            lcall   _Timer3us
0161            852   ;        C:\Users\apoll\Documents\2nd year uni\Project course\MagBot\EM-Robot\IR_Controller\irtransmit.c:190: Timer3us(200);
0161 7582C8     853            mov     dpl,#0xC8
0164 120100     854            lcall   _Timer3us
0167            855   ;        C:\Users\apoll\Documents\2nd year uni\Project course\MagBot\EM-Robot\IR_Controller\irtransmit.c:191: Timer3us(200);
0167 7582C8     856            mov     dpl,#0xC8
016A 120100     857            lcall   _Timer3us
016D            858   ;        C:\Users\apoll\Documents\2nd year uni\Project course\MagBot\EM-Robot\IR_Controller\irtransmit.c:192: Timer3us(200);
016D 7582C8     859            mov     dpl,#0xC8
0170 120100     860            lcall   _Timer3us
0173            861   ;        C:\Users\apoll\Documents\2nd year uni\Project course\MagBot\EM-Robot\IR_Controller\irtransmit.c:193: Timer3us(200);
0173 7582C8     862            mov     dpl,#0xC8
0176 120100     863            lcall   _Timer3us
0179            864   ;        C:\Users\apoll\Documents\2nd year uni\Project course\MagBot\EM-Robot\IR_Controller\irtransmit.c:194: transmitting_flag = 0;
0179 75A000     865            mov     _transmitting_flag,#0x00
017C            866   L005008?:
017C            867   ;        C:\Users\apoll\Documents\2nd year uni\Project course\MagBot\EM-Robot\IR_Controller\irtransmit.c:196: if(command == 5 && counter == 17)
017C 7405       868            mov     a,#0x05
017E B520D0     869            cjne    a,_command,L005013?
0181 7411       870            mov     a,#0x11
0183 B5A0D0     871            cjne    a,_counter,L005013?
0186            872   ;        C:\Users\apoll\Documents\2nd year uni\Project course\MagBot\EM-Robot\IR_Controller\irtransmit.c:198: TMR2CN0=0x00;
0186 75C800     873            mov     _TMR2CN0,#0x00
0189            874   ;        C:\Users\apoll\Documents\2nd year uni\Project course\MagBot\EM-Robot\IR_Controller\irtransmit.c:199: command = 0;
0189 752000     875            mov     _command,#0x00
018C            876   ;        C:\Users\apoll\Documents\2nd year uni\Project course\MagBot\EM-Robot\IR_Controller\irtransmit.c:200: counter = 0;
018C 75A000     877            mov     _counter,#0x00
018F            878   ;        C:\Users\apoll\Documents\2nd year uni\Project course\MagBot\EM-Robot\IR_Controller\irtransmit.c:201: TR0=0; 
018F C28C       879            clr     _TR0
0191            880   ;        C:\Users\apoll\Documents\2nd year uni\Project course\MagBot\EM-Robot\IR_Controller\irtransmit.c:202: TR2=0;
0191 C2CA       881            clr     _TR2
0193            882   ;        C:\Users\apoll\Documents\2nd year uni\Project course\MagBot\EM-Robot\IR_Controller\irtransmit.c:203: OUT0= 0; 
0193 C2A0       883            clr     _P2_0
0195            884   ;        C:\Users\apoll\Documents\2nd year uni\Project course\MagBot\EM-Robot\IR_Controller\irtransmit.c:204: Timer3us(200);
0195 7582C8     885            mov     dpl,#0xC8
0198 120100     886            lcall   _Timer3us
019B            887   ;        C:\Users\apoll\Documents\2nd year uni\Project course\MagBot\EM-Robot\IR_Controller\irtransmit.c:205: Timer3us(200);
019B 7582C8     888            mov     dpl,#0xC8
019E 120100     889            lcall   _Timer3us
01A1            890   ;        C:\Users\apoll\Documents\2nd year uni\Project course\MagBot\EM-Robot\IR_Controller\irtransmit.c:206: Timer3us(200);
01A1 7582C8     891            mov     dpl,#0xC8
01A4 120100     892            lcall   _Timer3us
01A7            893   ;        C:\Users\apoll\Documents\2nd year uni\Project course\MagBot\EM-Robot\IR_Controller\irtransmit.c:207: Timer3us(200);
01A7 7582C8     894            mov     dpl,#0xC8
01AA 120100     895            lcall   _Timer3us
01AD            896   ;        C:\Users\apoll\Documents\2nd year uni\Project course\MagBot\EM-Robot\IR_Controller\irtransmit.c:208: Timer3us(200);
01AD 7582C8     897            mov     dpl,#0xC8
01B0 120100     898            lcall   _Timer3us
01B3            899   ;        C:\Users\apoll\Documents\2nd year uni\Project course\MagBot\EM-Robot\IR_Controller\irtransmit.c:209: Timer3us(200);
01B3 7582C8     900            mov     dpl,#0xC8
01B6 120100     901            lcall   _Timer3us
01B9            902   ;        C:\Users\apoll\Documents\2nd year uni\Project course\MagBot\EM-Robot\IR_Controller\irtransmit.c:210: Timer3us(100);     
01B9 758264     903            mov     dpl,#0x64
01BC 120100     904            lcall   _Timer3us
01BF            905   ;        C:\Users\apoll\Documents\2nd year uni\Project course\MagBot\EM-Robot\IR_Controller\irtransmit.c:211: transmitting_flag = 0;                     
01BF 75A000     906            mov     _transmitting_flag,#0x00
01C2            907   L005013?:
01C2 D0D0       908            pop     psw
01C4 D001       909            pop     (0+1)
01C6 D000       910            pop     (0+0)
01C8 D007       911            pop     (0+7)
01CA D006       912            pop     (0+6)
01CC D005       913            pop     (0+5)
01CE D004       914            pop     (0+4)
01D0 D003       915            pop     (0+3)
01D2 D002       916            pop     (0+2)
01D4 D083       917            pop     dph
01D6 D082       918            pop     dpl
01D8 D0F0       919            pop     b
01DA D0E0       920            pop     acc
01DC D0D0       921            pop     bits
01DE 32         922            reti
01DF            923   ;------------------------------------------------------------
01DF            924   ;Allocation info for local variables in function 'main'
01DF            925   ;------------------------------------------------------------
01DF            926   ;------------------------------------------------------------
01DF            927   ;        C:\Users\apoll\Documents\2nd year uni\Project course\MagBot\EM-Robot\IR_Controller\irtransmit.c:217: void main (void)
01DF            928   ;        -----------------------------------------
01DF            929   ;         function main
01DF            930   ;        -----------------------------------------
01DF            931   _main:
01DF            932   ;        C:\Users\apoll\Documents\2nd year uni\Project course\MagBot\EM-Robot\IR_Controller\irtransmit.c:219: command1 = 1;
01DF D2A1       933            setb    _P2_1
01E1            934   ;        C:\Users\apoll\Documents\2nd year uni\Project course\MagBot\EM-Robot\IR_Controller\irtransmit.c:220: command2 = 1;
01E1 D2A2       935            setb    _P2_2
01E3            936   ;        C:\Users\apoll\Documents\2nd year uni\Project course\MagBot\EM-Robot\IR_Controller\irtransmit.c:221: command3 = 1;
01E3 D2A3       937            setb    _P2_3
01E5            938   ;        C:\Users\apoll\Documents\2nd year uni\Project course\MagBot\EM-Robot\IR_Controller\irtransmit.c:222: command4 = 1;
01E5 D2A4       939            setb    _P2_4
01E7            940   ;        C:\Users\apoll\Documents\2nd year uni\Project course\MagBot\EM-Robot\IR_Controller\irtransmit.c:223: printf("\x1b[2J"); // Clear screen using ANSI escape sequence.
01E7 7410       941            mov     a,#__str_0
01E9 C0E0       942            push    acc
01EB 74BA       943            mov     a,#(__str_0 >> 8)
01ED C0E0       944            push    acc
01EF 7480       945            mov     a,#0x80
01F1 C0E0       946            push    acc
01F3 120100     947            lcall   _printf
01F6 1581       948            dec     sp
01F8 1581       949            dec     sp
01FA 1581       950            dec     sp
01FC            951   ;        C:\Users\apoll\Documents\2nd year uni\Project course\MagBot\EM-Robot\IR_Controller\irtransmit.c:225: "Check pins P2.0 and P2.1 with the oscilloscope.\r\n");
01FC 74D0       952            mov     a,#__str_1
01FE C0E0       953            push    acc
0200 74BA       954            mov     a,#(__str_1 >> 8)
0202 C0E0       955            push    acc
0204 7480       956            mov     a,#0x80
0206 C0E0       957            push    acc
0208 120100     958            lcall   _printf
020B 1581       959            dec     sp
020D 1581       960            dec     sp
020F 1581       961            dec     sp
0211            962   ;        C:\Users\apoll\Documents\2nd year uni\Project course\MagBot\EM-Robot\IR_Controller\irtransmit.c:227: TR2=0; 
0211 C2CA       963            clr     _TR2
0213            964   ;        C:\Users\apoll\Documents\2nd year uni\Project course\MagBot\EM-Robot\IR_Controller\irtransmit.c:229: while(1)
0213            965   L006013?:
0213            966   ;        C:\Users\apoll\Documents\2nd year uni\Project course\MagBot\EM-Robot\IR_Controller\irtransmit.c:232: if(command1 == 0)
0213 20A150     967            jb      _P2_1,L006002?
0216            968   ;        C:\Users\apoll\Documents\2nd year uni\Project course\MagBot\EM-Robot\IR_Controller\irtransmit.c:235: command = 2;
0216 752002     969            mov     _command,#0x02
0219            970   ;        C:\Users\apoll\Documents\2nd year uni\Project course\MagBot\EM-Robot\IR_Controller\irtransmit.c:236: counter2 =0;
0219 756000     971            mov     _counter2,#0x00
021C            972   ;        C:\Users\apoll\Documents\2nd year uni\Project course\MagBot\EM-Robot\IR_Controller\irtransmit.c:237: counter =0;
021C 75A000     973            mov     _counter,#0x00
021F            974   ;        C:\Users\apoll\Documents\2nd year uni\Project course\MagBot\EM-Robot\IR_Controller\irtransmit.c:238: TR2=1;
021F D2CA       975            setb    _TR2
0221            976   ;        C:\Users\apoll\Documents\2nd year uni\Project course\MagBot\EM-Robot\IR_Controller\irtransmit.c:239: TR0=1;
0221 D28C       977            setb    _TR0
0223            978   ;        C:\Users\apoll\Documents\2nd year uni\Project course\MagBot\EM-Robot\IR_Controller\irtransmit.c:240: transmitting_flag = 1; 
0223 75A001     979            mov     _transmitting_flag,#0x01
0226            980   L006002?:
0226            981   ;        C:\Users\apoll\Documents\2nd year uni\Project course\MagBot\EM-Robot\IR_Controller\irtransmit.c:242: if(command2 == 0)
0226 20A290     982            jb      _P2_2,L006004?
0229            983   ;        C:\Users\apoll\Documents\2nd year uni\Project course\MagBot\EM-Robot\IR_Controller\irtransmit.c:245: command = 3;
0229 752003     984            mov     _command,#0x03
022C            985   ;        C:\Users\apoll\Documents\2nd year uni\Project course\MagBot\EM-Robot\IR_Controller\irtransmit.c:246: counter =0;
022C 75A000     986            mov     _counter,#0x00
022F            987   ;        C:\Users\apoll\Documents\2nd year uni\Project course\MagBot\EM-Robot\IR_Controller\irtransmit.c:247: counter2 =0;
022F 756000     988            mov     _counter2,#0x00
0232            989   ;        C:\Users\apoll\Documents\2nd year uni\Project course\MagBot\EM-Robot\IR_Controller\irtransmit.c:248: TR2=1;
0232 D2CA       990            setb    _TR2
0234            991   ;        C:\Users\apoll\Documents\2nd year uni\Project course\MagBot\EM-Robot\IR_Controller\irtransmit.c:249: TR0=1; 
0234 D28C       992            setb    _TR0
0236            993   ;        C:\Users\apoll\Documents\2nd year uni\Project course\MagBot\EM-Robot\IR_Controller\irtransmit.c:250: transmitting_flag = 1;
0236 75A001     994            mov     _transmitting_flag,#0x01
0239            995   L006004?:
0239            996   ;        C:\Users\apoll\Documents\2nd year uni\Project course\MagBot\EM-Robot\IR_Controller\irtransmit.c:252: if(command3 == 0)
0239 20A3D0     997            jb      _P2_3,L006006?
023C            998   ;        C:\Users\apoll\Documents\2nd year uni\Project course\MagBot\EM-Robot\IR_Controller\irtransmit.c:255: command = 4;
023C 752004     999            mov     _command,#0x04
023F           1000   ;        C:\Users\apoll\Documents\2nd year uni\Project course\MagBot\EM-Robot\IR_Controller\irtransmit.c:256: counter =0;
023F 75A000    1001            mov     _counter,#0x00
0242           1002   ;        C:\Users\apoll\Documents\2nd year uni\Project course\MagBot\EM-Robot\IR_Controller\irtransmit.c:257: counter2 =0;
0242 756000    1003            mov     _counter2,#0x00
0245           1004   ;        C:\Users\apoll\Documents\2nd year uni\Project course\MagBot\EM-Robot\IR_Controller\irtransmit.c:258: TR2=1;
0245 D2CA      1005            setb    _TR2
0247           1006   ;        C:\Users\apoll\Documents\2nd year uni\Project course\MagBot\EM-Robot\IR_Controller\irtransmit.c:259: TR0=1; 
0247 D28C      1007            setb    _TR0
0249           1008   ;        C:\Users\apoll\Documents\2nd year uni\Project course\MagBot\EM-Robot\IR_Controller\irtransmit.c:260: transmitting_flag = 1;
0249 75A001    1009            mov     _transmitting_flag,#0x01
024C           1010   L006006?:
024C           1011   ;        C:\Users\apoll\Documents\2nd year uni\Project course\MagBot\EM-Robot\IR_Controller\irtransmit.c:262: if(command4 == 0)
024C 20A410    1012            jb      _P2_4,L006009?
024F           1013   ;        C:\Users\apoll\Documents\2nd year uni\Project course\MagBot\EM-Robot\IR_Controller\irtransmit.c:265: command = 5;
024F 752005    1014            mov     _command,#0x05
0252           1015   ;        C:\Users\apoll\Documents\2nd year uni\Project course\MagBot\EM-Robot\IR_Controller\irtransmit.c:266: counter =0;
0252 75A000    1016            mov     _counter,#0x00
0255           1017   ;        C:\Users\apoll\Documents\2nd year uni\Project course\MagBot\EM-Robot\IR_Controller\irtransmit.c:267: counter2 =0;
0255 756000    1018            mov     _counter2,#0x00
0258           1019   ;        C:\Users\apoll\Documents\2nd year uni\Project course\MagBot\EM-Robot\IR_Controller\irtransmit.c:268: TR2=1;
0258 D2CA      1020            setb    _TR2
025A           1021   ;        C:\Users\apoll\Documents\2nd year uni\Project course\MagBot\EM-Robot\IR_Controller\irtransmit.c:269: TR0=1;
025A D28C      1022            setb    _TR0
025C           1023   ;        C:\Users\apoll\Documents\2nd year uni\Project course\MagBot\EM-Robot\IR_Controller\irtransmit.c:270: transmitting_flag = 1; 
025C 75A001    1024            mov     _transmitting_flag,#0x01
025F           1025   ;        C:\Users\apoll\Documents\2nd year uni\Project course\MagBot\EM-Robot\IR_Controller\irtransmit.c:272: while(transmitting_flag==1);
025F           1026   L006009?:
025F 7401      1027            mov     a,#0x01
0261 B5A010    1028            cjne    a,_transmitting_flag,L006013?
0264 8001      1029            sjmp    L006009?
0266           1030            rseg R_CSEG
0266           1031   
0000           1032            rseg R_XINIT
0000           1033   
0000           1034            rseg R_CONST
0000           1035   __str_0:
0000 1B        1036            db 0x1B
0001 5B324A    1037            db '[2J'
0004 00        1038            db 0x00
0005           1039   __str_1:
0005 56617269  1040            db 'Variable frequency generator for the EFM8LB1.'
     61626C65
     20667265
     7175656E
     63792067
     656E6572
     61746F72
     20666F72
     20746865
     2045464D
     384C4231
     2E
0032 0D        1041            db 0x0D
0033 0A        1042            db 0x0A
0034 43686563  1043            db 'Check pins P2'
     6B207069
     6E732050
     32
0041 2E302061  1044            db '.0 and P2.1 with the oscilloscope.'
     6E642050
     322E3120
     77697468
     20746865
     206F7363
     696C6C6F
     73636F70
     652E
0063 0D        1045            db 0x0D
0064 0A        1046            db 0x0A
0065 00        1047            db 0x00
0066           1048   
002E           1049            CSEG
002E           1050   
002E           1051   end
