0000              1   ;--------------------------------------------------------
0000              2   ; File Created by C51
0000              3   ; Version 1.0.0 #1069 (Apr 23 2015) (MSVC)
0000              4   ; This file was generated Sun Apr 01 21:40:48 2018
0000              5   ;--------------------------------------------------------
                  5   $name Transmitter_Code
                  6   $optc51 --model-small
0000              8            R_DSEG    segment data
0000              9            R_CSEG    segment code
0000             10            R_BSEG    segment bit
0000             11            R_XSEG    segment xdata
0000             12            R_PSEG    segment xdata
0000             13            R_ISEG    segment idata
0000             14            R_OSEG    segment data overlay
0000             15            BIT_BANK  segment data overlay
0000             16            R_HOME    segment code
0000             17            R_GSINIT  segment code
0000             18            R_IXSEG   segment xdata
0000             19            R_CONST   segment code
0000             20            R_XINIT   segment code
0000             21            R_DINIT   segment code
0000             22   
0000             23   ;--------------------------------------------------------
0000             24   ; Public variables in this module
0000             25   ;--------------------------------------------------------
0000             26            public _InitPinADC_PARM_2
0000             27            public _main
0000             28            public _sendOnes
0000             29            public _sendMessage
0000             30            public _sendCommand
0000             31            public _sendOne
0000             32            public _sendZero
0000             33            public _Volts_at_Pin
0000             34            public _ADC_at_Pin
0000             35            public _InitPinADC
0000             36            public _InitADC
0000             37            public _Timer2_ISR
0000             38            public _waitms
0000             39            public _Timer3us
0000             40            public __c51_external_startup
0000             41            public _on_off
0000             42            public _sendMessage_PARM_4
0000             43            public _sendMessage_PARM_3
0000             44            public _sendMessage_PARM_2
0000             45            public _overflow_count
0000             46   ;--------------------------------------------------------
0000             47   ; Special Function Registers
0000             48   ;--------------------------------------------------------
0000             49   _ACC            DATA 0xe0
0000             50   _ADC0ASAH       DATA 0xb6
0000             51   _ADC0ASAL       DATA 0xb5
0000             52   _ADC0ASCF       DATA 0xa1
0000             53   _ADC0ASCT       DATA 0xc7
0000             54   _ADC0CF0        DATA 0xbc
0000             55   _ADC0CF1        DATA 0xb9
0000             56   _ADC0CF2        DATA 0xdf
0000             57   _ADC0CN0        DATA 0xe8
0000             58   _ADC0CN1        DATA 0xb2
0000             59   _ADC0CN2        DATA 0xb3
0000             60   _ADC0GTH        DATA 0xc4
0000             61   _ADC0GTL        DATA 0xc3
0000             62   _ADC0H          DATA 0xbe
0000             63   _ADC0L          DATA 0xbd
0000             64   _ADC0LTH        DATA 0xc6
0000             65   _ADC0LTL        DATA 0xc5
0000             66   _ADC0MX         DATA 0xbb
0000             67   _B              DATA 0xf0
0000             68   _CKCON0         DATA 0x8e
0000             69   _CKCON1         DATA 0xa6
0000             70   _CLEN0          DATA 0xc6
0000             71   _CLIE0          DATA 0xc7
0000             72   _CLIF0          DATA 0xe8
0000             73   _CLKSEL         DATA 0xa9
0000             74   _CLOUT0         DATA 0xd1
0000             75   _CLU0CF         DATA 0xb1
0000             76   _CLU0FN         DATA 0xaf
0000             77   _CLU0MX         DATA 0x84
0000             78   _CLU1CF         DATA 0xb3
0000             79   _CLU1FN         DATA 0xb2
0000             80   _CLU1MX         DATA 0x85
0000             81   _CLU2CF         DATA 0xb6
0000             82   _CLU2FN         DATA 0xb5
0000             83   _CLU2MX         DATA 0x91
0000             84   _CLU3CF         DATA 0xbf
0000             85   _CLU3FN         DATA 0xbe
0000             86   _CLU3MX         DATA 0xae
0000             87   _CMP0CN0        DATA 0x9b
0000             88   _CMP0CN1        DATA 0x99
0000             89   _CMP0MD         DATA 0x9d
0000             90   _CMP0MX         DATA 0x9f
0000             91   _CMP1CN0        DATA 0xbf
0000             92   _CMP1CN1        DATA 0xac
0000             93   _CMP1MD         DATA 0xab
0000             94   _CMP1MX         DATA 0xaa
0000             95   _CRC0CN0        DATA 0xce
0000             96   _CRC0CN1        DATA 0x86
0000             97   _CRC0CNT        DATA 0xd3
0000             98   _CRC0DAT        DATA 0xcb
0000             99   _CRC0FLIP       DATA 0xcf
0000            100   _CRC0IN         DATA 0xca
0000            101   _CRC0ST         DATA 0xd2
0000            102   _DAC0CF0        DATA 0x91
0000            103   _DAC0CF1        DATA 0x92
0000            104   _DAC0H          DATA 0x85
0000            105   _DAC0L          DATA 0x84
0000            106   _DAC1CF0        DATA 0x93
0000            107   _DAC1CF1        DATA 0x94
0000            108   _DAC1H          DATA 0x8a
0000            109   _DAC1L          DATA 0x89
0000            110   _DAC2CF0        DATA 0x95
0000            111   _DAC2CF1        DATA 0x96
0000            112   _DAC2H          DATA 0x8c
0000            113   _DAC2L          DATA 0x8b
0000            114   _DAC3CF0        DATA 0x9a
0000            115   _DAC3CF1        DATA 0x9c
0000            116   _DAC3H          DATA 0x8e
0000            117   _DAC3L          DATA 0x8d
0000            118   _DACGCF0        DATA 0x88
0000            119   _DACGCF1        DATA 0x98
0000            120   _DACGCF2        DATA 0xa2
0000            121   _DERIVID        DATA 0xad
0000            122   _DEVICEID       DATA 0xb5
0000            123   _DPH            DATA 0x83
0000            124   _DPL            DATA 0x82
0000            125   _EIE1           DATA 0xe6
0000            126   _EIE2           DATA 0xf3
0000            127   _EIP1           DATA 0xbb
0000            128   _EIP1H          DATA 0xee
0000            129   _EIP2           DATA 0xed
0000            130   _EIP2H          DATA 0xf6
0000            131   _EMI0CN         DATA 0xe7
0000            132   _FLKEY          DATA 0xb7
0000            133   _HFO0CAL        DATA 0xc7
0000            134   _HFO1CAL        DATA 0xd6
0000            135   _HFOCN          DATA 0xef
0000            136   _I2C0ADM        DATA 0xff
0000            137   _I2C0CN0        DATA 0xba
0000            138   _I2C0DIN        DATA 0xbc
0000            139   _I2C0DOUT       DATA 0xbb
0000            140   _I2C0FCN0       DATA 0xad
0000            141   _I2C0FCN1       DATA 0xab
0000            142   _I2C0FCT        DATA 0xf5
0000            143   _I2C0SLAD       DATA 0xbd
0000            144   _I2C0STAT       DATA 0xb9
0000            145   _IE             DATA 0xa8
0000            146   _IP             DATA 0xb8
0000            147   _IPH            DATA 0xf2
0000            148   _IT01CF         DATA 0xe4
0000            149   _LFO0CN         DATA 0xb1
0000            150   _P0             DATA 0x80
0000            151   _P0MASK         DATA 0xfe
0000            152   _P0MAT          DATA 0xfd
0000            153   _P0MDIN         DATA 0xf1
0000            154   _P0MDOUT        DATA 0xa4
0000            155   _P0SKIP         DATA 0xd4
0000            156   _P1             DATA 0x90
0000            157   _P1MASK         DATA 0xee
0000            158   _P1MAT          DATA 0xed
0000            159   _P1MDIN         DATA 0xf2
0000            160   _P1MDOUT        DATA 0xa5
0000            161   _P1SKIP         DATA 0xd5
0000            162   _P2             DATA 0xa0
0000            163   _P2MASK         DATA 0xfc
0000            164   _P2MAT          DATA 0xfb
0000            165   _P2MDIN         DATA 0xf3
0000            166   _P2MDOUT        DATA 0xa6
0000            167   _P2SKIP         DATA 0xcc
0000            168   _P3             DATA 0xb0
0000            169   _P3MDIN         DATA 0xf4
0000            170   _P3MDOUT        DATA 0x9c
0000            171   _PCA0CENT       DATA 0x9e
0000            172   _PCA0CLR        DATA 0x9c
0000            173   _PCA0CN0        DATA 0xd8
0000            174   _PCA0CPH0       DATA 0xfc
0000            175   _PCA0CPH1       DATA 0xea
0000            176   _PCA0CPH2       DATA 0xec
0000            177   _PCA0CPH3       DATA 0xf5
0000            178   _PCA0CPH4       DATA 0x85
0000            179   _PCA0CPH5       DATA 0xde
0000            180   _PCA0CPL0       DATA 0xfb
0000            181   _PCA0CPL1       DATA 0xe9
0000            182   _PCA0CPL2       DATA 0xeb
0000            183   _PCA0CPL3       DATA 0xf4
0000            184   _PCA0CPL4       DATA 0x84
0000            185   _PCA0CPL5       DATA 0xdd
0000            186   _PCA0CPM0       DATA 0xda
0000            187   _PCA0CPM1       DATA 0xdb
0000            188   _PCA0CPM2       DATA 0xdc
0000            189   _PCA0CPM3       DATA 0xae
0000            190   _PCA0CPM4       DATA 0xaf
0000            191   _PCA0CPM5       DATA 0xcc
0000            192   _PCA0H          DATA 0xfa
0000            193   _PCA0L          DATA 0xf9
0000            194   _PCA0MD         DATA 0xd9
0000            195   _PCA0POL        DATA 0x96
0000            196   _PCA0PWM        DATA 0xf7
0000            197   _PCON0          DATA 0x87
0000            198   _PCON1          DATA 0xcd
0000            199   _PFE0CN         DATA 0xc1
0000            200   _PRTDRV         DATA 0xf6
0000            201   _PSCTL          DATA 0x8f
0000            202   _PSTAT0         DATA 0xaa
0000            203   _PSW            DATA 0xd0
0000            204   _REF0CN         DATA 0xd1
0000            205   _REG0CN         DATA 0xc9
0000            206   _REVID          DATA 0xb6
0000            207   _RSTSRC         DATA 0xef
0000            208   _SBCON1         DATA 0x94
0000            209   _SBRLH1         DATA 0x96
0000            210   _SBRLL1         DATA 0x95
0000            211   _SBUF           DATA 0x99
0000            212   _SBUF0          DATA 0x99
0000            213   _SBUF1          DATA 0x92
0000            214   _SCON           DATA 0x98
0000            215   _SCON0          DATA 0x98
0000            216   _SCON1          DATA 0xc8
0000            217   _SFRPAGE        DATA 0xa7
0000            218   _SFRPGCN        DATA 0xbc
0000            219   _SFRSTACK       DATA 0xd7
0000            220   _SMB0ADM        DATA 0xd6
0000            221   _SMB0ADR        DATA 0xd7
0000            222   _SMB0CF         DATA 0xc1
0000            223   _SMB0CN0        DATA 0xc0
0000            224   _SMB0DAT        DATA 0xc2
0000            225   _SMB0FCN0       DATA 0xc3
0000            226   _SMB0FCN1       DATA 0xc4
0000            227   _SMB0FCT        DATA 0xef
0000            228   _SMB0RXLN       DATA 0xc5
0000            229   _SMB0TC         DATA 0xac
0000            230   _SMOD1          DATA 0x93
0000            231   _SP             DATA 0x81
0000            232   _SPI0CFG        DATA 0xa1
0000            233   _SPI0CKR        DATA 0xa2
0000            234   _SPI0CN0        DATA 0xf8
0000            235   _SPI0DAT        DATA 0xa3
0000            236   _SPI0FCN0       DATA 0x9a
0000            237   _SPI0FCN1       DATA 0x9b
0000            238   _SPI0FCT        DATA 0xf7
0000            239   _SPI0PCF        DATA 0xdf
0000            240   _TCON           DATA 0x88
0000            241   _TH0            DATA 0x8c
0000            242   _TH1            DATA 0x8d
0000            243   _TL0            DATA 0x8a
0000            244   _TL1            DATA 0x8b
0000            245   _TMOD           DATA 0x89
0000            246   _TMR2CN0        DATA 0xc8
0000            247   _TMR2CN1        DATA 0xfd
0000            248   _TMR2H          DATA 0xcf
0000            249   _TMR2L          DATA 0xce
0000            250   _TMR2RLH        DATA 0xcb
0000            251   _TMR2RLL        DATA 0xca
0000            252   _TMR3CN0        DATA 0x91
0000            253   _TMR3CN1        DATA 0xfe
0000            254   _TMR3H          DATA 0x95
0000            255   _TMR3L          DATA 0x94
0000            256   _TMR3RLH        DATA 0x93
0000            257   _TMR3RLL        DATA 0x92
0000            258   _TMR4CN0        DATA 0x98
0000            259   _TMR4CN1        DATA 0xff
0000            260   _TMR4H          DATA 0xa5
0000            261   _TMR4L          DATA 0xa4
0000            262   _TMR4RLH        DATA 0xa3
0000            263   _TMR4RLL        DATA 0xa2
0000            264   _TMR5CN0        DATA 0xc0
0000            265   _TMR5CN1        DATA 0xf1
0000            266   _TMR5H          DATA 0xd5
0000            267   _TMR5L          DATA 0xd4
0000            268   _TMR5RLH        DATA 0xd3
0000            269   _TMR5RLL        DATA 0xd2
0000            270   _UART0PCF       DATA 0xd9
0000            271   _UART1FCN0      DATA 0x9d
0000            272   _UART1FCN1      DATA 0xd8
0000            273   _UART1FCT       DATA 0xfa
0000            274   _UART1LIN       DATA 0x9e
0000            275   _UART1PCF       DATA 0xda
0000            276   _VDM0CN         DATA 0xff
0000            277   _WDTCN          DATA 0x97
0000            278   _XBR0           DATA 0xe1
0000            279   _XBR1           DATA 0xe2
0000            280   _XBR2           DATA 0xe3
0000            281   _XOSC0CN        DATA 0x86
0000            282   _DPTR           DATA 0x8382
0000            283   _TMR2RL         DATA 0xcbca
0000            284   _TMR3RL         DATA 0x9392
0000            285   _TMR4RL         DATA 0xa3a2
0000            286   _TMR5RL         DATA 0xd3d2
0000            287   _TMR0           DATA 0x8c8a
0000            288   _TMR1           DATA 0x8d8b
0000            289   _TMR2           DATA 0xcfce
0000            290   _TMR3           DATA 0x9594
0000            291   _TMR4           DATA 0xa5a4
0000            292   _TMR5           DATA 0xd5d4
0000            293   _SBRL1          DATA 0x9695
0000            294   _PCA0           DATA 0xfaf9
0000            295   _PCA0CP0        DATA 0xfcfb
0000            296   _PCA0CP1        DATA 0xeae9
0000            297   _PCA0CP2        DATA 0xeceb
0000            298   _PCA0CP3        DATA 0xf5f4
0000            299   _PCA0CP4        DATA 0x8584
0000            300   _PCA0CP5        DATA 0xdedd
0000            301   _ADC0ASA        DATA 0xb6b5
0000            302   _ADC0GT         DATA 0xc4c3
0000            303   _ADC0           DATA 0xbebd
0000            304   _ADC0LT         DATA 0xc6c5
0000            305   _DAC0           DATA 0x8584
0000            306   _DAC1           DATA 0x8a89
0000            307   _DAC2           DATA 0x8c8b
0000            308   _DAC3           DATA 0x8e8d
0000            309   ;--------------------------------------------------------
0000            310   ; special function bits
0000            311   ;--------------------------------------------------------
0000            312   _ACC_0          BIT 0xe0
0000            313   _ACC_1          BIT 0xe1
0000            314   _ACC_2          BIT 0xe2
0000            315   _ACC_3          BIT 0xe3
0000            316   _ACC_4          BIT 0xe4
0000            317   _ACC_5          BIT 0xe5
0000            318   _ACC_6          BIT 0xe6
0000            319   _ACC_7          BIT 0xe7
0000            320   _TEMPE          BIT 0xe8
0000            321   _ADGN0          BIT 0xe9
0000            322   _ADGN1          BIT 0xea
0000            323   _ADWINT         BIT 0xeb
0000            324   _ADBUSY         BIT 0xec
0000            325   _ADINT          BIT 0xed
0000            326   _IPOEN          BIT 0xee
0000            327   _ADEN           BIT 0xef
0000            328   _B_0            BIT 0xf0
0000            329   _B_1            BIT 0xf1
0000            330   _B_2            BIT 0xf2
0000            331   _B_3            BIT 0xf3
0000            332   _B_4            BIT 0xf4
0000            333   _B_5            BIT 0xf5
0000            334   _B_6            BIT 0xf6
0000            335   _B_7            BIT 0xf7
0000            336   _C0FIF          BIT 0xe8
0000            337   _C0RIF          BIT 0xe9
0000            338   _C1FIF          BIT 0xea
0000            339   _C1RIF          BIT 0xeb
0000            340   _C2FIF          BIT 0xec
0000            341   _C2RIF          BIT 0xed
0000            342   _C3FIF          BIT 0xee
0000            343   _C3RIF          BIT 0xef
0000            344   _D1SRC0         BIT 0x88
0000            345   _D1SRC1         BIT 0x89
0000            346   _D1AMEN         BIT 0x8a
0000            347   _D01REFSL       BIT 0x8b
0000            348   _D3SRC0         BIT 0x8c
0000            349   _D3SRC1         BIT 0x8d
0000            350   _D3AMEN         BIT 0x8e
0000            351   _D23REFSL       BIT 0x8f
0000            352   _D0UDIS         BIT 0x98
0000            353   _D1UDIS         BIT 0x99
0000            354   _D2UDIS         BIT 0x9a
0000            355   _D3UDIS         BIT 0x9b
0000            356   _EX0            BIT 0xa8
0000            357   _ET0            BIT 0xa9
0000            358   _EX1            BIT 0xaa
0000            359   _ET1            BIT 0xab
0000            360   _ES0            BIT 0xac
0000            361   _ET2            BIT 0xad
0000            362   _ESPI0          BIT 0xae
0000            363   _EA             BIT 0xaf
0000            364   _PX0            BIT 0xb8
0000            365   _PT0            BIT 0xb9
0000            366   _PX1            BIT 0xba
0000            367   _PT1            BIT 0xbb
0000            368   _PS0            BIT 0xbc
0000            369   _PT2            BIT 0xbd
0000            370   _PSPI0          BIT 0xbe
0000            371   _P0_0           BIT 0x80
0000            372   _P0_1           BIT 0x81
0000            373   _P0_2           BIT 0x82
0000            374   _P0_3           BIT 0x83
0000            375   _P0_4           BIT 0x84
0000            376   _P0_5           BIT 0x85
0000            377   _P0_6           BIT 0x86
0000            378   _P0_7           BIT 0x87
0000            379   _P1_0           BIT 0x90
0000            380   _P1_1           BIT 0x91
0000            381   _P1_2           BIT 0x92
0000            382   _P1_3           BIT 0x93
0000            383   _P1_4           BIT 0x94
0000            384   _P1_5           BIT 0x95
0000            385   _P1_6           BIT 0x96
0000            386   _P1_7           BIT 0x97
0000            387   _P2_0           BIT 0xa0
0000            388   _P2_1           BIT 0xa1
0000            389   _P2_2           BIT 0xa2
0000            390   _P2_3           BIT 0xa3
0000            391   _P2_4           BIT 0xa4
0000            392   _P2_5           BIT 0xa5
0000            393   _P2_6           BIT 0xa6
0000            394   _P3_0           BIT 0xb0
0000            395   _P3_1           BIT 0xb1
0000            396   _P3_2           BIT 0xb2
0000            397   _P3_3           BIT 0xb3
0000            398   _P3_4           BIT 0xb4
0000            399   _P3_7           BIT 0xb7
0000            400   _CCF0           BIT 0xd8
0000            401   _CCF1           BIT 0xd9
0000            402   _CCF2           BIT 0xda
0000            403   _CCF3           BIT 0xdb
0000            404   _CCF4           BIT 0xdc
0000            405   _CCF5           BIT 0xdd
0000            406   _CR             BIT 0xde
0000            407   _CF             BIT 0xdf
0000            408   _PARITY         BIT 0xd0
0000            409   _F1             BIT 0xd1
0000            410   _OV             BIT 0xd2
0000            411   _RS0            BIT 0xd3
0000            412   _RS1            BIT 0xd4
0000            413   _F0             BIT 0xd5
0000            414   _AC             BIT 0xd6
0000            415   _CY             BIT 0xd7
0000            416   _RI             BIT 0x98
0000            417   _TI             BIT 0x99
0000            418   _RB8            BIT 0x9a
0000            419   _TB8            BIT 0x9b
0000            420   _REN            BIT 0x9c
0000            421   _CE             BIT 0x9d
0000            422   _SMODE          BIT 0x9e
0000            423   _RI1            BIT 0xc8
0000            424   _TI1            BIT 0xc9
0000            425   _RBX1           BIT 0xca
0000            426   _TBX1           BIT 0xcb
0000            427   _REN1           BIT 0xcc
0000            428   _PERR1          BIT 0xcd
0000            429   _OVR1           BIT 0xce
0000            430   _SI             BIT 0xc0
0000            431   _ACK            BIT 0xc1
0000            432   _ARBLOST        BIT 0xc2
0000            433   _ACKRQ          BIT 0xc3
0000            434   _STO            BIT 0xc4
0000            435   _STA            BIT 0xc5
0000            436   _TXMODE         BIT 0xc6
0000            437   _MASTER         BIT 0xc7
0000            438   _SPIEN          BIT 0xf8
0000            439   _TXNF           BIT 0xf9
0000            440   _NSSMD0         BIT 0xfa
0000            441   _NSSMD1         BIT 0xfb
0000            442   _RXOVRN         BIT 0xfc
0000            443   _MODF           BIT 0xfd
0000            444   _WCOL           BIT 0xfe
0000            445   _SPIF           BIT 0xff
0000            446   _IT0            BIT 0x88
0000            447   _IE0            BIT 0x89
0000            448   _IT1            BIT 0x8a
0000            449   _IE1            BIT 0x8b
0000            450   _TR0            BIT 0x8c
0000            451   _TF0            BIT 0x8d
0000            452   _TR1            BIT 0x8e
0000            453   _TF1            BIT 0x8f
0000            454   _T2XCLK0        BIT 0xc8
0000            455   _T2XCLK1        BIT 0xc9
0000            456   _TR2            BIT 0xca
0000            457   _T2SPLIT        BIT 0xcb
0000            458   _TF2CEN         BIT 0xcc
0000            459   _TF2LEN         BIT 0xcd
0000            460   _TF2L           BIT 0xce
0000            461   _TF2H           BIT 0xcf
0000            462   _T4XCLK0        BIT 0x98
0000            463   _T4XCLK1        BIT 0x99
0000            464   _TR4            BIT 0x9a
0000            465   _T4SPLIT        BIT 0x9b
0000            466   _TF4CEN         BIT 0x9c
0000            467   _TF4LEN         BIT 0x9d
0000            468   _TF4L           BIT 0x9e
0000            469   _TF4H           BIT 0x9f
0000            470   _T5XCLK0        BIT 0xc0
0000            471   _T5XCLK1        BIT 0xc1
0000            472   _TR5            BIT 0xc2
0000            473   _T5SPLIT        BIT 0xc3
0000            474   _TF5CEN         BIT 0xc4
0000            475   _TF5LEN         BIT 0xc5
0000            476   _TF5L           BIT 0xc6
0000            477   _TF5H           BIT 0xc7
0000            478   _RIE            BIT 0xd8
0000            479   _RXTO0          BIT 0xd9
0000            480   _RXTO1          BIT 0xda
0000            481   _RFRQ           BIT 0xdb
0000            482   _TIE            BIT 0xdc
0000            483   _TXHOLD         BIT 0xdd
0000            484   _TXNF1          BIT 0xde
0000            485   _TFRQ           BIT 0xdf
0000            486   ;--------------------------------------------------------
0000            487   ; overlayable register banks
0000            488   ;--------------------------------------------------------
0000            489            rbank0 segment data overlay
0000            490   ;--------------------------------------------------------
0000            491   ; internal ram data
0000            492   ;--------------------------------------------------------
0000            493            rseg R_DSEG
0000            494   _overflow_count:
0000            495            ds 1
0001            496   _sendMessage_PARM_2:
0001            497            ds 2
0003            498   _sendMessage_PARM_3:
0003            499            ds 2
0005            500   _sendMessage_PARM_4:
0005            501            ds 2
0007            502   _main_Vx_1_78:
0007            503            ds 4
000B            504   ;--------------------------------------------------------
000B            505   ; overlayable items in internal ram 
000B            506   ;--------------------------------------------------------
0000            507            rseg    R_OSEG
0000            508            rseg    R_OSEG
0000            509   _InitPinADC_PARM_2:
0000            510            ds 1
0001            511            rseg    R_OSEG
0001            512   ;--------------------------------------------------------
0001            513   ; indirectly addressable internal ram data
0001            514   ;--------------------------------------------------------
0000            515            rseg R_ISEG
0000            516   ;--------------------------------------------------------
0000            517   ; absolute internal ram data
0000            518   ;--------------------------------------------------------
0000            519            DSEG
0000            520   ;--------------------------------------------------------
0000            521   ; bit data
0000            522   ;--------------------------------------------------------
0000            523            rseg R_BSEG
0000            524   _on_off:
0000            525            DBIT    1
0001            526   ;--------------------------------------------------------
0001            527   ; paged external ram data
0001            528   ;--------------------------------------------------------
0000            529            rseg R_PSEG
0000            530   ;--------------------------------------------------------
0000            531   ; external ram data
0000            532   ;--------------------------------------------------------
0000            533            rseg R_XSEG
0000            534   ;--------------------------------------------------------
0000            535   ; absolute external ram data
0000            536   ;--------------------------------------------------------
0000            537            XSEG
0000            538   ;--------------------------------------------------------
0000            539   ; external initialized ram data
0000            540   ;--------------------------------------------------------
0000            541            rseg R_IXSEG
0000            542            rseg R_HOME
0000            543            rseg R_GSINIT
0000            544            rseg R_CSEG
0000            545   ;--------------------------------------------------------
0000            546   ; Reset entry point and interrupt vectors
0000            547   ;--------------------------------------------------------
0000            548            CSEG at 0x0000
0000 020100     549            ljmp    _crt0
002B            550            CSEG at 0x002b
002B 020100     551            ljmp    _Timer2_ISR
002E            552   ;--------------------------------------------------------
002E            553   ; global & static initialisations
002E            554   ;--------------------------------------------------------
0000            555            rseg R_HOME
0000            556            rseg R_GSINIT
0000            557            rseg R_GSINIT
0000            558   ;--------------------------------------------------------
0000            559   ; data variables initialization
0000            560   ;--------------------------------------------------------
0000            561            rseg R_DINIT
0000            562            ; The linker places a 'ret' at the end of segment R_DINIT.
0000            563   ;--------------------------------------------------------
0000            564   ; code
0000            565   ;--------------------------------------------------------
0000            566            rseg R_CSEG
0000            567   ;------------------------------------------------------------
0000            568   ;Allocation info for local variables in function '_c51_external_startup'
0000            569   ;------------------------------------------------------------
0000            570   ;------------------------------------------------------------
0000            571   ;        C:\Users\Igor\Dropbox\Homework\UBC\Elec 291\EM-Tether-Robot\Transmitter_Ones\Transmitter_Code.c:34: char _c51_external_startup (void)
0000            572   ;        -----------------------------------------
0000            573   ;         function _c51_external_startup
0000            574   ;        -----------------------------------------
0000            575   __c51_external_startup:
0000            576            using   0
0000            577   ;        C:\Users\Igor\Dropbox\Homework\UBC\Elec 291\EM-Tether-Robot\Transmitter_Ones\Transmitter_Code.c:37: SFRPAGE = 0x00;
0000 75A700     578            mov     _SFRPAGE,#0x00
0003            579   ;        C:\Users\Igor\Dropbox\Homework\UBC\Elec 291\EM-Tether-Robot\Transmitter_Ones\Transmitter_Code.c:38: WDTCN = 0xDE; //First key
0003 7597DE     580            mov     _WDTCN,#0xDE
0006            581   ;        C:\Users\Igor\Dropbox\Homework\UBC\Elec 291\EM-Tether-Robot\Transmitter_Ones\Transmitter_Code.c:39: WDTCN = 0xAD; //Second key
0006 7597AD     582            mov     _WDTCN,#0xAD
0009            583   ;        C:\Users\Igor\Dropbox\Homework\UBC\Elec 291\EM-Tether-Robot\Transmitter_Ones\Transmitter_Code.c:41: VDM0CN |= 0x80;
0009 43FF80     584            orl     _VDM0CN,#0x80
000C            585   ;        C:\Users\Igor\Dropbox\Homework\UBC\Elec 291\EM-Tether-Robot\Transmitter_Ones\Transmitter_Code.c:42: RSTSRC = 0x02;
000C 75EF02     586            mov     _RSTSRC,#0x02
000F            587   ;        C:\Users\Igor\Dropbox\Homework\UBC\Elec 291\EM-Tether-Robot\Transmitter_Ones\Transmitter_Code.c:49: SFRPAGE = 0x10;
000F 75A710     588            mov     _SFRPAGE,#0x10
0012            589   ;        C:\Users\Igor\Dropbox\Homework\UBC\Elec 291\EM-Tether-Robot\Transmitter_Ones\Transmitter_Code.c:50: PFE0CN  = 0x20; // SYSCLK < 75 MHz.
0012 75C120     590            mov     _PFE0CN,#0x20
0015            591   ;        C:\Users\Igor\Dropbox\Homework\UBC\Elec 291\EM-Tether-Robot\Transmitter_Ones\Transmitter_Code.c:51: SFRPAGE = 0x00;
0015 75A700     592            mov     _SFRPAGE,#0x00
0018            593   ;        C:\Users\Igor\Dropbox\Homework\UBC\Elec 291\EM-Tether-Robot\Transmitter_Ones\Transmitter_Code.c:72: CLKSEL = 0x00;
0018 75A900     594            mov     _CLKSEL,#0x00
001B            595   ;        C:\Users\Igor\Dropbox\Homework\UBC\Elec 291\EM-Tether-Robot\Transmitter_Ones\Transmitter_Code.c:73: CLKSEL = 0x00;
001B 75A900     596            mov     _CLKSEL,#0x00
001E            597   ;        C:\Users\Igor\Dropbox\Homework\UBC\Elec 291\EM-Tether-Robot\Transmitter_Ones\Transmitter_Code.c:74: while ((CLKSEL & 0x80) == 0);
001E            598   L002001?:
001E E5A9       599            mov     a,_CLKSEL
0020 30E718     600            jnb     acc.7,L002001?
0023            601   ;        C:\Users\Igor\Dropbox\Homework\UBC\Elec 291\EM-Tether-Robot\Transmitter_Ones\Transmitter_Code.c:75: CLKSEL = 0x03;
0023 75A903     602            mov     _CLKSEL,#0x03
0026            603   ;        C:\Users\Igor\Dropbox\Homework\UBC\Elec 291\EM-Tether-Robot\Transmitter_Ones\Transmitter_Code.c:76: CLKSEL = 0x03;
0026 75A903     604            mov     _CLKSEL,#0x03
0029            605   ;        C:\Users\Igor\Dropbox\Homework\UBC\Elec 291\EM-Tether-Robot\Transmitter_Ones\Transmitter_Code.c:77: while ((CLKSEL & 0x80) == 0);
0029            606   L002004?:
0029 E5A9       607            mov     a,_CLKSEL
002B 30E798     608            jnb     acc.7,L002004?
002E            609   ;        C:\Users\Igor\Dropbox\Homework\UBC\Elec 291\EM-Tether-Robot\Transmitter_Ones\Transmitter_Code.c:83: P2MDOUT|=0b_0000_0011;
002E 43A603     610            orl     _P2MDOUT,#0x03
0031            611   ;        C:\Users\Igor\Dropbox\Homework\UBC\Elec 291\EM-Tether-Robot\Transmitter_Ones\Transmitter_Code.c:84: P0MDOUT |= 0x10; // Enable UART0 TX as push-pull output
0031 43A410     612            orl     _P0MDOUT,#0x10
0034            613   ;        C:\Users\Igor\Dropbox\Homework\UBC\Elec 291\EM-Tether-Robot\Transmitter_Ones\Transmitter_Code.c:85: XBR0     = 0x01; // Enable UART0 on P0.4(TX) and P0.5(RX)                     
0034 75E101     614            mov     _XBR0,#0x01
0037            615   ;        C:\Users\Igor\Dropbox\Homework\UBC\Elec 291\EM-Tether-Robot\Transmitter_Ones\Transmitter_Code.c:86: XBR1     = 0X10; // Enable T0 on P0.0
0037 75E210     616            mov     _XBR1,#0x10
003A            617   ;        C:\Users\Igor\Dropbox\Homework\UBC\Elec 291\EM-Tether-Robot\Transmitter_Ones\Transmitter_Code.c:87: XBR2     = 0x40; // Enable crossbar and weak pull-ups
003A 75E340     618            mov     _XBR2,#0x40
003D            619   ;        C:\Users\Igor\Dropbox\Homework\UBC\Elec 291\EM-Tether-Robot\Transmitter_Ones\Transmitter_Code.c:93: SCON0 = 0x10;
003D 759810     620            mov     _SCON0,#0x10
0040            621   ;        C:\Users\Igor\Dropbox\Homework\UBC\Elec 291\EM-Tether-Robot\Transmitter_Ones\Transmitter_Code.c:94: CKCON0 |= 0b_0000_0000 ; // Timer 1 uses the system clock divided by 12.
0040 858E8E     622            mov     _CKCON0,_CKCON0
0043            623   ;        C:\Users\Igor\Dropbox\Homework\UBC\Elec 291\EM-Tether-Robot\Transmitter_Ones\Transmitter_Code.c:95: TH1 = 0x100-((SYSCLK/BAUDRATE)/(2L*12L));
0043 758DE6     624            mov     _TH1,#0xE6
0046            625   ;        C:\Users\Igor\Dropbox\Homework\UBC\Elec 291\EM-Tether-Robot\Transmitter_Ones\Transmitter_Code.c:96: TL1 = TH1;      // Init Timer1
0046 858D8B     626            mov     _TL1,_TH1
0049            627   ;        C:\Users\Igor\Dropbox\Homework\UBC\Elec 291\EM-Tether-Robot\Transmitter_Ones\Transmitter_Code.c:97: TMOD &= ~0xf0;  // TMOD: timer 1 in 8-bit auto-reload
0049 53890F     628            anl     _TMOD,#0x0F
004C            629   ;        C:\Users\Igor\Dropbox\Homework\UBC\Elec 291\EM-Tether-Robot\Transmitter_Ones\Transmitter_Code.c:98: TMOD |=  0x20;                       
004C 438920     630            orl     _TMOD,#0x20
004F            631   ;        C:\Users\Igor\Dropbox\Homework\UBC\Elec 291\EM-Tether-Robot\Transmitter_Ones\Transmitter_Code.c:99: TR1 = 1; // START Timer1
004F D28E       632            setb    _TR1
0051            633   ;        C:\Users\Igor\Dropbox\Homework\UBC\Elec 291\EM-Tether-Robot\Transmitter_Ones\Transmitter_Code.c:100: TI = 1;  // Indicate TX0 ready
0051 D299       634            setb    _TI
0053            635   ;        C:\Users\Igor\Dropbox\Homework\UBC\Elec 291\EM-Tether-Robot\Transmitter_Ones\Transmitter_Code.c:103: TMR2CN0=0x00;   // Stop Timer2; Clear TF2;
0053 75C800     636            mov     _TMR2CN0,#0x00
0056            637   ;        C:\Users\Igor\Dropbox\Homework\UBC\Elec 291\EM-Tether-Robot\Transmitter_Ones\Transmitter_Code.c:104: CKCON0|=0b_0001_0000;
0056 438E10     638            orl     _CKCON0,#0x10
0059            639   ;        C:\Users\Igor\Dropbox\Homework\UBC\Elec 291\EM-Tether-Robot\Transmitter_Ones\Transmitter_Code.c:105: TMR2RL=(-(SYSCLK/(2*DEFAULT_F))); // Initialize reload value
0059 75CAEE     640            mov     _TMR2RL,#0xEE
005C 75CBF6     641            mov     (_TMR2RL >> 8),#0xF6
005F            642   ;        C:\Users\Igor\Dropbox\Homework\UBC\Elec 291\EM-Tether-Robot\Transmitter_Ones\Transmitter_Code.c:106: TMR2=0xffff;   // Set to reload immediately
005F 75CEFF     643            mov     _TMR2,#0xFF
0062 75CFFF     644            mov     (_TMR2 >> 8),#0xFF
0065            645   ;        C:\Users\Igor\Dropbox\Homework\UBC\Elec 291\EM-Tether-Robot\Transmitter_Ones\Transmitter_Code.c:107: ET2=1;         // Enable Timer2 interrupts
0065 D2AD       646            setb    _ET2
0067            647   ;        C:\Users\Igor\Dropbox\Homework\UBC\Elec 291\EM-Tether-Robot\Transmitter_Ones\Transmitter_Code.c:108: TR2=1;         // Start Timer2
0067 D2CA       648            setb    _TR2
0069            649   ;        C:\Users\Igor\Dropbox\Homework\UBC\Elec 291\EM-Tether-Robot\Transmitter_Ones\Transmitter_Code.c:109: EA=1; // Global interrupt enable
0069 D2AF       650            setb    _EA
006B            651   ;        C:\Users\Igor\Dropbox\Homework\UBC\Elec 291\EM-Tether-Robot\Transmitter_Ones\Transmitter_Code.c:111: return 0;
006B 758200     652            mov     dpl,#0x00
006E 22         653            ret
006F            654   ;------------------------------------------------------------
006F            655   ;Allocation info for local variables in function 'Timer3us'
006F            656   ;------------------------------------------------------------
006F            657   ;us                        Allocated to registers r2 
006F            658   ;i                         Allocated to registers r3 
006F            659   ;------------------------------------------------------------
006F            660   ;        C:\Users\Igor\Dropbox\Homework\UBC\Elec 291\EM-Tether-Robot\Transmitter_Ones\Transmitter_Code.c:115: void Timer3us(unsigned char us)
006F            661   ;        -----------------------------------------
006F            662   ;         function Timer3us
006F            663   ;        -----------------------------------------
006F            664   _Timer3us:
006F AA82       665            mov     r2,dpl
0071            666   ;        C:\Users\Igor\Dropbox\Homework\UBC\Elec 291\EM-Tether-Robot\Transmitter_Ones\Transmitter_Code.c:120: CKCON0|=0b_0100_0000;
0071 438E40     667            orl     _CKCON0,#0x40
0074            668   ;        C:\Users\Igor\Dropbox\Homework\UBC\Elec 291\EM-Tether-Robot\Transmitter_Ones\Transmitter_Code.c:122: TMR3RL = (-(SYSCLK)/1000000L); // Set Timer3 to overflow in 1us.
0074 7592B8     669            mov     _TMR3RL,#0xB8
0077 7593FF     670            mov     (_TMR3RL >> 8),#0xFF
007A            671   ;        C:\Users\Igor\Dropbox\Homework\UBC\Elec 291\EM-Tether-Robot\Transmitter_Ones\Transmitter_Code.c:123: TMR3 = TMR3RL;                 // Initialize Timer3 for first overflow
007A 859294     672            mov     _TMR3,_TMR3RL
007D 859395     673            mov     (_TMR3 >> 8),(_TMR3RL >> 8)
0080            674   ;        C:\Users\Igor\Dropbox\Homework\UBC\Elec 291\EM-Tether-Robot\Transmitter_Ones\Transmitter_Code.c:125: TMR3CN0 = 0x04;                 // Start Timer3 and clear overflow flag
0080 759104     675            mov     _TMR3CN0,#0x04
0083            676   ;        C:\Users\Igor\Dropbox\Homework\UBC\Elec 291\EM-Tether-Robot\Transmitter_Ones\Transmitter_Code.c:126: for (i = 0; i < us; i++)       // Count <us> overflows
0083 7B00       677            mov     r3,#0x00
0085            678   L003006?:
0085 C3         679            clr     c
0086 EB         680            mov     a,r3
0087 9A         681            subb    a,r2
0088 5001       682            jnc     L003009?
008A            683   ;        C:\Users\Igor\Dropbox\Homework\UBC\Elec 291\EM-Tether-Robot\Transmitter_Ones\Transmitter_Code.c:128: while (!(TMR3CN0 & 0x80));  // Wait for overflow
008A            684   L003001?:
008A E591       685            mov     a,_TMR3CN0
008C 30E798     686            jnb     acc.7,L003001?
008F            687   ;        C:\Users\Igor\Dropbox\Homework\UBC\Elec 291\EM-Tether-Robot\Transmitter_Ones\Transmitter_Code.c:129: TMR3CN0 &= ~(0x80);         // Clear overflow indicator
008F 53917F     688            anl     _TMR3CN0,#0x7F
0092            689   ;        C:\Users\Igor\Dropbox\Homework\UBC\Elec 291\EM-Tether-Robot\Transmitter_Ones\Transmitter_Code.c:130: if (TF0)
0092            690   ;        C:\Users\Igor\Dropbox\Homework\UBC\Elec 291\EM-Tether-Robot\Transmitter_Ones\Transmitter_Code.c:132: TF0=0;
0092 108DD8     691            jbc     _TF0,L003019?
0095 8001       692            sjmp    L003008?
0097            693   L003019?:
0097            694   ;        C:\Users\Igor\Dropbox\Homework\UBC\Elec 291\EM-Tether-Robot\Transmitter_Ones\Transmitter_Code.c:133: overflow_count++;
0097 0550       695            inc     _overflow_count
0099            696   L003008?:
0099            697   ;        C:\Users\Igor\Dropbox\Homework\UBC\Elec 291\EM-Tether-Robot\Transmitter_Ones\Transmitter_Code.c:126: for (i = 0; i < us; i++)       // Count <us> overflows
0099 0B         698            inc     r3
009A 8001       699            sjmp    L003006?
009C            700   L003009?:
009C            701   ;        C:\Users\Igor\Dropbox\Homework\UBC\Elec 291\EM-Tether-Robot\Transmitter_Ones\Transmitter_Code.c:136: TMR3CN0 = 0 ;                   // Stop Timer3 and clear overflow flag
009C 759100     702            mov     _TMR3CN0,#0x00
009F 22         703            ret
00A0            704   ;------------------------------------------------------------
00A0            705   ;Allocation info for local variables in function 'waitms'
00A0            706   ;------------------------------------------------------------
00A0            707   ;ms                        Allocated to registers r2 r3 
00A0            708   ;j                         Allocated to registers r2 r3 
00A0            709   ;------------------------------------------------------------
00A0            710   ;        C:\Users\Igor\Dropbox\Homework\UBC\Elec 291\EM-Tether-Robot\Transmitter_Ones\Transmitter_Code.c:139: void waitms (unsigned int ms)
00A0            711   ;        -----------------------------------------
00A0            712   ;         function waitms
00A0            713   ;        -----------------------------------------
00A0            714   _waitms:
00A0 AA82       715            mov     r2,dpl
00A2 AB83       716            mov     r3,dph
00A4            717   ;        C:\Users\Igor\Dropbox\Homework\UBC\Elec 291\EM-Tether-Robot\Transmitter_Ones\Transmitter_Code.c:142: for(j=ms; j!=0; j--)
00A4            718   L004001?:
00A4 BA00D8     719            cjne    r2,#0x00,L004010?
00A7 BB00D8     720            cjne    r3,#0x00,L004010?
00AA 22         721            ret
00AB            722   L004010?:
00AB            723   ;        C:\Users\Igor\Dropbox\Homework\UBC\Elec 291\EM-Tether-Robot\Transmitter_Ones\Transmitter_Code.c:144: Timer3us(249);
00AB 7582F9     724            mov     dpl,#0xF9
00AE C002       725            push    ar2
00B0 C003       726            push    ar3
00B2 120100     727            lcall   _Timer3us
00B5            728   ;        C:\Users\Igor\Dropbox\Homework\UBC\Elec 291\EM-Tether-Robot\Transmitter_Ones\Transmitter_Code.c:145: Timer3us(249);
00B5 7582F9     729            mov     dpl,#0xF9
00B8 120100     730            lcall   _Timer3us
00BB            731   ;        C:\Users\Igor\Dropbox\Homework\UBC\Elec 291\EM-Tether-Robot\Transmitter_Ones\Transmitter_Code.c:146: Timer3us(249);
00BB 7582F9     732            mov     dpl,#0xF9
00BE 120100     733            lcall   _Timer3us
00C1            734   ;        C:\Users\Igor\Dropbox\Homework\UBC\Elec 291\EM-Tether-Robot\Transmitter_Ones\Transmitter_Code.c:147: Timer3us(250);
00C1 7582FA     735            mov     dpl,#0xFA
00C4 120100     736            lcall   _Timer3us
00C7 D003       737            pop     ar3
00C9 D002       738            pop     ar2
00CB            739   ;        C:\Users\Igor\Dropbox\Homework\UBC\Elec 291\EM-Tether-Robot\Transmitter_Ones\Transmitter_Code.c:142: for(j=ms; j!=0; j--)
00CB 1A         740            dec     r2
00CC BAFF18     741            cjne    r2,#0xff,L004011?
00CF 1B         742            dec     r3
00D0            743   L004011?:
00D0 8001       744            sjmp    L004001?
00D2            745   ;------------------------------------------------------------
00D2            746   ;Allocation info for local variables in function 'Timer2_ISR'
00D2            747   ;------------------------------------------------------------
00D2            748   ;------------------------------------------------------------
00D2            749   ;        C:\Users\Igor\Dropbox\Homework\UBC\Elec 291\EM-Tether-Robot\Transmitter_Ones\Transmitter_Code.c:151: void Timer2_ISR (void) interrupt INTERRUPT_TIMER2
00D2            750   ;        -----------------------------------------
00D2            751   ;         function Timer2_ISR
00D2            752   ;        -----------------------------------------
00D2            753   _Timer2_ISR:
00D2 C0D0       754            push    psw
00D4 75D000     755            mov     psw,#0x00
00D7            756   ;        C:\Users\Igor\Dropbox\Homework\UBC\Elec 291\EM-Tether-Robot\Transmitter_Ones\Transmitter_Code.c:153: TF2H = 0; // Clear Timer2 interrupt flag
00D7 C2CF       757            clr     _TF2H
00D9            758   ;        C:\Users\Igor\Dropbox\Homework\UBC\Elec 291\EM-Tether-Robot\Transmitter_Ones\Transmitter_Code.c:154: OUT0=!OUT0;
00D9 B2A0       759            cpl     _P2_0
00DB            760   ;        C:\Users\Igor\Dropbox\Homework\UBC\Elec 291\EM-Tether-Robot\Transmitter_Ones\Transmitter_Code.c:155: OUT1=!OUT0;
00DB A2A0       761            mov     c,_P2_0
00DD B3         762            cpl     c
00DE 92A1       763            mov     _P2_1,c
00E0 D0D0       764            pop     psw
00E2 32         765            reti
00E3            766   ;        eliminated unneeded push/pop dpl
00E3            767   ;        eliminated unneeded push/pop dph
00E3            768   ;        eliminated unneeded push/pop b
00E3            769   ;        eliminated unneeded push/pop acc
00E3            770   ;------------------------------------------------------------
00E3            771   ;Allocation info for local variables in function 'InitADC'
00E3            772   ;------------------------------------------------------------
00E3            773   ;------------------------------------------------------------
00E3            774   ;        C:\Users\Igor\Dropbox\Homework\UBC\Elec 291\EM-Tether-Robot\Transmitter_Ones\Transmitter_Code.c:158: void InitADC (void)
00E3            775   ;        -----------------------------------------
00E3            776   ;         function InitADC
00E3            777   ;        -----------------------------------------
00E3            778   _InitADC:
00E3            779   ;        C:\Users\Igor\Dropbox\Homework\UBC\Elec 291\EM-Tether-Robot\Transmitter_Ones\Transmitter_Code.c:160: SFRPAGE = 0x00;
00E3 75A700     780            mov     _SFRPAGE,#0x00
00E6            781   ;        C:\Users\Igor\Dropbox\Homework\UBC\Elec 291\EM-Tether-Robot\Transmitter_Ones\Transmitter_Code.c:161: ADC0CN1 = 0b_10_000_000; //14-bit,  Right justified no shifting applied, perform and Accumulate 1 conversion.
00E6 75B280     782            mov     _ADC0CN1,#0x80
00E9            783   ;        C:\Users\Igor\Dropbox\Homework\UBC\Elec 291\EM-Tether-Robot\Transmitter_Ones\Transmitter_Code.c:162: ADC0CF0 = 0b_11111_0_00; // SYSCLK/32
00E9 75BCF8     784            mov     _ADC0CF0,#0xF8
00EC            785   ;        C:\Users\Igor\Dropbox\Homework\UBC\Elec 291\EM-Tether-Robot\Transmitter_Ones\Transmitter_Code.c:163: ADC0CF1 = 0b_0_0_011110; // Same as default for now
00EC 75B91E     786            mov     _ADC0CF1,#0x1E
00EF            787   ;        C:\Users\Igor\Dropbox\Homework\UBC\Elec 291\EM-Tether-Robot\Transmitter_Ones\Transmitter_Code.c:164: ADC0CN0 = 0b_0_0_0_0_0_00_0; // Same as default for now
00EF 75E800     788            mov     _ADC0CN0,#0x00
00F2            789   ;        C:\Users\Igor\Dropbox\Homework\UBC\Elec 291\EM-Tether-Robot\Transmitter_Ones\Transmitter_Code.c:165: ADC0CF2 = 0b_0_01_11111 ; // GND pin, Vref=VDD
00F2 75DF3F     790            mov     _ADC0CF2,#0x3F
00F5            791   ;        C:\Users\Igor\Dropbox\Homework\UBC\Elec 291\EM-Tether-Robot\Transmitter_Ones\Transmitter_Code.c:166: ADC0CN2 = 0b_0_000_0000;  // Same as default for now. ADC0 conversion initiated on write of 1 to ADBUSY.
00F5 75B300     792            mov     _ADC0CN2,#0x00
00F8            793   ;        C:\Users\Igor\Dropbox\Homework\UBC\Elec 291\EM-Tether-Robot\Transmitter_Ones\Transmitter_Code.c:167: ADEN=1; // Enable ADC
00F8 D2EF       794            setb    _ADEN
00FA 22         795            ret
00FB            796   ;------------------------------------------------------------
00FB            797   ;Allocation info for local variables in function 'InitPinADC'
00FB            798   ;------------------------------------------------------------
00FB            799   ;pinno                     Allocated with name '_InitPinADC_PARM_2'
00FB            800   ;portno                    Allocated to registers r2 
00FB            801   ;mask                      Allocated to registers r3 
00FB            802   ;------------------------------------------------------------
00FB            803   ;        C:\Users\Igor\Dropbox\Homework\UBC\Elec 291\EM-Tether-Robot\Transmitter_Ones\Transmitter_Code.c:172: void InitPinADC (unsigned char portno, unsigned char pinno)
00FB            804   ;        -----------------------------------------
00FB            805   ;         function InitPinADC
00FB            806   ;        -----------------------------------------
00FB            807   _InitPinADC:
00FB AA82       808            mov     r2,dpl
00FD            809   ;        C:\Users\Igor\Dropbox\Homework\UBC\Elec 291\EM-Tether-Robot\Transmitter_Ones\Transmitter_Code.c:176: mask=1<<pinno;
00FD 8550F0     810            mov     b,_InitPinADC_PARM_2
0100 05F0       811            inc     b
0102 7401       812            mov     a,#0x01
0104 8001       813            sjmp    L007013?
0106            814   L007011?:
0106 25E0       815            add     a,acc
0108            816   L007013?:
0108 D5F018     817            djnz    b,L007011?
010B FB         818            mov     r3,a
010C            819   ;        C:\Users\Igor\Dropbox\Homework\UBC\Elec 291\EM-Tether-Robot\Transmitter_Ones\Transmitter_Code.c:178: SFRPAGE = 0x20;
010C 75A720     820            mov     _SFRPAGE,#0x20
010F            821   ;        C:\Users\Igor\Dropbox\Homework\UBC\Elec 291\EM-Tether-Robot\Transmitter_Ones\Transmitter_Code.c:179: switch (portno)
010F BA0058     822            cjne    r2,#0x00,L007014?
0112 8001       823            sjmp    L007001?
0114            824   L007014?:
0114 BA01D8     825            cjne    r2,#0x01,L007015?
0117 8001       826            sjmp    L007002?
0119            827   L007015?:
0119            828   ;        C:\Users\Igor\Dropbox\Homework\UBC\Elec 291\EM-Tether-Robot\Transmitter_Ones\Transmitter_Code.c:181: case 0:
0119 BA0258     829            cjne    r2,#0x02,L007005?
011C 8001       830            sjmp    L007003?
011E            831   L007001?:
011E            832   ;        C:\Users\Igor\Dropbox\Homework\UBC\Elec 291\EM-Tether-Robot\Transmitter_Ones\Transmitter_Code.c:182: P0MDIN &= (~mask); // Set pin as analog input
011E EB         833            mov     a,r3
011F F4         834            cpl     a
0120 FA         835            mov     r2,a
0121 52F1       836            anl     _P0MDIN,a
0123            837   ;        C:\Users\Igor\Dropbox\Homework\UBC\Elec 291\EM-Tether-Robot\Transmitter_Ones\Transmitter_Code.c:183: P0SKIP |= mask; // Skip Crossbar decoding for this pin
0123 EB         838            mov     a,r3
0124 42D4       839            orl     _P0SKIP,a
0126            840   ;        C:\Users\Igor\Dropbox\Homework\UBC\Elec 291\EM-Tether-Robot\Transmitter_Ones\Transmitter_Code.c:184: break;
0126            841   ;        C:\Users\Igor\Dropbox\Homework\UBC\Elec 291\EM-Tether-Robot\Transmitter_Ones\Transmitter_Code.c:185: case 1:
0126 8001       842            sjmp    L007005?
0128            843   L007002?:
0128            844   ;        C:\Users\Igor\Dropbox\Homework\UBC\Elec 291\EM-Tether-Robot\Transmitter_Ones\Transmitter_Code.c:186: P1MDIN &= (~mask); // Set pin as analog input
0128 EB         845            mov     a,r3
0129 F4         846            cpl     a
012A FA         847            mov     r2,a
012B 52F2       848            anl     _P1MDIN,a
012D            849   ;        C:\Users\Igor\Dropbox\Homework\UBC\Elec 291\EM-Tether-Robot\Transmitter_Ones\Transmitter_Code.c:187: P1SKIP |= mask; // Skip Crossbar decoding for this pin
012D EB         850            mov     a,r3
012E 42D5       851            orl     _P1SKIP,a
0130            852   ;        C:\Users\Igor\Dropbox\Homework\UBC\Elec 291\EM-Tether-Robot\Transmitter_Ones\Transmitter_Code.c:188: break;
0130            853   ;        C:\Users\Igor\Dropbox\Homework\UBC\Elec 291\EM-Tether-Robot\Transmitter_Ones\Transmitter_Code.c:189: case 2:
0130 8001       854            sjmp    L007005?
0132            855   L007003?:
0132            856   ;        C:\Users\Igor\Dropbox\Homework\UBC\Elec 291\EM-Tether-Robot\Transmitter_Ones\Transmitter_Code.c:190: P2MDIN &= (~mask); // Set pin as analog input
0132 EB         857            mov     a,r3
0133 F4         858            cpl     a
0134 FA         859            mov     r2,a
0135 52F3       860            anl     _P2MDIN,a
0137            861   ;        C:\Users\Igor\Dropbox\Homework\UBC\Elec 291\EM-Tether-Robot\Transmitter_Ones\Transmitter_Code.c:191: P2SKIP |= mask; // Skip Crossbar decoding for this pin
0137 EB         862            mov     a,r3
0138 42CC       863            orl     _P2SKIP,a
013A            864   ;        C:\Users\Igor\Dropbox\Homework\UBC\Elec 291\EM-Tether-Robot\Transmitter_Ones\Transmitter_Code.c:195: }
013A            865   L007005?:
013A            866   ;        C:\Users\Igor\Dropbox\Homework\UBC\Elec 291\EM-Tether-Robot\Transmitter_Ones\Transmitter_Code.c:196: SFRPAGE = 0x00;
013A 75A700     867            mov     _SFRPAGE,#0x00
013D 22         868            ret
013E            869   ;------------------------------------------------------------
013E            870   ;Allocation info for local variables in function 'ADC_at_Pin'
013E            871   ;------------------------------------------------------------
013E            872   ;pin                       Allocated to registers 
013E            873   ;------------------------------------------------------------
013E            874   ;        C:\Users\Igor\Dropbox\Homework\UBC\Elec 291\EM-Tether-Robot\Transmitter_Ones\Transmitter_Code.c:199: unsigned int ADC_at_Pin(unsigned char pin)
013E            875   ;        -----------------------------------------
013E            876   ;         function ADC_at_Pin
013E            877   ;        -----------------------------------------
013E            878   _ADC_at_Pin:
013E 8582BB     879            mov     _ADC0MX,dpl
0141            880   ;        C:\Users\Igor\Dropbox\Homework\UBC\Elec 291\EM-Tether-Robot\Transmitter_Ones\Transmitter_Code.c:202: ADBUSY=1;       // Dummy conversion first to select new pin
0141 D2EC       881            setb    _ADBUSY
0143            882   ;        C:\Users\Igor\Dropbox\Homework\UBC\Elec 291\EM-Tether-Robot\Transmitter_Ones\Transmitter_Code.c:203: while (ADBUSY); // Wait for dummy conversion to finish
0143            883   L008001?:
0143 20ECD8     884            jb      _ADBUSY,L008001?
0146            885   ;        C:\Users\Igor\Dropbox\Homework\UBC\Elec 291\EM-Tether-Robot\Transmitter_Ones\Transmitter_Code.c:204: ADBUSY = 1;     // Convert voltage at the pin
0146 D2EC       886            setb    _ADBUSY
0148            887   ;        C:\Users\Igor\Dropbox\Homework\UBC\Elec 291\EM-Tether-Robot\Transmitter_Ones\Transmitter_Code.c:205: while (ADBUSY); // Wait for conversion to complete
0148            888   L008004?:
0148 20EC18     889            jb      _ADBUSY,L008004?
014B            890   ;        C:\Users\Igor\Dropbox\Homework\UBC\Elec 291\EM-Tether-Robot\Transmitter_Ones\Transmitter_Code.c:206: return (ADC0);
014B 85BD82     891            mov     dpl,_ADC0
014E 85BE83     892            mov     dph,(_ADC0 >> 8)
0151 22         893            ret
0152            894   ;------------------------------------------------------------
0152            895   ;Allocation info for local variables in function 'Volts_at_Pin'
0152            896   ;------------------------------------------------------------
0152            897   ;pin                       Allocated to registers r2 
0152            898   ;------------------------------------------------------------
0152            899   ;        C:\Users\Igor\Dropbox\Homework\UBC\Elec 291\EM-Tether-Robot\Transmitter_Ones\Transmitter_Code.c:209: float Volts_at_Pin(unsigned char pin)
0152            900   ;        -----------------------------------------
0152            901   ;         function Volts_at_Pin
0152            902   ;        -----------------------------------------
0152            903   _Volts_at_Pin:
0152            904   ;        C:\Users\Igor\Dropbox\Homework\UBC\Elec 291\EM-Tether-Robot\Transmitter_Ones\Transmitter_Code.c:211: return ((ADC_at_Pin(pin)*VDD)/0b_0011_1111_1111_1111);
0152 120100     905            lcall   _ADC_at_Pin
0155 120100     906            lcall   ___uint2fs
0158 AA82       907            mov     r2,dpl
015A AB83       908            mov     r3,dph
015C ACF0       909            mov     r4,b
015E FD         910            mov     r5,a
015F C002       911            push    ar2
0161 C003       912            push    ar3
0163 C004       913            push    ar4
0165 C005       914            push    ar5
0167 906C8B     915            mov     dptr,#0x6C8B
016A 75F053     916            mov     b,#0x53
016D 7440       917            mov     a,#0x40
016F 120100     918            lcall   ___fsmul
0172 AA82       919            mov     r2,dpl
0174 AB83       920            mov     r3,dph
0176 ACF0       921            mov     r4,b
0178 FD         922            mov     r5,a
0179 E581       923            mov     a,sp
017B 24FC       924            add     a,#0xfc
017D F581       925            mov     sp,a
017F E4         926            clr     a
0180 C0E0       927            push    acc
0182 74FC       928            mov     a,#0xFC
0184 C0E0       929            push    acc
0186 747F       930            mov     a,#0x7F
0188 C0E0       931            push    acc
018A 7446       932            mov     a,#0x46
018C C0E0       933            push    acc
018E 8A82       934            mov     dpl,r2
0190 8B83       935            mov     dph,r3
0192 8CF0       936            mov     b,r4
0194 ED         937            mov     a,r5
0195 120100     938            lcall   ___fsdiv
0198 AA82       939            mov     r2,dpl
019A AB83       940            mov     r3,dph
019C ACF0       941            mov     r4,b
019E FD         942            mov     r5,a
019F E581       943            mov     a,sp
01A1 24FC       944            add     a,#0xfc
01A3 F581       945            mov     sp,a
01A5 8A82       946            mov     dpl,r2
01A7 8B83       947            mov     dph,r3
01A9 8CF0       948            mov     b,r4
01AB ED         949            mov     a,r5
01AC 22         950            ret
01AD            951   ;------------------------------------------------------------
01AD            952   ;Allocation info for local variables in function 'sendZero'
01AD            953   ;------------------------------------------------------------
01AD            954   ;------------------------------------------------------------
01AD            955   ;        C:\Users\Igor\Dropbox\Homework\UBC\Elec 291\EM-Tether-Robot\Transmitter_Ones\Transmitter_Code.c:214: void sendZero(void)
01AD            956   ;        -----------------------------------------
01AD            957   ;         function sendZero
01AD            958   ;        -----------------------------------------
01AD            959   _sendZero:
01AD            960   ;        C:\Users\Igor\Dropbox\Homework\UBC\Elec 291\EM-Tether-Robot\Transmitter_Ones\Transmitter_Code.c:216: TR2=0; // Stop timer 2
01AD C2CA       961            clr     _TR2
01AF            962   ;        C:\Users\Igor\Dropbox\Homework\UBC\Elec 291\EM-Tether-Robot\Transmitter_Ones\Transmitter_Code.c:217: waitms(BITWIDTH);
01AF 90000A     963            mov     dptr,#0x000A
01B2 020100     964            ljmp    _waitms
01B5            965   ;------------------------------------------------------------
01B5            966   ;Allocation info for local variables in function 'sendOne'
01B5            967   ;------------------------------------------------------------
01B5            968   ;------------------------------------------------------------
01B5            969   ;        C:\Users\Igor\Dropbox\Homework\UBC\Elec 291\EM-Tether-Robot\Transmitter_Ones\Transmitter_Code.c:220: void sendOne(void)
01B5            970   ;        -----------------------------------------
01B5            971   ;         function sendOne
01B5            972   ;        -----------------------------------------
01B5            973   _sendOne:
01B5            974   ;        C:\Users\Igor\Dropbox\Homework\UBC\Elec 291\EM-Tether-Robot\Transmitter_Ones\Transmitter_Code.c:222: TR2=1; //Start timer 2
01B5 D2CA       975            setb    _TR2
01B7            976   ;        C:\Users\Igor\Dropbox\Homework\UBC\Elec 291\EM-Tether-Robot\Transmitter_Ones\Transmitter_Code.c:223: waitms(BITWIDTH);
01B7 90000A     977            mov     dptr,#0x000A
01BA 020100     978            ljmp    _waitms
01BD            979   ;------------------------------------------------------------
01BD            980   ;Allocation info for local variables in function 'sendCommand'
01BD            981   ;------------------------------------------------------------
01BD            982   ;number_send               Allocated to registers r2 r3 
01BD            983   ;------------------------------------------------------------
01BD            984   ;        C:\Users\Igor\Dropbox\Homework\UBC\Elec 291\EM-Tether-Robot\Transmitter_Ones\Transmitter_Code.c:226: void sendCommand (int number_send)
01BD            985   ;        -----------------------------------------
01BD            986   ;         function sendCommand
01BD            987   ;        -----------------------------------------
01BD            988   _sendCommand:
01BD AA82       989            mov     r2,dpl
01BF AB83       990            mov     r3,dph
01C1            991   ;        C:\Users\Igor\Dropbox\Homework\UBC\Elec 291\EM-Tether-Robot\Transmitter_Ones\Transmitter_Code.c:228: if(number_send>=8)
01C1 C3         992            clr     c
01C2 EA         993            mov     a,r2
01C3 9408       994            subb    a,#0x08
01C5 EB         995            mov     a,r3
01C6 6480       996            xrl     a,#0x80
01C8 9480       997            subb    a,#0x80
01CA 4001       998            jc      L012002?
01CC            999   ;        C:\Users\Igor\Dropbox\Homework\UBC\Elec 291\EM-Tether-Robot\Transmitter_Ones\Transmitter_Code.c:229: sendOne();
01CC C002      1000            push    ar2
01CE C003      1001            push    ar3
01D0 120100    1002            lcall   _sendOne
01D3 D003      1003            pop     ar3
01D5 D002      1004            pop     ar2
01D7 8001      1005            sjmp    L012003?
01D9           1006   L012002?:
01D9           1007   ;        C:\Users\Igor\Dropbox\Homework\UBC\Elec 291\EM-Tether-Robot\Transmitter_Ones\Transmitter_Code.c:231: sendZero();
01D9 C002      1008            push    ar2
01DB C003      1009            push    ar3
01DD 120100    1010            lcall   _sendZero
01E0 D003      1011            pop     ar3
01E2 D002      1012            pop     ar2
01E4           1013   L012003?:
01E4           1014   ;        C:\Users\Igor\Dropbox\Homework\UBC\Elec 291\EM-Tether-Robot\Transmitter_Ones\Transmitter_Code.c:232: if(number_send%8>=4)
01E4 750008    1015            mov     __modsint_PARM_2,#0x08
01E7 E4        1016            clr     a
01E8 F501      1017            mov     (__modsint_PARM_2 + 1),a
01EA 8A82      1018            mov     dpl,r2
01EC 8B83      1019            mov     dph,r3
01EE C002      1020            push    ar2
01F0 C003      1021            push    ar3
01F2 120100    1022            lcall   __modsint
01F5 AC82      1023            mov     r4,dpl
01F7 AD83      1024            mov     r5,dph
01F9 D003      1025            pop     ar3
01FB D002      1026            pop     ar2
01FD C3        1027            clr     c
01FE EC        1028            mov     a,r4
01FF 9404      1029            subb    a,#0x04
0201 ED        1030            mov     a,r5
0202 6480      1031            xrl     a,#0x80
0204 9480      1032            subb    a,#0x80
0206 4001      1033            jc      L012005?
0208           1034   ;        C:\Users\Igor\Dropbox\Homework\UBC\Elec 291\EM-Tether-Robot\Transmitter_Ones\Transmitter_Code.c:233: sendOne();
0208 C002      1035            push    ar2
020A C003      1036            push    ar3
020C 120100    1037            lcall   _sendOne
020F D003      1038            pop     ar3
0211 D002      1039            pop     ar2
0213 8001      1040            sjmp    L012006?
0215           1041   L012005?:
0215           1042   ;        C:\Users\Igor\Dropbox\Homework\UBC\Elec 291\EM-Tether-Robot\Transmitter_Ones\Transmitter_Code.c:235: sendZero();
0215 C002      1043            push    ar2
0217 C003      1044            push    ar3
0219 120100    1045            lcall   _sendZero
021C D003      1046            pop     ar3
021E D002      1047            pop     ar2
0220           1048   L012006?:
0220           1049   ;        C:\Users\Igor\Dropbox\Homework\UBC\Elec 291\EM-Tether-Robot\Transmitter_Ones\Transmitter_Code.c:236: if(number_send%4>=2)
0220 750004    1050            mov     __modsint_PARM_2,#0x04
0223 E4        1051            clr     a
0224 F501      1052            mov     (__modsint_PARM_2 + 1),a
0226 8A82      1053            mov     dpl,r2
0228 8B83      1054            mov     dph,r3
022A C002      1055            push    ar2
022C C003      1056            push    ar3
022E 120100    1057            lcall   __modsint
0231 AC82      1058            mov     r4,dpl
0233 AD83      1059            mov     r5,dph
0235 D003      1060            pop     ar3
0237 D002      1061            pop     ar2
0239 C3        1062            clr     c
023A EC        1063            mov     a,r4
023B 9402      1064            subb    a,#0x02
023D ED        1065            mov     a,r5
023E 6480      1066            xrl     a,#0x80
0240 9480      1067            subb    a,#0x80
0242 4001      1068            jc      L012008?
0244           1069   ;        C:\Users\Igor\Dropbox\Homework\UBC\Elec 291\EM-Tether-Robot\Transmitter_Ones\Transmitter_Code.c:237: sendOne();
0244 C002      1070            push    ar2
0246 C003      1071            push    ar3
0248 120100    1072            lcall   _sendOne
024B D003      1073            pop     ar3
024D D002      1074            pop     ar2
024F 8001      1075            sjmp    L012009?
0251           1076   L012008?:
0251           1077   ;        C:\Users\Igor\Dropbox\Homework\UBC\Elec 291\EM-Tether-Robot\Transmitter_Ones\Transmitter_Code.c:239: sendZero();
0251 C002      1078            push    ar2
0253 C003      1079            push    ar3
0255 120100    1080            lcall   _sendZero
0258 D003      1081            pop     ar3
025A D002      1082            pop     ar2
025C           1083   L012009?:
025C           1084   ;        C:\Users\Igor\Dropbox\Homework\UBC\Elec 291\EM-Tether-Robot\Transmitter_Ones\Transmitter_Code.c:240: if(number_send%2>=1)
025C 750002    1085            mov     __modsint_PARM_2,#0x02
025F E4        1086            clr     a
0260 F501      1087            mov     (__modsint_PARM_2 + 1),a
0262 8A82      1088            mov     dpl,r2
0264 8B83      1089            mov     dph,r3
0266 120100    1090            lcall   __modsint
0269 AA82      1091            mov     r2,dpl
026B AB83      1092            mov     r3,dph
026D C3        1093            clr     c
026E EA        1094            mov     a,r2
026F 9401      1095            subb    a,#0x01
0271 EB        1096            mov     a,r3
0272 6480      1097            xrl     a,#0x80
0274 9480      1098            subb    a,#0x80
0276 4001      1099            jc      L012011?
0278           1100   ;        C:\Users\Igor\Dropbox\Homework\UBC\Elec 291\EM-Tether-Robot\Transmitter_Ones\Transmitter_Code.c:241: sendOne();
0278 020100    1101            ljmp    _sendOne
027B           1102   L012011?:
027B           1103   ;        C:\Users\Igor\Dropbox\Homework\UBC\Elec 291\EM-Tether-Robot\Transmitter_Ones\Transmitter_Code.c:243: sendZero();
027B 020100    1104            ljmp    _sendZero
027E           1105   ;------------------------------------------------------------
027E           1106   ;Allocation info for local variables in function 'sendMessage'
027E           1107   ;------------------------------------------------------------
027E           1108   ;backward_R                Allocated with name '_sendMessage_PARM_2'
027E           1109   ;forward_L                 Allocated with name '_sendMessage_PARM_3'
027E           1110   ;forward_R                 Allocated with name '_sendMessage_PARM_4'
027E           1111   ;backward_L                Allocated to registers r2 r3 
027E           1112   ;------------------------------------------------------------
027E           1113   ;        C:\Users\Igor\Dropbox\Homework\UBC\Elec 291\EM-Tether-Robot\Transmitter_Ones\Transmitter_Code.c:246: void sendMessage (int backward_L, int backward_R, int forward_L, int forward_R)
027E           1114   ;        -----------------------------------------
027E           1115   ;         function sendMessage
027E           1116   ;        -----------------------------------------
027E           1117   _sendMessage:
027E AA82      1118            mov     r2,dpl
0280 AB83      1119            mov     r3,dph
0282           1120   ;        C:\Users\Igor\Dropbox\Homework\UBC\Elec 291\EM-Tether-Robot\Transmitter_Ones\Transmitter_Code.c:248: sendOne();
0282 C002      1121            push    ar2
0284 C003      1122            push    ar3
0286 120100    1123            lcall   _sendOne
0289           1124   ;        C:\Users\Igor\Dropbox\Homework\UBC\Elec 291\EM-Tether-Robot\Transmitter_Ones\Transmitter_Code.c:249: sendOne();
0289 120100    1125            lcall   _sendOne
028C           1126   ;        C:\Users\Igor\Dropbox\Homework\UBC\Elec 291\EM-Tether-Robot\Transmitter_Ones\Transmitter_Code.c:250: sendZero();
028C 120100    1127            lcall   _sendZero
028F D003      1128            pop     ar3
0291 D002      1129            pop     ar2
0293           1130   ;        C:\Users\Igor\Dropbox\Homework\UBC\Elec 291\EM-Tether-Robot\Transmitter_Ones\Transmitter_Code.c:251: if (forward_L>0)
0293 C3        1131            clr     c
0294 E4        1132            clr     a
0295 95C0      1133            subb    a,_sendMessage_PARM_3
0297 E4        1134            clr     a
0298 6480      1135            xrl     a,#0x80
029A 85C1F0    1136            mov     b,(_sendMessage_PARM_3 + 1)
029D 63F080    1137            xrl     b,#0x80
02A0 95F0      1138            subb    a,b
02A2 5001      1139            jnc     L013002?
02A4           1140   ;        C:\Users\Igor\Dropbox\Homework\UBC\Elec 291\EM-Tether-Robot\Transmitter_Ones\Transmitter_Code.c:253: sendOne();
02A4 120100    1141            lcall   _sendOne
02A7           1142   ;        C:\Users\Igor\Dropbox\Homework\UBC\Elec 291\EM-Tether-Robot\Transmitter_Ones\Transmitter_Code.c:254: sendCommand(forward_L);
02A7 85C082    1143            mov     dpl,_sendMessage_PARM_3
02AA 85C183    1144            mov     dph,(_sendMessage_PARM_3 + 1)
02AD 120100    1145            lcall   _sendCommand
02B0 8001      1146            sjmp    L013003?
02B2           1147   L013002?:
02B2           1148   ;        C:\Users\Igor\Dropbox\Homework\UBC\Elec 291\EM-Tether-Robot\Transmitter_Ones\Transmitter_Code.c:258: sendZero();
02B2 C002      1149            push    ar2
02B4 C003      1150            push    ar3
02B6 120100    1151            lcall   _sendZero
02B9 D003      1152            pop     ar3
02BB D002      1153            pop     ar2
02BD           1154   ;        C:\Users\Igor\Dropbox\Homework\UBC\Elec 291\EM-Tether-Robot\Transmitter_Ones\Transmitter_Code.c:259: sendCommand(backward_L);
02BD 8A82      1155            mov     dpl,r2
02BF 8B83      1156            mov     dph,r3
02C1 120100    1157            lcall   _sendCommand
02C4           1158   L013003?:
02C4           1159   ;        C:\Users\Igor\Dropbox\Homework\UBC\Elec 291\EM-Tether-Robot\Transmitter_Ones\Transmitter_Code.c:261: if (forward_R>0)
02C4 C3        1160            clr     c
02C5 E4        1161            clr     a
02C6 9570      1162            subb    a,_sendMessage_PARM_4
02C8 E4        1163            clr     a
02C9 6480      1164            xrl     a,#0x80
02CB 8571F0    1165            mov     b,(_sendMessage_PARM_4 + 1)
02CE 63F080    1166            xrl     b,#0x80
02D1 95F0      1167            subb    a,b
02D3 5001      1168            jnc     L013005?
02D5           1169   ;        C:\Users\Igor\Dropbox\Homework\UBC\Elec 291\EM-Tether-Robot\Transmitter_Ones\Transmitter_Code.c:263: sendOne();
02D5 120100    1170            lcall   _sendOne
02D8           1171   ;        C:\Users\Igor\Dropbox\Homework\UBC\Elec 291\EM-Tether-Robot\Transmitter_Ones\Transmitter_Code.c:264: sendCommand(forward_R);
02D8 857082    1172            mov     dpl,_sendMessage_PARM_4
02DB 857183    1173            mov     dph,(_sendMessage_PARM_4 + 1)
02DE 120100    1174            lcall   _sendCommand
02E1 8001      1175            sjmp    L013006?
02E3           1176   L013005?:
02E3           1177   ;        C:\Users\Igor\Dropbox\Homework\UBC\Elec 291\EM-Tether-Robot\Transmitter_Ones\Transmitter_Code.c:268: sendZero();
02E3 120100    1178            lcall   _sendZero
02E6           1179   ;        C:\Users\Igor\Dropbox\Homework\UBC\Elec 291\EM-Tether-Robot\Transmitter_Ones\Transmitter_Code.c:269: sendCommand(backward_R);
02E6 851082    1180            mov     dpl,_sendMessage_PARM_2
02E9 851183    1181            mov     dph,(_sendMessage_PARM_2 + 1)
02EC 120100    1182            lcall   _sendCommand
02EF           1183   L013006?:
02EF           1184   ;        C:\Users\Igor\Dropbox\Homework\UBC\Elec 291\EM-Tether-Robot\Transmitter_Ones\Transmitter_Code.c:271: sendZero();
02EF 120100    1185            lcall   _sendZero
02F2           1186   ;        C:\Users\Igor\Dropbox\Homework\UBC\Elec 291\EM-Tether-Robot\Transmitter_Ones\Transmitter_Code.c:272: sendZero();
02F2 120100    1187            lcall   _sendZero
02F5           1188   ;        C:\Users\Igor\Dropbox\Homework\UBC\Elec 291\EM-Tether-Robot\Transmitter_Ones\Transmitter_Code.c:273: sendOne();
02F5 120100    1189            lcall   _sendOne
02F8           1190   ;        C:\Users\Igor\Dropbox\Homework\UBC\Elec 291\EM-Tether-Robot\Transmitter_Ones\Transmitter_Code.c:274: TR2=0;
02F8 C2CA      1191            clr     _TR2
02FA           1192   ;        C:\Users\Igor\Dropbox\Homework\UBC\Elec 291\EM-Tether-Robot\Transmitter_Ones\Transmitter_Code.c:275: waitms(DELAY*BITWIDTH);
02FA 9000A0    1193            mov     dptr,#0x00A0
02FD 020100    1194            ljmp    _waitms
0300           1195   ;------------------------------------------------------------
0300           1196   ;Allocation info for local variables in function 'sendOnes'
0300           1197   ;------------------------------------------------------------
0300           1198   ;number                    Allocated to registers r2 r3 
0300           1199   ;------------------------------------------------------------
0300           1200   ;        C:\Users\Igor\Dropbox\Homework\UBC\Elec 291\EM-Tether-Robot\Transmitter_Ones\Transmitter_Code.c:278: void sendOnes(int number)
0300           1201   ;        -----------------------------------------
0300           1202   ;         function sendOnes
0300           1203   ;        -----------------------------------------
0300           1204   _sendOnes:
0300 AA82      1205            mov     r2,dpl
0302 AB83      1206            mov     r3,dph
0304           1207   ;        C:\Users\Igor\Dropbox\Homework\UBC\Elec 291\EM-Tether-Robot\Transmitter_Ones\Transmitter_Code.c:280: while(number>0)
0304           1208   L014001?:
0304 C3        1209            clr     c
0305 E4        1210            clr     a
0306 9A        1211            subb    a,r2
0307 E4        1212            clr     a
0308 6480      1213            xrl     a,#0x80
030A 8BF0      1214            mov     b,r3
030C 63F080    1215            xrl     b,#0x80
030F 95F0      1216            subb    a,b
0311 5001      1217            jnc     L014003?
0313           1218   ;        C:\Users\Igor\Dropbox\Homework\UBC\Elec 291\EM-Tether-Robot\Transmitter_Ones\Transmitter_Code.c:282: sendOne();
0313 C002      1219            push    ar2
0315 C003      1220            push    ar3
0317 120100    1221            lcall   _sendOne
031A           1222   ;        C:\Users\Igor\Dropbox\Homework\UBC\Elec 291\EM-Tether-Robot\Transmitter_Ones\Transmitter_Code.c:283: sendZero();
031A 120100    1223            lcall   _sendZero
031D D003      1224            pop     ar3
031F D002      1225            pop     ar2
0321           1226   ;        C:\Users\Igor\Dropbox\Homework\UBC\Elec 291\EM-Tether-Robot\Transmitter_Ones\Transmitter_Code.c:284: number--;
0321 1A        1227            dec     r2
0322 BAFFA8    1228            cjne    r2,#0xff,L014001?
0325 1B        1229            dec     r3
0326 8001      1230            sjmp    L014001?
0328           1231   L014003?:
0328           1232   ;        C:\Users\Igor\Dropbox\Homework\UBC\Elec 291\EM-Tether-Robot\Transmitter_Ones\Transmitter_Code.c:286: sendZero();
0328 120100    1233            lcall   _sendZero
032B           1234   ;        C:\Users\Igor\Dropbox\Homework\UBC\Elec 291\EM-Tether-Robot\Transmitter_Ones\Transmitter_Code.c:287: sendZero();
032B 020100    1235            ljmp    _sendZero
032E           1236   ;------------------------------------------------------------
032E           1237   ;Allocation info for local variables in function 'main'
032E           1238   ;------------------------------------------------------------
032E           1239   ;Vx                        Allocated with name '_main_Vx_1_78'
032E           1240   ;Vy                        Allocated to registers r6 r7 r0 r1 
032E           1241   ;backward_L                Allocated to registers 
032E           1242   ;backward_R                Allocated to registers 
032E           1243   ;forward_L                 Allocated to registers 
032E           1244   ;forward_R                 Allocated to registers 
032E           1245   ;------------------------------------------------------------
032E           1246   ;        C:\Users\Igor\Dropbox\Homework\UBC\Elec 291\EM-Tether-Robot\Transmitter_Ones\Transmitter_Code.c:290: void main (void)
032E           1247   ;        -----------------------------------------
032E           1248   ;         function main
032E           1249   ;        -----------------------------------------
032E           1250   _main:
032E           1251   ;        C:\Users\Igor\Dropbox\Homework\UBC\Elec 291\EM-Tether-Robot\Transmitter_Ones\Transmitter_Code.c:298: InitADC();
032E 120100    1252            lcall   _InitADC
0331           1253   ;        C:\Users\Igor\Dropbox\Homework\UBC\Elec 291\EM-Tether-Robot\Transmitter_Ones\Transmitter_Code.c:299: InitPinADC(0,1);
0331 755001    1254            mov     _InitPinADC_PARM_2,#0x01
0334 758200    1255            mov     dpl,#0x00
0337 120100    1256            lcall   _InitPinADC
033A           1257   ;        C:\Users\Igor\Dropbox\Homework\UBC\Elec 291\EM-Tether-Robot\Transmitter_Ones\Transmitter_Code.c:300: InitPinADC(0,2);
033A 755002    1258            mov     _InitPinADC_PARM_2,#0x02
033D 758200    1259            mov     dpl,#0x00
0340 120100    1260            lcall   _InitPinADC
0343           1261   ;        C:\Users\Igor\Dropbox\Homework\UBC\Elec 291\EM-Tether-Robot\Transmitter_Ones\Transmitter_Code.c:302: TMR2RL=0x10000L-(SYSCLK/(2L*FREQ));
0343 75CAEE    1262            mov     _TMR2RL,#0xEE
0346 75CBF6    1263            mov     (_TMR2RL >> 8),#0xF6
0349           1264   ;        C:\Users\Igor\Dropbox\Homework\UBC\Elec 291\EM-Tether-Robot\Transmitter_Ones\Transmitter_Code.c:303: TR2=0; // Stop timer 2
0349 C2CA      1265            clr     _TR2
034B           1266   ;        C:\Users\Igor\Dropbox\Homework\UBC\Elec 291\EM-Tether-Robot\Transmitter_Ones\Transmitter_Code.c:305: while(1)
034B           1267   L015022?:
034B           1268   ;        C:\Users\Igor\Dropbox\Homework\UBC\Elec 291\EM-Tether-Robot\Transmitter_Ones\Transmitter_Code.c:307: Vx = Volts_at_Pin(QFP32_MUX_P0_2);
034B 758201    1269            mov     dpl,#0x01
034E 120100    1270            lcall   _Volts_at_Pin
0351 858298    1271            mov     _main_Vx_1_78,dpl
0354 858399    1272            mov     (_main_Vx_1_78 + 1),dph
0357 85F09A    1273            mov     (_main_Vx_1_78 + 2),b
035A F59B      1274            mov     (_main_Vx_1_78 + 3),a
035C           1275   ;        C:\Users\Igor\Dropbox\Homework\UBC\Elec 291\EM-Tether-Robot\Transmitter_Ones\Transmitter_Code.c:308: Vy = Volts_at_Pin(QFP32_MUX_P0_1);
035C 758200    1276            mov     dpl,#0x00
035F 120100    1277            lcall   _Volts_at_Pin
0362 AE82      1278            mov     r6,dpl
0364 AF83      1279            mov     r7,dph
0366 A8F0      1280            mov     r0,b
0368 F9        1281            mov     r1,a
0369           1282   ;        C:\Users\Igor\Dropbox\Homework\UBC\Elec 291\EM-Tether-Robot\Transmitter_Ones\Transmitter_Code.c:310: if(Vx>VxMidHigh && Vy>VyMidLow && Vy<VyMidHigh) //forward
0369 C006      1283            push    ar6
036B C007      1284            push    ar7
036D C000      1285            push    ar0
036F C001      1286            push    ar1
0371 743D      1287            mov     a,#0x3D
0373 C0E0      1288            push    acc
0375 740A      1289            mov     a,#0x0A
0377 C0E0      1290            push    acc
0379 74D7      1291            mov     a,#0xD7
037B C0E0      1292            push    acc
037D 743F      1293            mov     a,#0x3F
037F C0E0      1294            push    acc
0381 859882    1295            mov     dpl,_main_Vx_1_78
0384 859983    1296            mov     dph,(_main_Vx_1_78 + 1)
0387 859AF0    1297            mov     b,(_main_Vx_1_78 + 2)
038A E59B      1298            mov     a,(_main_Vx_1_78 + 3)
038C 120100    1299            lcall   ___fsgt
038F AA82      1300            mov     r2,dpl
0391 E581      1301            mov     a,sp
0393 24FC      1302            add     a,#0xfc
0395 F581      1303            mov     sp,a
0397 D001      1304            pop     ar1
0399 D000      1305            pop     ar0
039B D007      1306            pop     ar7
039D D006      1307            pop     ar6
039F EA        1308            mov     a,r2
03A0 6001      1309            jz      L015017?
03A2 C006      1310            push    ar6
03A4 C007      1311            push    ar7
03A6 C000      1312            push    ar0
03A8 C001      1313            push    ar1
03AA 7471      1314            mov     a,#0x71
03AC C0E0      1315            push    acc
03AE 743D      1316            mov     a,#0x3D
03B0 C0E0      1317            push    acc
03B2 74CA      1318            mov     a,#0xCA
03B4 C0E0      1319            push    acc
03B6 743F      1320            mov     a,#0x3F
03B8 C0E0      1321            push    acc
03BA 8E82      1322            mov     dpl,r6
03BC 8F83      1323            mov     dph,r7
03BE 88F0      1324            mov     b,r0
03C0 E9        1325            mov     a,r1
03C1 120100    1326            lcall   ___fsgt
03C4 AA82      1327            mov     r2,dpl
03C6 E581      1328            mov     a,sp
03C8 24FC      1329            add     a,#0xfc
03CA F581      1330            mov     sp,a
03CC D001      1331            pop     ar1
03CE D000      1332            pop     ar0
03D0 D007      1333            pop     ar7
03D2 D006      1334            pop     ar6
03D4 EA        1335            mov     a,r2
03D5 6001      1336            jz      L015017?
03D7 C006      1337            push    ar6
03D9 C007      1338            push    ar7
03DB C000      1339            push    ar0
03DD C001      1340            push    ar1
03DF 74CD      1341            mov     a,#0xCD
03E1 C0E0      1342            push    acc
03E3 74CC      1343            mov     a,#0xCC
03E5 C0E0      1344            push    acc
03E7 C0E0      1345            push    acc
03E9 743F      1346            mov     a,#0x3F
03EB C0E0      1347            push    acc
03ED 8E82      1348            mov     dpl,r6
03EF 8F83      1349            mov     dph,r7
03F1 88F0      1350            mov     b,r0
03F3 E9        1351            mov     a,r1
03F4 120100    1352            lcall   ___fslt
03F7 AA82      1353            mov     r2,dpl
03F9 E581      1354            mov     a,sp
03FB 24FC      1355            add     a,#0xfc
03FD F581      1356            mov     sp,a
03FF D001      1357            pop     ar1
0401 D000      1358            pop     ar0
0403 D007      1359            pop     ar7
0405 D006      1360            pop     ar6
0407 EA        1361            mov     a,r2
0408 6001      1362            jz      L015017?
040A           1363   ;        C:\Users\Igor\Dropbox\Homework\UBC\Elec 291\EM-Tether-Robot\Transmitter_Ones\Transmitter_Code.c:312: sendOnes(2);
040A 900002    1364            mov     dptr,#0x0002
040D 120100    1365            lcall   _sendOnes
0410 020100    1366            ljmp    L015022?
0413           1367   L015017?:
0413           1368   ;        C:\Users\Igor\Dropbox\Homework\UBC\Elec 291\EM-Tether-Robot\Transmitter_Ones\Transmitter_Code.c:314: else if(Vx<VxMidLow && Vy>VyMidLow && Vy<VyMidHigh) //backward
0413 C006      1369            push    ar6
0415 C007      1370            push    ar7
0417 C000      1371            push    ar0
0419 C001      1372            push    ar1
041B 74E1      1373            mov     a,#0xE1
041D C0E0      1374            push    acc
041F 747A      1375            mov     a,#0x7A
0421 C0E0      1376            push    acc
0423 74D4      1377            mov     a,#0xD4
0425 C0E0      1378            push    acc
0427 743F      1379            mov     a,#0x3F
0429 C0E0      1380            push    acc
042B 859882    1381            mov     dpl,_main_Vx_1_78
042E 859983    1382            mov     dph,(_main_Vx_1_78 + 1)
0431 859AF0    1383            mov     b,(_main_Vx_1_78 + 2)
0434 E59B      1384            mov     a,(_main_Vx_1_78 + 3)
0436 120100    1385            lcall   ___fslt
0439 AA82      1386            mov     r2,dpl
043B E581      1387            mov     a,sp
043D 24FC      1388            add     a,#0xfc
043F F581      1389            mov     sp,a
0441 D001      1390            pop     ar1
0443 D000      1391            pop     ar0
0445 D007      1392            pop     ar7
0447 D006      1393            pop     ar6
0449 EA        1394            mov     a,r2
044A 6001      1395            jz      L015012?
044C C006      1396            push    ar6
044E C007      1397            push    ar7
0450 C000      1398            push    ar0
0452 C001      1399            push    ar1
0454 7471      1400            mov     a,#0x71
0456 C0E0      1401            push    acc
0458 743D      1402            mov     a,#0x3D
045A C0E0      1403            push    acc
045C 74CA      1404            mov     a,#0xCA
045E C0E0      1405            push    acc
0460 743F      1406            mov     a,#0x3F
0462 C0E0      1407            push    acc
0464 8E82      1408            mov     dpl,r6
0466 8F83      1409            mov     dph,r7
0468 88F0      1410            mov     b,r0
046A E9        1411            mov     a,r1
046B 120100    1412            lcall   ___fsgt
046E AA82      1413            mov     r2,dpl
0470 E581      1414            mov     a,sp
0472 24FC      1415            add     a,#0xfc
0474 F581      1416            mov     sp,a
0476 D001      1417            pop     ar1
0478 D000      1418            pop     ar0
047A D007      1419            pop     ar7
047C D006      1420            pop     ar6
047E EA        1421            mov     a,r2
047F 6001      1422            jz      L015012?
0481 C006      1423            push    ar6
0483 C007      1424            push    ar7
0485 C000      1425            push    ar0
0487 C001      1426            push    ar1
0489 74CD      1427            mov     a,#0xCD
048B C0E0      1428            push    acc
048D 74CC      1429            mov     a,#0xCC
048F C0E0      1430            push    acc
0491 C0E0      1431            push    acc
0493 743F      1432            mov     a,#0x3F
0495 C0E0      1433            push    acc
0497 8E82      1434            mov     dpl,r6
0499 8F83      1435            mov     dph,r7
049B 88F0      1436            mov     b,r0
049D E9        1437            mov     a,r1
049E 120100    1438            lcall   ___fslt
04A1 AA82      1439            mov     r2,dpl
04A3 E581      1440            mov     a,sp
04A5 24FC      1441            add     a,#0xfc
04A7 F581      1442            mov     sp,a
04A9 D001      1443            pop     ar1
04AB D000      1444            pop     ar0
04AD D007      1445            pop     ar7
04AF D006      1446            pop     ar6
04B1 EA        1447            mov     a,r2
04B2 6001      1448            jz      L015012?
04B4           1449   ;        C:\Users\Igor\Dropbox\Homework\UBC\Elec 291\EM-Tether-Robot\Transmitter_Ones\Transmitter_Code.c:316: sendOnes(3);
04B4 900003    1450            mov     dptr,#0x0003
04B7 120100    1451            lcall   _sendOnes
04BA 020100    1452            ljmp    L015022?
04BD           1453   L015012?:
04BD           1454   ;        C:\Users\Igor\Dropbox\Homework\UBC\Elec 291\EM-Tether-Robot\Transmitter_Ones\Transmitter_Code.c:318: else if(Vx<VxMidHigh && Vx>VxMidLow && Vy<VyMidLow) // left
04BD C006      1455            push    ar6
04BF C007      1456            push    ar7
04C1 C000      1457            push    ar0
04C3 C001      1458            push    ar1
04C5 743D      1459            mov     a,#0x3D
04C7 C0E0      1460            push    acc
04C9 740A      1461            mov     a,#0x0A
04CB C0E0      1462            push    acc
04CD 74D7      1463            mov     a,#0xD7
04CF C0E0      1464            push    acc
04D1 743F      1465            mov     a,#0x3F
04D3 C0E0      1466            push    acc
04D5 859882    1467            mov     dpl,_main_Vx_1_78
04D8 859983    1468            mov     dph,(_main_Vx_1_78 + 1)
04DB 859AF0    1469            mov     b,(_main_Vx_1_78 + 2)
04DE E59B      1470            mov     a,(_main_Vx_1_78 + 3)
04E0 120100    1471            lcall   ___fslt
04E3 AA82      1472            mov     r2,dpl
04E5 E581      1473            mov     a,sp
04E7 24FC      1474            add     a,#0xfc
04E9 F581      1475            mov     sp,a
04EB D001      1476            pop     ar1
04ED D000      1477            pop     ar0
04EF D007      1478            pop     ar7
04F1 D006      1479            pop     ar6
04F3 EA        1480            mov     a,r2
04F4 7001      1481            jnz     L015045?
04F6 020100    1482            ljmp    L015007?
04F9           1483   L015045?:
04F9 C002      1484            push    ar2
04FB C006      1485            push    ar6
04FD C007      1486            push    ar7
04FF C000      1487            push    ar0
0501 C001      1488            push    ar1
0503 74E1      1489            mov     a,#0xE1
0505 C0E0      1490            push    acc
0507 747A      1491            mov     a,#0x7A
0509 C0E0      1492            push    acc
050B 74D4      1493            mov     a,#0xD4
050D C0E0      1494            push    acc
050F 743F      1495            mov     a,#0x3F
0511 C0E0      1496            push    acc
0513 859882    1497            mov     dpl,_main_Vx_1_78
0516 859983    1498            mov     dph,(_main_Vx_1_78 + 1)
0519 859AF0    1499            mov     b,(_main_Vx_1_78 + 2)
051C E59B      1500            mov     a,(_main_Vx_1_78 + 3)
051E 120100    1501            lcall   ___fsgt
0521 AB82      1502            mov     r3,dpl
0523 E581      1503            mov     a,sp
0525 24FC      1504            add     a,#0xfc
0527 F581      1505            mov     sp,a
0529 D001      1506            pop     ar1
052B D000      1507            pop     ar0
052D D007      1508            pop     ar7
052F D006      1509            pop     ar6
0531 D002      1510            pop     ar2
0533 EB        1511            mov     a,r3
0534 6001      1512            jz      L015007?
0536 C002      1513            push    ar2
0538 C006      1514            push    ar6
053A C007      1515            push    ar7
053C C000      1516            push    ar0
053E C001      1517            push    ar1
0540 7471      1518            mov     a,#0x71
0542 C0E0      1519            push    acc
0544 743D      1520            mov     a,#0x3D
0546 C0E0      1521            push    acc
0548 74CA      1522            mov     a,#0xCA
054A C0E0      1523            push    acc
054C 743F      1524            mov     a,#0x3F
054E C0E0      1525            push    acc
0550 8E82      1526            mov     dpl,r6
0552 8F83      1527            mov     dph,r7
0554 88F0      1528            mov     b,r0
0556 E9        1529            mov     a,r1
0557 120100    1530            lcall   ___fslt
055A AB82      1531            mov     r3,dpl
055C E581      1532            mov     a,sp
055E 24FC      1533            add     a,#0xfc
0560 F581      1534            mov     sp,a
0562 D001      1535            pop     ar1
0564 D000      1536            pop     ar0
0566 D007      1537            pop     ar7
0568 D006      1538            pop     ar6
056A D002      1539            pop     ar2
056C EB        1540            mov     a,r3
056D 6001      1541            jz      L015007?
056F           1542   ;        C:\Users\Igor\Dropbox\Homework\UBC\Elec 291\EM-Tether-Robot\Transmitter_Ones\Transmitter_Code.c:320: sendOnes(4);
056F 900004    1543            mov     dptr,#0x0004
0572 120100    1544            lcall   _sendOnes
0575 020100    1545            ljmp    L015022?
0578           1546   L015007?:
0578           1547   ;        C:\Users\Igor\Dropbox\Homework\UBC\Elec 291\EM-Tether-Robot\Transmitter_Ones\Transmitter_Code.c:322: else if(Vx<VxMidHigh && Vx>VxMidLow && Vy>VyMidHigh) // right
0578 EA        1548            mov     a,r2
0579 6001      1549            jz      L015002?
057B C006      1550            push    ar6
057D C007      1551            push    ar7
057F C000      1552            push    ar0
0581 C001      1553            push    ar1
0583 74E1      1554            mov     a,#0xE1
0585 C0E0      1555            push    acc
0587 747A      1556            mov     a,#0x7A
0589 C0E0      1557            push    acc
058B 74D4      1558            mov     a,#0xD4
058D C0E0      1559            push    acc
058F 743F      1560            mov     a,#0x3F
0591 C0E0      1561            push    acc
0593 859882    1562            mov     dpl,_main_Vx_1_78
0596 859983    1563            mov     dph,(_main_Vx_1_78 + 1)
0599 859AF0    1564            mov     b,(_main_Vx_1_78 + 2)
059C E59B      1565            mov     a,(_main_Vx_1_78 + 3)
059E 120100    1566            lcall   ___fsgt
05A1 AA82      1567            mov     r2,dpl
05A3 E581      1568            mov     a,sp
05A5 24FC      1569            add     a,#0xfc
05A7 F581      1570            mov     sp,a
05A9 D001      1571            pop     ar1
05AB D000      1572            pop     ar0
05AD D007      1573            pop     ar7
05AF D006      1574            pop     ar6
05B1 EA        1575            mov     a,r2
05B2 6001      1576            jz      L015002?
05B4 74CD      1577            mov     a,#0xCD
05B6 C0E0      1578            push    acc
05B8 74CC      1579            mov     a,#0xCC
05BA C0E0      1580            push    acc
05BC C0E0      1581            push    acc
05BE 743F      1582            mov     a,#0x3F
05C0 C0E0      1583            push    acc
05C2 8E82      1584            mov     dpl,r6
05C4 8F83      1585            mov     dph,r7
05C6 88F0      1586            mov     b,r0
05C8 E9        1587            mov     a,r1
05C9 120100    1588            lcall   ___fsgt
05CC AA82      1589            mov     r2,dpl
05CE E581      1590            mov     a,sp
05D0 24FC      1591            add     a,#0xfc
05D2 F581      1592            mov     sp,a
05D4 EA        1593            mov     a,r2
05D5 6001      1594            jz      L015002?
05D7           1595   ;        C:\Users\Igor\Dropbox\Homework\UBC\Elec 291\EM-Tether-Robot\Transmitter_Ones\Transmitter_Code.c:324: sendOnes(5);
05D7 900005    1596            mov     dptr,#0x0005
05DA 120100    1597            lcall   _sendOnes
05DD 020100    1598            ljmp    L015022?
05E0           1599   L015002?:
05E0           1600   ;        C:\Users\Igor\Dropbox\Homework\UBC\Elec 291\EM-Tether-Robot\Transmitter_Ones\Transmitter_Code.c:328: sendOnes(1);
05E0 900001    1601            mov     dptr,#0x0001
05E3 120100    1602            lcall   _sendOnes
05E6 020100    1603            ljmp    L015022?
05E9           1604            rseg R_CSEG
05E9           1605   
0000           1606            rseg R_XINIT
0000           1607   
0000           1608            rseg R_CONST
0000           1609   
002E           1610            CSEG
002E           1611   
002E           1612   end
