0000              1   ;--------------------------------------------------------
0000              2   ; File Created by C51
0000              3   ; Version 1.0.0 #1069 (Apr 23 2015) (MSVC)
0000              4   ; This file was generated Fri Mar 23 21:38:35 2018
0000              5   ;--------------------------------------------------------
                  5   $name Transmitter_with_bluetooth
                  6   $optc51 --model-small
0000              8            R_DSEG    segment data
0000              9            R_CSEG    segment code
0000             10            R_BSEG    segment bit
0000             11            R_XSEG    segment xdata
0000             12            R_PSEG    segment xdata
0000             13            R_ISEG    segment idata
0000             14            R_OSEG    segment data overlay
0000             15            BIT_BANK  segment data overlay
0000             16            R_HOME    segment code
0000             17            R_GSINIT  segment code
0000             18            R_IXSEG   segment xdata
0000             19            R_CONST   segment code
0000             20            R_XINIT   segment code
0000             21            R_DINIT   segment code
0000             22   
0000             23   ;--------------------------------------------------------
0000             24   ; Public variables in this module
0000             25   ;--------------------------------------------------------
0000             26            public _InitPinADC_PARM_2
0000             27            public _main
0000             28            public _sendOne
0000             29            public _sendZero
0000             30            public _Volts_at_Pin
0000             31            public _ADC_at_Pin
0000             32            public _InitPinADC
0000             33            public _InitADC
0000             34            public _SPIWrite
0000             35            public _Timer2_ISR
0000             36            public _waitms
0000             37            public _Timer3us
0000             38            public __c51_external_startup
0000             39            public _on_off
0000             40            public _command
0000             41            public _overflow_count
0000             42   ;--------------------------------------------------------
0000             43   ; Special Function Registers
0000             44   ;--------------------------------------------------------
0000             45   _ACC            DATA 0xe0
0000             46   _ADC0ASAH       DATA 0xb6
0000             47   _ADC0ASAL       DATA 0xb5
0000             48   _ADC0ASCF       DATA 0xa1
0000             49   _ADC0ASCT       DATA 0xc7
0000             50   _ADC0CF0        DATA 0xbc
0000             51   _ADC0CF1        DATA 0xb9
0000             52   _ADC0CF2        DATA 0xdf
0000             53   _ADC0CN0        DATA 0xe8
0000             54   _ADC0CN1        DATA 0xb2
0000             55   _ADC0CN2        DATA 0xb3
0000             56   _ADC0GTH        DATA 0xc4
0000             57   _ADC0GTL        DATA 0xc3
0000             58   _ADC0H          DATA 0xbe
0000             59   _ADC0L          DATA 0xbd
0000             60   _ADC0LTH        DATA 0xc6
0000             61   _ADC0LTL        DATA 0xc5
0000             62   _ADC0MX         DATA 0xbb
0000             63   _B              DATA 0xf0
0000             64   _CKCON0         DATA 0x8e
0000             65   _CKCON1         DATA 0xa6
0000             66   _CLEN0          DATA 0xc6
0000             67   _CLIE0          DATA 0xc7
0000             68   _CLIF0          DATA 0xe8
0000             69   _CLKSEL         DATA 0xa9
0000             70   _CLOUT0         DATA 0xd1
0000             71   _CLU0CF         DATA 0xb1
0000             72   _CLU0FN         DATA 0xaf
0000             73   _CLU0MX         DATA 0x84
0000             74   _CLU1CF         DATA 0xb3
0000             75   _CLU1FN         DATA 0xb2
0000             76   _CLU1MX         DATA 0x85
0000             77   _CLU2CF         DATA 0xb6
0000             78   _CLU2FN         DATA 0xb5
0000             79   _CLU2MX         DATA 0x91
0000             80   _CLU3CF         DATA 0xbf
0000             81   _CLU3FN         DATA 0xbe
0000             82   _CLU3MX         DATA 0xae
0000             83   _CMP0CN0        DATA 0x9b
0000             84   _CMP0CN1        DATA 0x99
0000             85   _CMP0MD         DATA 0x9d
0000             86   _CMP0MX         DATA 0x9f
0000             87   _CMP1CN0        DATA 0xbf
0000             88   _CMP1CN1        DATA 0xac
0000             89   _CMP1MD         DATA 0xab
0000             90   _CMP1MX         DATA 0xaa
0000             91   _CRC0CN0        DATA 0xce
0000             92   _CRC0CN1        DATA 0x86
0000             93   _CRC0CNT        DATA 0xd3
0000             94   _CRC0DAT        DATA 0xcb
0000             95   _CRC0FLIP       DATA 0xcf
0000             96   _CRC0IN         DATA 0xca
0000             97   _CRC0ST         DATA 0xd2
0000             98   _DAC0CF0        DATA 0x91
0000             99   _DAC0CF1        DATA 0x92
0000            100   _DAC0H          DATA 0x85
0000            101   _DAC0L          DATA 0x84
0000            102   _DAC1CF0        DATA 0x93
0000            103   _DAC1CF1        DATA 0x94
0000            104   _DAC1H          DATA 0x8a
0000            105   _DAC1L          DATA 0x89
0000            106   _DAC2CF0        DATA 0x95
0000            107   _DAC2CF1        DATA 0x96
0000            108   _DAC2H          DATA 0x8c
0000            109   _DAC2L          DATA 0x8b
0000            110   _DAC3CF0        DATA 0x9a
0000            111   _DAC3CF1        DATA 0x9c
0000            112   _DAC3H          DATA 0x8e
0000            113   _DAC3L          DATA 0x8d
0000            114   _DACGCF0        DATA 0x88
0000            115   _DACGCF1        DATA 0x98
0000            116   _DACGCF2        DATA 0xa2
0000            117   _DERIVID        DATA 0xad
0000            118   _DEVICEID       DATA 0xb5
0000            119   _DPH            DATA 0x83
0000            120   _DPL            DATA 0x82
0000            121   _EIE1           DATA 0xe6
0000            122   _EIE2           DATA 0xf3
0000            123   _EIP1           DATA 0xbb
0000            124   _EIP1H          DATA 0xee
0000            125   _EIP2           DATA 0xed
0000            126   _EIP2H          DATA 0xf6
0000            127   _EMI0CN         DATA 0xe7
0000            128   _FLKEY          DATA 0xb7
0000            129   _HFO0CAL        DATA 0xc7
0000            130   _HFO1CAL        DATA 0xd6
0000            131   _HFOCN          DATA 0xef
0000            132   _I2C0ADM        DATA 0xff
0000            133   _I2C0CN0        DATA 0xba
0000            134   _I2C0DIN        DATA 0xbc
0000            135   _I2C0DOUT       DATA 0xbb
0000            136   _I2C0FCN0       DATA 0xad
0000            137   _I2C0FCN1       DATA 0xab
0000            138   _I2C0FCT        DATA 0xf5
0000            139   _I2C0SLAD       DATA 0xbd
0000            140   _I2C0STAT       DATA 0xb9
0000            141   _IE             DATA 0xa8
0000            142   _IP             DATA 0xb8
0000            143   _IPH            DATA 0xf2
0000            144   _IT01CF         DATA 0xe4
0000            145   _LFO0CN         DATA 0xb1
0000            146   _P0             DATA 0x80
0000            147   _P0MASK         DATA 0xfe
0000            148   _P0MAT          DATA 0xfd
0000            149   _P0MDIN         DATA 0xf1
0000            150   _P0MDOUT        DATA 0xa4
0000            151   _P0SKIP         DATA 0xd4
0000            152   _P1             DATA 0x90
0000            153   _P1MASK         DATA 0xee
0000            154   _P1MAT          DATA 0xed
0000            155   _P1MDIN         DATA 0xf2
0000            156   _P1MDOUT        DATA 0xa5
0000            157   _P1SKIP         DATA 0xd5
0000            158   _P2             DATA 0xa0
0000            159   _P2MASK         DATA 0xfc
0000            160   _P2MAT          DATA 0xfb
0000            161   _P2MDIN         DATA 0xf3
0000            162   _P2MDOUT        DATA 0xa6
0000            163   _P2SKIP         DATA 0xcc
0000            164   _P3             DATA 0xb0
0000            165   _P3MDIN         DATA 0xf4
0000            166   _P3MDOUT        DATA 0x9c
0000            167   _PCA0CENT       DATA 0x9e
0000            168   _PCA0CLR        DATA 0x9c
0000            169   _PCA0CN0        DATA 0xd8
0000            170   _PCA0CPH0       DATA 0xfc
0000            171   _PCA0CPH1       DATA 0xea
0000            172   _PCA0CPH2       DATA 0xec
0000            173   _PCA0CPH3       DATA 0xf5
0000            174   _PCA0CPH4       DATA 0x85
0000            175   _PCA0CPH5       DATA 0xde
0000            176   _PCA0CPL0       DATA 0xfb
0000            177   _PCA0CPL1       DATA 0xe9
0000            178   _PCA0CPL2       DATA 0xeb
0000            179   _PCA0CPL3       DATA 0xf4
0000            180   _PCA0CPL4       DATA 0x84
0000            181   _PCA0CPL5       DATA 0xdd
0000            182   _PCA0CPM0       DATA 0xda
0000            183   _PCA0CPM1       DATA 0xdb
0000            184   _PCA0CPM2       DATA 0xdc
0000            185   _PCA0CPM3       DATA 0xae
0000            186   _PCA0CPM4       DATA 0xaf
0000            187   _PCA0CPM5       DATA 0xcc
0000            188   _PCA0H          DATA 0xfa
0000            189   _PCA0L          DATA 0xf9
0000            190   _PCA0MD         DATA 0xd9
0000            191   _PCA0POL        DATA 0x96
0000            192   _PCA0PWM        DATA 0xf7
0000            193   _PCON0          DATA 0x87
0000            194   _PCON1          DATA 0xcd
0000            195   _PFE0CN         DATA 0xc1
0000            196   _PRTDRV         DATA 0xf6
0000            197   _PSCTL          DATA 0x8f
0000            198   _PSTAT0         DATA 0xaa
0000            199   _PSW            DATA 0xd0
0000            200   _REF0CN         DATA 0xd1
0000            201   _REG0CN         DATA 0xc9
0000            202   _REVID          DATA 0xb6
0000            203   _RSTSRC         DATA 0xef
0000            204   _SBCON1         DATA 0x94
0000            205   _SBRLH1         DATA 0x96
0000            206   _SBRLL1         DATA 0x95
0000            207   _SBUF           DATA 0x99
0000            208   _SBUF0          DATA 0x99
0000            209   _SBUF1          DATA 0x92
0000            210   _SCON           DATA 0x98
0000            211   _SCON0          DATA 0x98
0000            212   _SCON1          DATA 0xc8
0000            213   _SFRPAGE        DATA 0xa7
0000            214   _SFRPGCN        DATA 0xbc
0000            215   _SFRSTACK       DATA 0xd7
0000            216   _SMB0ADM        DATA 0xd6
0000            217   _SMB0ADR        DATA 0xd7
0000            218   _SMB0CF         DATA 0xc1
0000            219   _SMB0CN0        DATA 0xc0
0000            220   _SMB0DAT        DATA 0xc2
0000            221   _SMB0FCN0       DATA 0xc3
0000            222   _SMB0FCN1       DATA 0xc4
0000            223   _SMB0FCT        DATA 0xef
0000            224   _SMB0RXLN       DATA 0xc5
0000            225   _SMB0TC         DATA 0xac
0000            226   _SMOD1          DATA 0x93
0000            227   _SP             DATA 0x81
0000            228   _SPI0CFG        DATA 0xa1
0000            229   _SPI0CKR        DATA 0xa2
0000            230   _SPI0CN0        DATA 0xf8
0000            231   _SPI0DAT        DATA 0xa3
0000            232   _SPI0FCN0       DATA 0x9a
0000            233   _SPI0FCN1       DATA 0x9b
0000            234   _SPI0FCT        DATA 0xf7
0000            235   _SPI0PCF        DATA 0xdf
0000            236   _TCON           DATA 0x88
0000            237   _TH0            DATA 0x8c
0000            238   _TH1            DATA 0x8d
0000            239   _TL0            DATA 0x8a
0000            240   _TL1            DATA 0x8b
0000            241   _TMOD           DATA 0x89
0000            242   _TMR2CN0        DATA 0xc8
0000            243   _TMR2CN1        DATA 0xfd
0000            244   _TMR2H          DATA 0xcf
0000            245   _TMR2L          DATA 0xce
0000            246   _TMR2RLH        DATA 0xcb
0000            247   _TMR2RLL        DATA 0xca
0000            248   _TMR3CN0        DATA 0x91
0000            249   _TMR3CN1        DATA 0xfe
0000            250   _TMR3H          DATA 0x95
0000            251   _TMR3L          DATA 0x94
0000            252   _TMR3RLH        DATA 0x93
0000            253   _TMR3RLL        DATA 0x92
0000            254   _TMR4CN0        DATA 0x98
0000            255   _TMR4CN1        DATA 0xff
0000            256   _TMR4H          DATA 0xa5
0000            257   _TMR4L          DATA 0xa4
0000            258   _TMR4RLH        DATA 0xa3
0000            259   _TMR4RLL        DATA 0xa2
0000            260   _TMR5CN0        DATA 0xc0
0000            261   _TMR5CN1        DATA 0xf1
0000            262   _TMR5H          DATA 0xd5
0000            263   _TMR5L          DATA 0xd4
0000            264   _TMR5RLH        DATA 0xd3
0000            265   _TMR5RLL        DATA 0xd2
0000            266   _UART0PCF       DATA 0xd9
0000            267   _UART1FCN0      DATA 0x9d
0000            268   _UART1FCN1      DATA 0xd8
0000            269   _UART1FCT       DATA 0xfa
0000            270   _UART1LIN       DATA 0x9e
0000            271   _UART1PCF       DATA 0xda
0000            272   _VDM0CN         DATA 0xff
0000            273   _WDTCN          DATA 0x97
0000            274   _XBR0           DATA 0xe1
0000            275   _XBR1           DATA 0xe2
0000            276   _XBR2           DATA 0xe3
0000            277   _XOSC0CN        DATA 0x86
0000            278   _DPTR           DATA 0x8382
0000            279   _TMR2RL         DATA 0xcbca
0000            280   _TMR3RL         DATA 0x9392
0000            281   _TMR4RL         DATA 0xa3a2
0000            282   _TMR5RL         DATA 0xd3d2
0000            283   _TMR0           DATA 0x8c8a
0000            284   _TMR1           DATA 0x8d8b
0000            285   _TMR2           DATA 0xcfce
0000            286   _TMR3           DATA 0x9594
0000            287   _TMR4           DATA 0xa5a4
0000            288   _TMR5           DATA 0xd5d4
0000            289   _SBRL1          DATA 0x9695
0000            290   _PCA0           DATA 0xfaf9
0000            291   _PCA0CP0        DATA 0xfcfb
0000            292   _PCA0CP1        DATA 0xeae9
0000            293   _PCA0CP2        DATA 0xeceb
0000            294   _PCA0CP3        DATA 0xf5f4
0000            295   _PCA0CP4        DATA 0x8584
0000            296   _PCA0CP5        DATA 0xdedd
0000            297   _ADC0ASA        DATA 0xb6b5
0000            298   _ADC0GT         DATA 0xc4c3
0000            299   _ADC0           DATA 0xbebd
0000            300   _ADC0LT         DATA 0xc6c5
0000            301   _DAC0           DATA 0x8584
0000            302   _DAC1           DATA 0x8a89
0000            303   _DAC2           DATA 0x8c8b
0000            304   _DAC3           DATA 0x8e8d
0000            305   ;--------------------------------------------------------
0000            306   ; special function bits
0000            307   ;--------------------------------------------------------
0000            308   _ACC_0          BIT 0xe0
0000            309   _ACC_1          BIT 0xe1
0000            310   _ACC_2          BIT 0xe2
0000            311   _ACC_3          BIT 0xe3
0000            312   _ACC_4          BIT 0xe4
0000            313   _ACC_5          BIT 0xe5
0000            314   _ACC_6          BIT 0xe6
0000            315   _ACC_7          BIT 0xe7
0000            316   _TEMPE          BIT 0xe8
0000            317   _ADGN0          BIT 0xe9
0000            318   _ADGN1          BIT 0xea
0000            319   _ADWINT         BIT 0xeb
0000            320   _ADBUSY         BIT 0xec
0000            321   _ADINT          BIT 0xed
0000            322   _IPOEN          BIT 0xee
0000            323   _ADEN           BIT 0xef
0000            324   _B_0            BIT 0xf0
0000            325   _B_1            BIT 0xf1
0000            326   _B_2            BIT 0xf2
0000            327   _B_3            BIT 0xf3
0000            328   _B_4            BIT 0xf4
0000            329   _B_5            BIT 0xf5
0000            330   _B_6            BIT 0xf6
0000            331   _B_7            BIT 0xf7
0000            332   _C0FIF          BIT 0xe8
0000            333   _C0RIF          BIT 0xe9
0000            334   _C1FIF          BIT 0xea
0000            335   _C1RIF          BIT 0xeb
0000            336   _C2FIF          BIT 0xec
0000            337   _C2RIF          BIT 0xed
0000            338   _C3FIF          BIT 0xee
0000            339   _C3RIF          BIT 0xef
0000            340   _D1SRC0         BIT 0x88
0000            341   _D1SRC1         BIT 0x89
0000            342   _D1AMEN         BIT 0x8a
0000            343   _D01REFSL       BIT 0x8b
0000            344   _D3SRC0         BIT 0x8c
0000            345   _D3SRC1         BIT 0x8d
0000            346   _D3AMEN         BIT 0x8e
0000            347   _D23REFSL       BIT 0x8f
0000            348   _D0UDIS         BIT 0x98
0000            349   _D1UDIS         BIT 0x99
0000            350   _D2UDIS         BIT 0x9a
0000            351   _D3UDIS         BIT 0x9b
0000            352   _EX0            BIT 0xa8
0000            353   _ET0            BIT 0xa9
0000            354   _EX1            BIT 0xaa
0000            355   _ET1            BIT 0xab
0000            356   _ES0            BIT 0xac
0000            357   _ET2            BIT 0xad
0000            358   _ESPI0          BIT 0xae
0000            359   _EA             BIT 0xaf
0000            360   _PX0            BIT 0xb8
0000            361   _PT0            BIT 0xb9
0000            362   _PX1            BIT 0xba
0000            363   _PT1            BIT 0xbb
0000            364   _PS0            BIT 0xbc
0000            365   _PT2            BIT 0xbd
0000            366   _PSPI0          BIT 0xbe
0000            367   _P0_0           BIT 0x80
0000            368   _P0_1           BIT 0x81
0000            369   _P0_2           BIT 0x82
0000            370   _P0_3           BIT 0x83
0000            371   _P0_4           BIT 0x84
0000            372   _P0_5           BIT 0x85
0000            373   _P0_6           BIT 0x86
0000            374   _P0_7           BIT 0x87
0000            375   _P1_0           BIT 0x90
0000            376   _P1_1           BIT 0x91
0000            377   _P1_2           BIT 0x92
0000            378   _P1_3           BIT 0x93
0000            379   _P1_4           BIT 0x94
0000            380   _P1_5           BIT 0x95
0000            381   _P1_6           BIT 0x96
0000            382   _P1_7           BIT 0x97
0000            383   _P2_0           BIT 0xa0
0000            384   _P2_1           BIT 0xa1
0000            385   _P2_2           BIT 0xa2
0000            386   _P2_3           BIT 0xa3
0000            387   _P2_4           BIT 0xa4
0000            388   _P2_5           BIT 0xa5
0000            389   _P2_6           BIT 0xa6
0000            390   _P3_0           BIT 0xb0
0000            391   _P3_1           BIT 0xb1
0000            392   _P3_2           BIT 0xb2
0000            393   _P3_3           BIT 0xb3
0000            394   _P3_4           BIT 0xb4
0000            395   _P3_7           BIT 0xb7
0000            396   _CCF0           BIT 0xd8
0000            397   _CCF1           BIT 0xd9
0000            398   _CCF2           BIT 0xda
0000            399   _CCF3           BIT 0xdb
0000            400   _CCF4           BIT 0xdc
0000            401   _CCF5           BIT 0xdd
0000            402   _CR             BIT 0xde
0000            403   _CF             BIT 0xdf
0000            404   _PARITY         BIT 0xd0
0000            405   _F1             BIT 0xd1
0000            406   _OV             BIT 0xd2
0000            407   _RS0            BIT 0xd3
0000            408   _RS1            BIT 0xd4
0000            409   _F0             BIT 0xd5
0000            410   _AC             BIT 0xd6
0000            411   _CY             BIT 0xd7
0000            412   _RI             BIT 0x98
0000            413   _TI             BIT 0x99
0000            414   _RB8            BIT 0x9a
0000            415   _TB8            BIT 0x9b
0000            416   _REN            BIT 0x9c
0000            417   _CE             BIT 0x9d
0000            418   _SMODE          BIT 0x9e
0000            419   _RI1            BIT 0xc8
0000            420   _TI1            BIT 0xc9
0000            421   _RBX1           BIT 0xca
0000            422   _TBX1           BIT 0xcb
0000            423   _REN1           BIT 0xcc
0000            424   _PERR1          BIT 0xcd
0000            425   _OVR1           BIT 0xce
0000            426   _SI             BIT 0xc0
0000            427   _ACK            BIT 0xc1
0000            428   _ARBLOST        BIT 0xc2
0000            429   _ACKRQ          BIT 0xc3
0000            430   _STO            BIT 0xc4
0000            431   _STA            BIT 0xc5
0000            432   _TXMODE         BIT 0xc6
0000            433   _MASTER         BIT 0xc7
0000            434   _SPIEN          BIT 0xf8
0000            435   _TXNF           BIT 0xf9
0000            436   _NSSMD0         BIT 0xfa
0000            437   _NSSMD1         BIT 0xfb
0000            438   _RXOVRN         BIT 0xfc
0000            439   _MODF           BIT 0xfd
0000            440   _WCOL           BIT 0xfe
0000            441   _SPIF           BIT 0xff
0000            442   _IT0            BIT 0x88
0000            443   _IE0            BIT 0x89
0000            444   _IT1            BIT 0x8a
0000            445   _IE1            BIT 0x8b
0000            446   _TR0            BIT 0x8c
0000            447   _TF0            BIT 0x8d
0000            448   _TR1            BIT 0x8e
0000            449   _TF1            BIT 0x8f
0000            450   _T2XCLK0        BIT 0xc8
0000            451   _T2XCLK1        BIT 0xc9
0000            452   _TR2            BIT 0xca
0000            453   _T2SPLIT        BIT 0xcb
0000            454   _TF2CEN         BIT 0xcc
0000            455   _TF2LEN         BIT 0xcd
0000            456   _TF2L           BIT 0xce
0000            457   _TF2H           BIT 0xcf
0000            458   _T4XCLK0        BIT 0x98
0000            459   _T4XCLK1        BIT 0x99
0000            460   _TR4            BIT 0x9a
0000            461   _T4SPLIT        BIT 0x9b
0000            462   _TF4CEN         BIT 0x9c
0000            463   _TF4LEN         BIT 0x9d
0000            464   _TF4L           BIT 0x9e
0000            465   _TF4H           BIT 0x9f
0000            466   _T5XCLK0        BIT 0xc0
0000            467   _T5XCLK1        BIT 0xc1
0000            468   _TR5            BIT 0xc2
0000            469   _T5SPLIT        BIT 0xc3
0000            470   _TF5CEN         BIT 0xc4
0000            471   _TF5LEN         BIT 0xc5
0000            472   _TF5L           BIT 0xc6
0000            473   _TF5H           BIT 0xc7
0000            474   _RIE            BIT 0xd8
0000            475   _RXTO0          BIT 0xd9
0000            476   _RXTO1          BIT 0xda
0000            477   _RFRQ           BIT 0xdb
0000            478   _TIE            BIT 0xdc
0000            479   _TXHOLD         BIT 0xdd
0000            480   _TXNF1          BIT 0xde
0000            481   _TFRQ           BIT 0xdf
0000            482   ;--------------------------------------------------------
0000            483   ; overlayable register banks
0000            484   ;--------------------------------------------------------
0000            485            rbank0 segment data overlay
0000            486   ;--------------------------------------------------------
0000            487   ; internal ram data
0000            488   ;--------------------------------------------------------
0000            489            rseg R_DSEG
0000            490   _overflow_count:
0000            491            ds 1
0001            492   _command:
0001            493            ds 1
0002            494   ;--------------------------------------------------------
0002            495   ; overlayable items in internal ram 
0002            496   ;--------------------------------------------------------
0000            497            rseg    R_OSEG
0000            498            rseg    R_OSEG
0000            499            rseg    R_OSEG
0000            500   _InitPinADC_PARM_2:
0000            501            ds 1
0001            502            rseg    R_OSEG
0001            503   ;--------------------------------------------------------
0001            504   ; indirectly addressable internal ram data
0001            505   ;--------------------------------------------------------
0000            506            rseg R_ISEG
0000            507   ;--------------------------------------------------------
0000            508   ; absolute internal ram data
0000            509   ;--------------------------------------------------------
0000            510            DSEG
0000            511   ;--------------------------------------------------------
0000            512   ; bit data
0000            513   ;--------------------------------------------------------
0000            514            rseg R_BSEG
0000            515   _on_off:
0000            516            DBIT    1
0001            517   ;--------------------------------------------------------
0001            518   ; paged external ram data
0001            519   ;--------------------------------------------------------
0000            520            rseg R_PSEG
0000            521   ;--------------------------------------------------------
0000            522   ; external ram data
0000            523   ;--------------------------------------------------------
0000            524            rseg R_XSEG
0000            525   ;--------------------------------------------------------
0000            526   ; absolute external ram data
0000            527   ;--------------------------------------------------------
0000            528            XSEG
0000            529   ;--------------------------------------------------------
0000            530   ; external initialized ram data
0000            531   ;--------------------------------------------------------
0000            532            rseg R_IXSEG
0000            533            rseg R_HOME
0000            534            rseg R_GSINIT
0000            535            rseg R_CSEG
0000            536   ;--------------------------------------------------------
0000            537   ; Reset entry point and interrupt vectors
0000            538   ;--------------------------------------------------------
0000            539            CSEG at 0x0000
0000 020100     540            ljmp    _crt0
002B            541            CSEG at 0x002b
002B 020100     542            ljmp    _Timer2_ISR
002E            543   ;--------------------------------------------------------
002E            544   ; global & static initialisations
002E            545   ;--------------------------------------------------------
0000            546            rseg R_HOME
0000            547            rseg R_GSINIT
0000            548            rseg R_GSINIT
0000            549   ;--------------------------------------------------------
0000            550   ; data variables initialization
0000            551   ;--------------------------------------------------------
0000            552            rseg R_DINIT
0000            553   ;        C:\Users\Grant\Documents\UBC\Year 2\Elec291\Project 2\EM-Tether-Robot\Controller\Transmitter_with bluetooth.c:37: unsigned char command = 0;
0000 75E000     554            mov     _command,#0x00
0003            555            ; The linker places a 'ret' at the end of segment R_DINIT.
0003            556   ;--------------------------------------------------------
0003            557   ; code
0003            558   ;--------------------------------------------------------
0000            559            rseg R_CSEG
0000            560   ;------------------------------------------------------------
0000            561   ;Allocation info for local variables in function '_c51_external_startup'
0000            562   ;------------------------------------------------------------
0000            563   ;------------------------------------------------------------
0000            564   ;        C:\Users\Grant\Documents\UBC\Year 2\Elec291\Project 2\EM-Tether-Robot\Controller\Transmitter_with bluetooth.c:41: char _c51_external_startup (void)
0000            565   ;        -----------------------------------------
0000            566   ;         function _c51_external_startup
0000            567   ;        -----------------------------------------
0000            568   __c51_external_startup:
0000            569            using   0
0000            570   ;        C:\Users\Grant\Documents\UBC\Year 2\Elec291\Project 2\EM-Tether-Robot\Controller\Transmitter_with bluetooth.c:44: SFRPAGE = 0x00;
0000 75A700     571            mov     _SFRPAGE,#0x00
0003            572   ;        C:\Users\Grant\Documents\UBC\Year 2\Elec291\Project 2\EM-Tether-Robot\Controller\Transmitter_with bluetooth.c:45: WDTCN = 0xDE; //First key
0003 7597DE     573            mov     _WDTCN,#0xDE
0006            574   ;        C:\Users\Grant\Documents\UBC\Year 2\Elec291\Project 2\EM-Tether-Robot\Controller\Transmitter_with bluetooth.c:46: WDTCN = 0xAD; //Second key
0006 7597AD     575            mov     _WDTCN,#0xAD
0009            576   ;        C:\Users\Grant\Documents\UBC\Year 2\Elec291\Project 2\EM-Tether-Robot\Controller\Transmitter_with bluetooth.c:48: VDM0CN |= 0x80;
0009 43FF80     577            orl     _VDM0CN,#0x80
000C            578   ;        C:\Users\Grant\Documents\UBC\Year 2\Elec291\Project 2\EM-Tether-Robot\Controller\Transmitter_with bluetooth.c:49: RSTSRC = 0x02;
000C 75EF02     579            mov     _RSTSRC,#0x02
000F            580   ;        C:\Users\Grant\Documents\UBC\Year 2\Elec291\Project 2\EM-Tether-Robot\Controller\Transmitter_with bluetooth.c:56: SFRPAGE = 0x10;
000F 75A710     581            mov     _SFRPAGE,#0x10
0012            582   ;        C:\Users\Grant\Documents\UBC\Year 2\Elec291\Project 2\EM-Tether-Robot\Controller\Transmitter_with bluetooth.c:57: PFE0CN  = 0x20; // SYSCLK < 75 MHz.
0012 75C120     583            mov     _PFE0CN,#0x20
0015            584   ;        C:\Users\Grant\Documents\UBC\Year 2\Elec291\Project 2\EM-Tether-Robot\Controller\Transmitter_with bluetooth.c:58: SFRPAGE = 0x00;
0015 75A700     585            mov     _SFRPAGE,#0x00
0018            586   ;        C:\Users\Grant\Documents\UBC\Year 2\Elec291\Project 2\EM-Tether-Robot\Controller\Transmitter_with bluetooth.c:79: CLKSEL = 0x00;
0018 75A900     587            mov     _CLKSEL,#0x00
001B            588   ;        C:\Users\Grant\Documents\UBC\Year 2\Elec291\Project 2\EM-Tether-Robot\Controller\Transmitter_with bluetooth.c:80: CLKSEL = 0x00;
001B 75A900     589            mov     _CLKSEL,#0x00
001E            590   ;        C:\Users\Grant\Documents\UBC\Year 2\Elec291\Project 2\EM-Tether-Robot\Controller\Transmitter_with bluetooth.c:81: while ((CLKSEL & 0x80) == 0);
001E            591   L002001?:
001E E5A9       592            mov     a,_CLKSEL
0020 30E7B0     593            jnb     acc.7,L002001?
0023            594   ;        C:\Users\Grant\Documents\UBC\Year 2\Elec291\Project 2\EM-Tether-Robot\Controller\Transmitter_with bluetooth.c:82: CLKSEL = 0x03;
0023 75A903     595            mov     _CLKSEL,#0x03
0026            596   ;        C:\Users\Grant\Documents\UBC\Year 2\Elec291\Project 2\EM-Tether-Robot\Controller\Transmitter_with bluetooth.c:83: CLKSEL = 0x03;
0026 75A903     597            mov     _CLKSEL,#0x03
0029            598   ;        C:\Users\Grant\Documents\UBC\Year 2\Elec291\Project 2\EM-Tether-Robot\Controller\Transmitter_with bluetooth.c:84: while ((CLKSEL & 0x80) == 0);
0029            599   L002004?:
0029 E5A9       600            mov     a,_CLKSEL
002B 30E730     601            jnb     acc.7,L002004?
002E            602   ;        C:\Users\Grant\Documents\UBC\Year 2\Elec291\Project 2\EM-Tether-Robot\Controller\Transmitter_with bluetooth.c:89: P0MDOUT=0b_0001_1101;//SCK, MOSI, P0.3, TX0 are puspull, all others open-drain
002E 75A41D     603            mov     _P0MDOUT,#0x1D
0031            604   ;        C:\Users\Grant\Documents\UBC\Year 2\Elec291\Project 2\EM-Tether-Robot\Controller\Transmitter_with bluetooth.c:90: XBR0=0b_0000_0011;//SPI0E=1, URT0E=1
0031 75E103     605            mov     _XBR0,#0x03
0034            606   ;        C:\Users\Grant\Documents\UBC\Year 2\Elec291\Project 2\EM-Tether-Robot\Controller\Transmitter_with bluetooth.c:91: XBR1=0b_0000_0000;
0034 75E200     607            mov     _XBR1,#0x00
0037            608   ;        C:\Users\Grant\Documents\UBC\Year 2\Elec291\Project 2\EM-Tether-Robot\Controller\Transmitter_with bluetooth.c:92: XBR2=0b_0100_0000; // Enable crossbar and weak pull-ups
0037 75E340     609            mov     _XBR2,#0x40
003A            610   ;        C:\Users\Grant\Documents\UBC\Year 2\Elec291\Project 2\EM-Tether-Robot\Controller\Transmitter_with bluetooth.c:98: SCON0 = 0x10;
003A 759810     611            mov     _SCON0,#0x10
003D            612   ;        C:\Users\Grant\Documents\UBC\Year 2\Elec291\Project 2\EM-Tether-Robot\Controller\Transmitter_with bluetooth.c:99: CKCON0 |= 0b_0000_0000 ; // Timer 1 uses the system clock divided by 12.
003D 858E8E     613            mov     _CKCON0,_CKCON0
0040            614   ;        C:\Users\Grant\Documents\UBC\Year 2\Elec291\Project 2\EM-Tether-Robot\Controller\Transmitter_with bluetooth.c:100: TH1 = 0x100-((SYSCLK/BAUDRATE)/(2L*12L));
0040 758DE6     615            mov     _TH1,#0xE6
0043            616   ;        C:\Users\Grant\Documents\UBC\Year 2\Elec291\Project 2\EM-Tether-Robot\Controller\Transmitter_with bluetooth.c:101: TL1 = TH1;      // Init Timer1
0043 858D8B     617            mov     _TL1,_TH1
0046            618   ;        C:\Users\Grant\Documents\UBC\Year 2\Elec291\Project 2\EM-Tether-Robot\Controller\Transmitter_with bluetooth.c:102: TMOD &= ~0xf0;  // TMOD: timer 1 in 8-bit auto-reload
0046 53890F     619            anl     _TMOD,#0x0F
0049            620   ;        C:\Users\Grant\Documents\UBC\Year 2\Elec291\Project 2\EM-Tether-Robot\Controller\Transmitter_with bluetooth.c:103: TMOD |=  0x20;                       
0049 438920     621            orl     _TMOD,#0x20
004C            622   ;        C:\Users\Grant\Documents\UBC\Year 2\Elec291\Project 2\EM-Tether-Robot\Controller\Transmitter_with bluetooth.c:104: TR1 = 1; // START Timer1
004C D28E       623            setb    _TR1
004E            624   ;        C:\Users\Grant\Documents\UBC\Year 2\Elec291\Project 2\EM-Tether-Robot\Controller\Transmitter_with bluetooth.c:105: TI = 1;  // Indicate TX0 ready
004E D299       625            setb    _TI
0050            626   ;        C:\Users\Grant\Documents\UBC\Year 2\Elec291\Project 2\EM-Tether-Robot\Controller\Transmitter_with bluetooth.c:108: TMR2CN0=0x00;   // Stop Timer2; Clear TF2;
0050 75C800     627            mov     _TMR2CN0,#0x00
0053            628   ;        C:\Users\Grant\Documents\UBC\Year 2\Elec291\Project 2\EM-Tether-Robot\Controller\Transmitter_with bluetooth.c:109: CKCON0|=0b_0001_0000;
0053 438E10     629            orl     _CKCON0,#0x10
0056            630   ;        C:\Users\Grant\Documents\UBC\Year 2\Elec291\Project 2\EM-Tether-Robot\Controller\Transmitter_with bluetooth.c:110: TMR2RL=(-(SYSCLK/(2*DEFAULT_F))); // Initialize reload value
0056 75CAEE     631            mov     _TMR2RL,#0xEE
0059 75CBF6     632            mov     (_TMR2RL >> 8),#0xF6
005C            633   ;        C:\Users\Grant\Documents\UBC\Year 2\Elec291\Project 2\EM-Tether-Robot\Controller\Transmitter_with bluetooth.c:111: TMR2=0xffff;   // Set to reload immediately
005C 75CEFF     634            mov     _TMR2,#0xFF
005F 75CFFF     635            mov     (_TMR2 >> 8),#0xFF
0062            636   ;        C:\Users\Grant\Documents\UBC\Year 2\Elec291\Project 2\EM-Tether-Robot\Controller\Transmitter_with bluetooth.c:112: ET2=1;         // Enable Timer2 interrupts
0062 D2AD       637            setb    _ET2
0064            638   ;        C:\Users\Grant\Documents\UBC\Year 2\Elec291\Project 2\EM-Tether-Robot\Controller\Transmitter_with bluetooth.c:113: TR2=1;         // Start Timer2
0064 D2CA       639            setb    _TR2
0066            640   ;        C:\Users\Grant\Documents\UBC\Year 2\Elec291\Project 2\EM-Tether-Robot\Controller\Transmitter_with bluetooth.c:114: EA=1; // Global interrupt enable
0066 D2AF       641            setb    _EA
0068            642   ;        C:\Users\Grant\Documents\UBC\Year 2\Elec291\Project 2\EM-Tether-Robot\Controller\Transmitter_with bluetooth.c:117: SPI0CKR = (SYSCLK/(2*F_SCK_MAX))-1;
0068 75A223     643            mov     _SPI0CKR,#0x23
006B            644   ;        C:\Users\Grant\Documents\UBC\Year 2\Elec291\Project 2\EM-Tether-Robot\Controller\Transmitter_with bluetooth.c:118: SPI0CFG = 0b_0100_0000; //SPI in master mode
006B 75A140     645            mov     _SPI0CFG,#0x40
006E            646   ;        C:\Users\Grant\Documents\UBC\Year 2\Elec291\Project 2\EM-Tether-Robot\Controller\Transmitter_with bluetooth.c:119: SPI0CN0 = 0b_0000_0001; //SPI enabled and in three wire mode
006E 75F801     647            mov     _SPI0CN0,#0x01
0071            648   ;        C:\Users\Grant\Documents\UBC\Year 2\Elec291\Project 2\EM-Tether-Robot\Controller\Transmitter_with bluetooth.c:121: return 0;
0071 758200     649            mov     dpl,#0x00
0074 22         650            ret
0075            651   ;------------------------------------------------------------
0075            652   ;Allocation info for local variables in function 'Timer3us'
0075            653   ;------------------------------------------------------------
0075            654   ;us                        Allocated to registers r2 
0075            655   ;i                         Allocated to registers r3 
0075            656   ;------------------------------------------------------------
0075            657   ;        C:\Users\Grant\Documents\UBC\Year 2\Elec291\Project 2\EM-Tether-Robot\Controller\Transmitter_with bluetooth.c:125: void Timer3us(unsigned char us)
0075            658   ;        -----------------------------------------
0075            659   ;         function Timer3us
0075            660   ;        -----------------------------------------
0075            661   _Timer3us:
0075 AA82       662            mov     r2,dpl
0077            663   ;        C:\Users\Grant\Documents\UBC\Year 2\Elec291\Project 2\EM-Tether-Robot\Controller\Transmitter_with bluetooth.c:130: CKCON0|=0b_0100_0000;
0077 438E40     664            orl     _CKCON0,#0x40
007A            665   ;        C:\Users\Grant\Documents\UBC\Year 2\Elec291\Project 2\EM-Tether-Robot\Controller\Transmitter_with bluetooth.c:132: TMR3RL = (-(SYSCLK)/1000000L); // Set Timer3 to overflow in 1us.
007A 7592B8     666            mov     _TMR3RL,#0xB8
007D 7593FF     667            mov     (_TMR3RL >> 8),#0xFF
0080            668   ;        C:\Users\Grant\Documents\UBC\Year 2\Elec291\Project 2\EM-Tether-Robot\Controller\Transmitter_with bluetooth.c:133: TMR3 = TMR3RL;                 // Initialize Timer3 for first overflow
0080 859294     669            mov     _TMR3,_TMR3RL
0083 859395     670            mov     (_TMR3 >> 8),(_TMR3RL >> 8)
0086            671   ;        C:\Users\Grant\Documents\UBC\Year 2\Elec291\Project 2\EM-Tether-Robot\Controller\Transmitter_with bluetooth.c:135: TMR3CN0 = 0x04;                // Start Timer3 and clear overflow flag
0086 759104     672            mov     _TMR3CN0,#0x04
0089            673   ;        C:\Users\Grant\Documents\UBC\Year 2\Elec291\Project 2\EM-Tether-Robot\Controller\Transmitter_with bluetooth.c:136: for (i = 0; i < us; i++)       // Count <us> overflows
0089 7B00       674            mov     r3,#0x00
008B            675   L003006?:
008B C3         676            clr     c
008C EB         677            mov     a,r3
008D 9A         678            subb    a,r2
008E 5001       679            jnc     L003009?
0090            680   ;        C:\Users\Grant\Documents\UBC\Year 2\Elec291\Project 2\EM-Tether-Robot\Controller\Transmitter_with bluetooth.c:138: while (!(TMR3CN0 & 0x80)); // Wait for overflow
0090            681   L003001?:
0090 E591       682            mov     a,_TMR3CN0
0092 30E730     683            jnb     acc.7,L003001?
0095            684   ;        C:\Users\Grant\Documents\UBC\Year 2\Elec291\Project 2\EM-Tether-Robot\Controller\Transmitter_with bluetooth.c:139: TMR3CN0 &= ~(0x80);        // Clear overflow indicator
0095 53917F     685            anl     _TMR3CN0,#0x7F
0098            686   ;        C:\Users\Grant\Documents\UBC\Year 2\Elec291\Project 2\EM-Tether-Robot\Controller\Transmitter_with bluetooth.c:140: if (TF0)
0098            687   ;        C:\Users\Grant\Documents\UBC\Year 2\Elec291\Project 2\EM-Tether-Robot\Controller\Transmitter_with bluetooth.c:142: TF0=0;
0098 108D70     688            jbc     _TF0,L003019?
009B 8001       689            sjmp    L003008?
009D            690   L003019?:
009D            691   ;        C:\Users\Grant\Documents\UBC\Year 2\Elec291\Project 2\EM-Tether-Robot\Controller\Transmitter_with bluetooth.c:143: overflow_count++;
009D 0520       692            inc     _overflow_count
009F            693   L003008?:
009F            694   ;        C:\Users\Grant\Documents\UBC\Year 2\Elec291\Project 2\EM-Tether-Robot\Controller\Transmitter_with bluetooth.c:136: for (i = 0; i < us; i++)       // Count <us> overflows
009F 0B         695            inc     r3
00A0 8001       696            sjmp    L003006?
00A2            697   L003009?:
00A2            698   ;        C:\Users\Grant\Documents\UBC\Year 2\Elec291\Project 2\EM-Tether-Robot\Controller\Transmitter_with bluetooth.c:146: TMR3CN0 = 0 ;                   // Stop Timer3 and clear overflow flag
00A2 759100     699            mov     _TMR3CN0,#0x00
00A5 22         700            ret
00A6            701   ;------------------------------------------------------------
00A6            702   ;Allocation info for local variables in function 'waitms'
00A6            703   ;------------------------------------------------------------
00A6            704   ;ms                        Allocated to registers r2 r3 
00A6            705   ;j                         Allocated to registers r2 r3 
00A6            706   ;------------------------------------------------------------
00A6            707   ;        C:\Users\Grant\Documents\UBC\Year 2\Elec291\Project 2\EM-Tether-Robot\Controller\Transmitter_with bluetooth.c:149: void waitms (unsigned int ms)
00A6            708   ;        -----------------------------------------
00A6            709   ;         function waitms
00A6            710   ;        -----------------------------------------
00A6            711   _waitms:
00A6 AA82       712            mov     r2,dpl
00A8 AB83       713            mov     r3,dph
00AA            714   ;        C:\Users\Grant\Documents\UBC\Year 2\Elec291\Project 2\EM-Tether-Robot\Controller\Transmitter_with bluetooth.c:152: for(j=ms; j!=0; j--)
00AA            715   L004001?:
00AA BA0070     716            cjne    r2,#0x00,L004010?
00AD BB0070     717            cjne    r3,#0x00,L004010?
00B0 22         718            ret
00B1            719   L004010?:
00B1            720   ;        C:\Users\Grant\Documents\UBC\Year 2\Elec291\Project 2\EM-Tether-Robot\Controller\Transmitter_with bluetooth.c:154: Timer3us(249);
00B1 7582F9     721            mov     dpl,#0xF9
00B4 C002       722            push    ar2
00B6 C003       723            push    ar3
00B8 120100     724            lcall   _Timer3us
00BB            725   ;        C:\Users\Grant\Documents\UBC\Year 2\Elec291\Project 2\EM-Tether-Robot\Controller\Transmitter_with bluetooth.c:155: Timer3us(249);
00BB 7582F9     726            mov     dpl,#0xF9
00BE 120100     727            lcall   _Timer3us
00C1            728   ;        C:\Users\Grant\Documents\UBC\Year 2\Elec291\Project 2\EM-Tether-Robot\Controller\Transmitter_with bluetooth.c:156: Timer3us(249);
00C1 7582F9     729            mov     dpl,#0xF9
00C4 120100     730            lcall   _Timer3us
00C7            731   ;        C:\Users\Grant\Documents\UBC\Year 2\Elec291\Project 2\EM-Tether-Robot\Controller\Transmitter_with bluetooth.c:157: Timer3us(250);
00C7 7582FA     732            mov     dpl,#0xFA
00CA 120100     733            lcall   _Timer3us
00CD D003       734            pop     ar3
00CF D002       735            pop     ar2
00D1            736   ;        C:\Users\Grant\Documents\UBC\Year 2\Elec291\Project 2\EM-Tether-Robot\Controller\Transmitter_with bluetooth.c:152: for(j=ms; j!=0; j--)
00D1 1A         737            dec     r2
00D2 BAFFB0     738            cjne    r2,#0xff,L004011?
00D5 1B         739            dec     r3
00D6            740   L004011?:
00D6 8001       741            sjmp    L004001?
00D8            742   ;------------------------------------------------------------
00D8            743   ;Allocation info for local variables in function 'Timer2_ISR'
00D8            744   ;------------------------------------------------------------
00D8            745   ;------------------------------------------------------------
00D8            746   ;        C:\Users\Grant\Documents\UBC\Year 2\Elec291\Project 2\EM-Tether-Robot\Controller\Transmitter_with bluetooth.c:161: void Timer2_ISR (void) interrupt INTERRUPT_TIMER2
00D8            747   ;        -----------------------------------------
00D8            748   ;         function Timer2_ISR
00D8            749   ;        -----------------------------------------
00D8            750   _Timer2_ISR:
00D8 C0D0       751            push    psw
00DA 75D000     752            mov     psw,#0x00
00DD            753   ;        C:\Users\Grant\Documents\UBC\Year 2\Elec291\Project 2\EM-Tether-Robot\Controller\Transmitter_with bluetooth.c:163: TF2H = 0; // Clear Timer2 interrupt flag
00DD C2CF       754            clr     _TF2H
00DF            755   ;        C:\Users\Grant\Documents\UBC\Year 2\Elec291\Project 2\EM-Tether-Robot\Controller\Transmitter_with bluetooth.c:164: OUT0=!OUT0;
00DF B2A0       756            cpl     _P2_0
00E1            757   ;        C:\Users\Grant\Documents\UBC\Year 2\Elec291\Project 2\EM-Tether-Robot\Controller\Transmitter_with bluetooth.c:165: OUT1=!OUT0;
00E1 A2A0       758            mov     c,_P2_0
00E3 B3         759            cpl     c
00E4 92A1       760            mov     _P2_1,c
00E6 D0D0       761            pop     psw
00E8 32         762            reti
00E9            763   ;        eliminated unneeded push/pop dpl
00E9            764   ;        eliminated unneeded push/pop dph
00E9            765   ;        eliminated unneeded push/pop b
00E9            766   ;        eliminated unneeded push/pop acc
00E9            767   ;------------------------------------------------------------
00E9            768   ;Allocation info for local variables in function 'SPIWrite'
00E9            769   ;------------------------------------------------------------
00E9            770   ;x                         Allocated to registers r2 
00E9            771   ;------------------------------------------------------------
00E9            772   ;        C:\Users\Grant\Documents\UBC\Year 2\Elec291\Project 2\EM-Tether-Robot\Controller\Transmitter_with bluetooth.c:168: unsigned char SPIWrite (unsigned char x)
00E9            773   ;        -----------------------------------------
00E9            774   ;         function SPIWrite
00E9            775   ;        -----------------------------------------
00E9            776   _SPIWrite:
00E9 AA82       777            mov     r2,dpl
00EB            778   ;        C:\Users\Grant\Documents\UBC\Year 2\Elec291\Project 2\EM-Tether-Robot\Controller\Transmitter_with bluetooth.c:170: CSN = 0;
00EB C283       779            clr     _P0_3
00ED            780   ;        C:\Users\Grant\Documents\UBC\Year 2\Elec291\Project 2\EM-Tether-Robot\Controller\Transmitter_with bluetooth.c:171: SPI0DAT=x;
00ED 8AA3       781            mov     _SPI0DAT,r2
00EF            782   ;        C:\Users\Grant\Documents\UBC\Year 2\Elec291\Project 2\EM-Tether-Robot\Controller\Transmitter_with bluetooth.c:172: while(!SPIF);
00EF            783   L006001?:
00EF            784   ;        C:\Users\Grant\Documents\UBC\Year 2\Elec291\Project 2\EM-Tether-Robot\Controller\Transmitter_with bluetooth.c:173: SPIF=0;
00EF 10FF70     785            jbc     _SPIF,L006008?
00F2 8001       786            sjmp    L006001?
00F4            787   L006008?:
00F4            788   ;        C:\Users\Grant\Documents\UBC\Year 2\Elec291\Project 2\EM-Tether-Robot\Controller\Transmitter_with bluetooth.c:174: CSN = 1;
00F4 D283       789            setb    _P0_3
00F6            790   ;        C:\Users\Grant\Documents\UBC\Year 2\Elec291\Project 2\EM-Tether-Robot\Controller\Transmitter_with bluetooth.c:175: return SPI0DAT;
00F6 85A382     791            mov     dpl,_SPI0DAT
00F9 22         792            ret
00FA            793   ;------------------------------------------------------------
00FA            794   ;Allocation info for local variables in function 'InitADC'
00FA            795   ;------------------------------------------------------------
00FA            796   ;------------------------------------------------------------
00FA            797   ;        C:\Users\Grant\Documents\UBC\Year 2\Elec291\Project 2\EM-Tether-Robot\Controller\Transmitter_with bluetooth.c:178: void InitADC (void)
00FA            798   ;        -----------------------------------------
00FA            799   ;         function InitADC
00FA            800   ;        -----------------------------------------
00FA            801   _InitADC:
00FA            802   ;        C:\Users\Grant\Documents\UBC\Year 2\Elec291\Project 2\EM-Tether-Robot\Controller\Transmitter_with bluetooth.c:180: SFRPAGE = 0x00;
00FA 75A700     803            mov     _SFRPAGE,#0x00
00FD            804   ;        C:\Users\Grant\Documents\UBC\Year 2\Elec291\Project 2\EM-Tether-Robot\Controller\Transmitter_with bluetooth.c:181: ADC0CN1 = 0b_10_000_000; //14-bit,  Right justified no shifting applied, perform and Accumulate 1 conversion.
00FD 75B280     805            mov     _ADC0CN1,#0x80
0100            806   ;        C:\Users\Grant\Documents\UBC\Year 2\Elec291\Project 2\EM-Tether-Robot\Controller\Transmitter_with bluetooth.c:182: ADC0CF0 = 0b_11111_0_00; // SYSCLK/32
0100 75BCF8     807            mov     _ADC0CF0,#0xF8
0103            808   ;        C:\Users\Grant\Documents\UBC\Year 2\Elec291\Project 2\EM-Tether-Robot\Controller\Transmitter_with bluetooth.c:183: ADC0CF1 = 0b_0_0_011110; // Same as default for now
0103 75B91E     809            mov     _ADC0CF1,#0x1E
0106            810   ;        C:\Users\Grant\Documents\UBC\Year 2\Elec291\Project 2\EM-Tether-Robot\Controller\Transmitter_with bluetooth.c:184: ADC0CN0 = 0b_0_0_0_0_0_00_0; // Same as default for now
0106 75E800     811            mov     _ADC0CN0,#0x00
0109            812   ;        C:\Users\Grant\Documents\UBC\Year 2\Elec291\Project 2\EM-Tether-Robot\Controller\Transmitter_with bluetooth.c:185: ADC0CF2 = 0b_0_01_11111 ; // GND pin, Vref=VDD
0109 75DF3F     813            mov     _ADC0CF2,#0x3F
010C            814   ;        C:\Users\Grant\Documents\UBC\Year 2\Elec291\Project 2\EM-Tether-Robot\Controller\Transmitter_with bluetooth.c:186: ADC0CN2 = 0b_0_000_0000;  // Same as default for now. ADC0 conversion initiated on write of 1 to ADBUSY.
010C 75B300     815            mov     _ADC0CN2,#0x00
010F            816   ;        C:\Users\Grant\Documents\UBC\Year 2\Elec291\Project 2\EM-Tether-Robot\Controller\Transmitter_with bluetooth.c:187: ADEN=1; // Enable ADC
010F D2EF       817            setb    _ADEN
0111 22         818            ret
0112            819   ;------------------------------------------------------------
0112            820   ;Allocation info for local variables in function 'InitPinADC'
0112            821   ;------------------------------------------------------------
0112            822   ;pinno                     Allocated with name '_InitPinADC_PARM_2'
0112            823   ;portno                    Allocated to registers r2 
0112            824   ;mask                      Allocated to registers r3 
0112            825   ;------------------------------------------------------------
0112            826   ;        C:\Users\Grant\Documents\UBC\Year 2\Elec291\Project 2\EM-Tether-Robot\Controller\Transmitter_with bluetooth.c:192: void InitPinADC (unsigned char portno, unsigned char pinno)
0112            827   ;        -----------------------------------------
0112            828   ;         function InitPinADC
0112            829   ;        -----------------------------------------
0112            830   _InitPinADC:
0112 AA82       831            mov     r2,dpl
0114            832   ;        C:\Users\Grant\Documents\UBC\Year 2\Elec291\Project 2\EM-Tether-Robot\Controller\Transmitter_with bluetooth.c:196: mask=1<<pinno;
0114 8550F0     833            mov     b,_InitPinADC_PARM_2
0117 05F0       834            inc     b
0119 7401       835            mov     a,#0x01
011B 8001       836            sjmp    L008013?
011D            837   L008011?:
011D 25E0       838            add     a,acc
011F            839   L008013?:
011F D5F030     840            djnz    b,L008011?
0122 FB         841            mov     r3,a
0123            842   ;        C:\Users\Grant\Documents\UBC\Year 2\Elec291\Project 2\EM-Tether-Robot\Controller\Transmitter_with bluetooth.c:198: SFRPAGE = 0x20;
0123 75A720     843            mov     _SFRPAGE,#0x20
0126            844   ;        C:\Users\Grant\Documents\UBC\Year 2\Elec291\Project 2\EM-Tether-Robot\Controller\Transmitter_with bluetooth.c:199: switch (portno)
0126 BA0070     845            cjne    r2,#0x00,L008014?
0129 8001       846            sjmp    L008001?
012B            847   L008014?:
012B BA01F0     848            cjne    r2,#0x01,L008015?
012E 8001       849            sjmp    L008002?
0130            850   L008015?:
0130            851   ;        C:\Users\Grant\Documents\UBC\Year 2\Elec291\Project 2\EM-Tether-Robot\Controller\Transmitter_with bluetooth.c:201: case 0:
0130 BA0270     852            cjne    r2,#0x02,L008005?
0133 8001       853            sjmp    L008003?
0135            854   L008001?:
0135            855   ;        C:\Users\Grant\Documents\UBC\Year 2\Elec291\Project 2\EM-Tether-Robot\Controller\Transmitter_with bluetooth.c:202: P0MDIN &= (~mask); // Set pin as analog input
0135 EB         856            mov     a,r3
0136 F4         857            cpl     a
0137 FA         858            mov     r2,a
0138 52F1       859            anl     _P0MDIN,a
013A            860   ;        C:\Users\Grant\Documents\UBC\Year 2\Elec291\Project 2\EM-Tether-Robot\Controller\Transmitter_with bluetooth.c:203: P0SKIP |= mask; // Skip Crossbar decoding for this pin
013A EB         861            mov     a,r3
013B 42D4       862            orl     _P0SKIP,a
013D            863   ;        C:\Users\Grant\Documents\UBC\Year 2\Elec291\Project 2\EM-Tether-Robot\Controller\Transmitter_with bluetooth.c:204: break;
013D            864   ;        C:\Users\Grant\Documents\UBC\Year 2\Elec291\Project 2\EM-Tether-Robot\Controller\Transmitter_with bluetooth.c:205: case 1:
013D 8001       865            sjmp    L008005?
013F            866   L008002?:
013F            867   ;        C:\Users\Grant\Documents\UBC\Year 2\Elec291\Project 2\EM-Tether-Robot\Controller\Transmitter_with bluetooth.c:206: P1MDIN &= (~mask); // Set pin as analog input
013F EB         868            mov     a,r3
0140 F4         869            cpl     a
0141 FA         870            mov     r2,a
0142 52F2       871            anl     _P1MDIN,a
0144            872   ;        C:\Users\Grant\Documents\UBC\Year 2\Elec291\Project 2\EM-Tether-Robot\Controller\Transmitter_with bluetooth.c:207: P1SKIP |= mask; // Skip Crossbar decoding for this pin
0144 EB         873            mov     a,r3
0145 42D5       874            orl     _P1SKIP,a
0147            875   ;        C:\Users\Grant\Documents\UBC\Year 2\Elec291\Project 2\EM-Tether-Robot\Controller\Transmitter_with bluetooth.c:208: break;
0147            876   ;        C:\Users\Grant\Documents\UBC\Year 2\Elec291\Project 2\EM-Tether-Robot\Controller\Transmitter_with bluetooth.c:209: case 2:
0147 8001       877            sjmp    L008005?
0149            878   L008003?:
0149            879   ;        C:\Users\Grant\Documents\UBC\Year 2\Elec291\Project 2\EM-Tether-Robot\Controller\Transmitter_with bluetooth.c:210: P2MDIN &= (~mask); // Set pin as analog input
0149 EB         880            mov     a,r3
014A F4         881            cpl     a
014B FA         882            mov     r2,a
014C 52F3       883            anl     _P2MDIN,a
014E            884   ;        C:\Users\Grant\Documents\UBC\Year 2\Elec291\Project 2\EM-Tether-Robot\Controller\Transmitter_with bluetooth.c:211: P2SKIP |= mask; // Skip Crossbar decoding for this pin
014E EB         885            mov     a,r3
014F 42CC       886            orl     _P2SKIP,a
0151            887   ;        C:\Users\Grant\Documents\UBC\Year 2\Elec291\Project 2\EM-Tether-Robot\Controller\Transmitter_with bluetooth.c:215: }
0151            888   L008005?:
0151            889   ;        C:\Users\Grant\Documents\UBC\Year 2\Elec291\Project 2\EM-Tether-Robot\Controller\Transmitter_with bluetooth.c:216: SFRPAGE = 0x00;
0151 75A700     890            mov     _SFRPAGE,#0x00
0154 22         891            ret
0155            892   ;------------------------------------------------------------
0155            893   ;Allocation info for local variables in function 'ADC_at_Pin'
0155            894   ;------------------------------------------------------------
0155            895   ;pin                       Allocated to registers 
0155            896   ;------------------------------------------------------------
0155            897   ;        C:\Users\Grant\Documents\UBC\Year 2\Elec291\Project 2\EM-Tether-Robot\Controller\Transmitter_with bluetooth.c:219: unsigned int ADC_at_Pin(unsigned char pin)
0155            898   ;        -----------------------------------------
0155            899   ;         function ADC_at_Pin
0155            900   ;        -----------------------------------------
0155            901   _ADC_at_Pin:
0155 8582BB     902            mov     _ADC0MX,dpl
0158            903   ;        C:\Users\Grant\Documents\UBC\Year 2\Elec291\Project 2\EM-Tether-Robot\Controller\Transmitter_with bluetooth.c:222: ADBUSY=1;       // Dummy conversion first to select new pin
0158 D2EC       904            setb    _ADBUSY
015A            905   ;        C:\Users\Grant\Documents\UBC\Year 2\Elec291\Project 2\EM-Tether-Robot\Controller\Transmitter_with bluetooth.c:223: while (ADBUSY); // Wait for dummy conversion to finish
015A            906   L009001?:
015A 20ECF0     907            jb      _ADBUSY,L009001?
015D            908   ;        C:\Users\Grant\Documents\UBC\Year 2\Elec291\Project 2\EM-Tether-Robot\Controller\Transmitter_with bluetooth.c:224: ADBUSY = 1;     // Convert voltage at the pin
015D D2EC       909            setb    _ADBUSY
015F            910   ;        C:\Users\Grant\Documents\UBC\Year 2\Elec291\Project 2\EM-Tether-Robot\Controller\Transmitter_with bluetooth.c:225: while (ADBUSY); // Wait for conversion to complete
015F            911   L009004?:
015F 20EC30     912            jb      _ADBUSY,L009004?
0162            913   ;        C:\Users\Grant\Documents\UBC\Year 2\Elec291\Project 2\EM-Tether-Robot\Controller\Transmitter_with bluetooth.c:226: return (ADC0);
0162 85BD82     914            mov     dpl,_ADC0
0165 85BE83     915            mov     dph,(_ADC0 >> 8)
0168 22         916            ret
0169            917   ;------------------------------------------------------------
0169            918   ;Allocation info for local variables in function 'Volts_at_Pin'
0169            919   ;------------------------------------------------------------
0169            920   ;pin                       Allocated to registers r2 
0169            921   ;------------------------------------------------------------
0169            922   ;        C:\Users\Grant\Documents\UBC\Year 2\Elec291\Project 2\EM-Tether-Robot\Controller\Transmitter_with bluetooth.c:229: float Volts_at_Pin(unsigned char pin)
0169            923   ;        -----------------------------------------
0169            924   ;         function Volts_at_Pin
0169            925   ;        -----------------------------------------
0169            926   _Volts_at_Pin:
0169            927   ;        C:\Users\Grant\Documents\UBC\Year 2\Elec291\Project 2\EM-Tether-Robot\Controller\Transmitter_with bluetooth.c:231: return ((ADC_at_Pin(pin)*VDD)/0b_0011_1111_1111_1111);
0169 120100     928            lcall   _ADC_at_Pin
016C 120100     929            lcall   ___uint2fs
016F AA82       930            mov     r2,dpl
0171 AB83       931            mov     r3,dph
0173 ACF0       932            mov     r4,b
0175 FD         933            mov     r5,a
0176 C002       934            push    ar2
0178 C003       935            push    ar3
017A C004       936            push    ar4
017C C005       937            push    ar5
017E 906C8B     938            mov     dptr,#0x6C8B
0181 75F053     939            mov     b,#0x53
0184 7440       940            mov     a,#0x40
0186 120100     941            lcall   ___fsmul
0189 AA82       942            mov     r2,dpl
018B AB83       943            mov     r3,dph
018D ACF0       944            mov     r4,b
018F FD         945            mov     r5,a
0190 E581       946            mov     a,sp
0192 24FC       947            add     a,#0xfc
0194 F581       948            mov     sp,a
0196 E4         949            clr     a
0197 C0E0       950            push    acc
0199 74FC       951            mov     a,#0xFC
019B C0E0       952            push    acc
019D 747F       953            mov     a,#0x7F
019F C0E0       954            push    acc
01A1 7446       955            mov     a,#0x46
01A3 C0E0       956            push    acc
01A5 8A82       957            mov     dpl,r2
01A7 8B83       958            mov     dph,r3
01A9 8CF0       959            mov     b,r4
01AB ED         960            mov     a,r5
01AC 120100     961            lcall   ___fsdiv
01AF AA82       962            mov     r2,dpl
01B1 AB83       963            mov     r3,dph
01B3 ACF0       964            mov     r4,b
01B5 FD         965            mov     r5,a
01B6 E581       966            mov     a,sp
01B8 24FC       967            add     a,#0xfc
01BA F581       968            mov     sp,a
01BC 8A82       969            mov     dpl,r2
01BE 8B83       970            mov     dph,r3
01C0 8CF0       971            mov     b,r4
01C2 ED         972            mov     a,r5
01C3 22         973            ret
01C4            974   ;------------------------------------------------------------
01C4            975   ;Allocation info for local variables in function 'sendZero'
01C4            976   ;------------------------------------------------------------
01C4            977   ;------------------------------------------------------------
01C4            978   ;        C:\Users\Grant\Documents\UBC\Year 2\Elec291\Project 2\EM-Tether-Robot\Controller\Transmitter_with bluetooth.c:234: void sendZero(void)
01C4            979   ;        -----------------------------------------
01C4            980   ;         function sendZero
01C4            981   ;        -----------------------------------------
01C4            982   _sendZero:
01C4            983   ;        C:\Users\Grant\Documents\UBC\Year 2\Elec291\Project 2\EM-Tether-Robot\Controller\Transmitter_with bluetooth.c:236: TR2=0; // Stop timer 2
01C4 C2CA       984            clr     _TR2
01C6            985   ;        C:\Users\Grant\Documents\UBC\Year 2\Elec291\Project 2\EM-Tether-Robot\Controller\Transmitter_with bluetooth.c:237: waitms(BITWIDTH);
01C6 900005     986            mov     dptr,#0x0005
01C9 020100     987            ljmp    _waitms
01CC            988   ;------------------------------------------------------------
01CC            989   ;Allocation info for local variables in function 'sendOne'
01CC            990   ;------------------------------------------------------------
01CC            991   ;------------------------------------------------------------
01CC            992   ;        C:\Users\Grant\Documents\UBC\Year 2\Elec291\Project 2\EM-Tether-Robot\Controller\Transmitter_with bluetooth.c:240: void sendOne(void)
01CC            993   ;        -----------------------------------------
01CC            994   ;         function sendOne
01CC            995   ;        -----------------------------------------
01CC            996   _sendOne:
01CC            997   ;        C:\Users\Grant\Documents\UBC\Year 2\Elec291\Project 2\EM-Tether-Robot\Controller\Transmitter_with bluetooth.c:242: TR2=1; //Start timer 2
01CC D2CA       998            setb    _TR2
01CE            999   ;        C:\Users\Grant\Documents\UBC\Year 2\Elec291\Project 2\EM-Tether-Robot\Controller\Transmitter_with bluetooth.c:243: waitms(BITWIDTH);
01CE 900005    1000            mov     dptr,#0x0005
01D1 020100    1001            ljmp    _waitms
01D4           1002   ;------------------------------------------------------------
01D4           1003   ;Allocation info for local variables in function 'main'
01D4           1004   ;------------------------------------------------------------
01D4           1005   ;------------------------------------------------------------
01D4           1006   ;        C:\Users\Grant\Documents\UBC\Year 2\Elec291\Project 2\EM-Tether-Robot\Controller\Transmitter_with bluetooth.c:246: void main (void)
01D4           1007   ;        -----------------------------------------
01D4           1008   ;         function main
01D4           1009   ;        -----------------------------------------
01D4           1010   _main:
01D4           1011   ;        C:\Users\Grant\Documents\UBC\Year 2\Elec291\Project 2\EM-Tether-Robot\Controller\Transmitter_with bluetooth.c:248: TR2=0; // Stop timer 2
01D4 C2CA      1012            clr     _TR2
01D6           1013   ;        C:\Users\Grant\Documents\UBC\Year 2\Elec291\Project 2\EM-Tether-Robot\Controller\Transmitter_with bluetooth.c:249: CSN = 1;
01D6 D283      1014            setb    _P0_3
01D8           1015   ;        C:\Users\Grant\Documents\UBC\Year 2\Elec291\Project 2\EM-Tether-Robot\Controller\Transmitter_with bluetooth.c:250: CE = 0;
01D8 C2A0      1016            clr     _P2_0
01DA           1017   ;        C:\Users\Grant\Documents\UBC\Year 2\Elec291\Project 2\EM-Tether-Robot\Controller\Transmitter_with bluetooth.c:252: while(1)
01DA           1018   L013002?:
01DA           1019   ;        C:\Users\Grant\Documents\UBC\Year 2\Elec291\Project 2\EM-Tether-Robot\Controller\Transmitter_with bluetooth.c:254: SPIWrite(0b00100000);
01DA 758220    1020            mov     dpl,#0x20
01DD 120100    1021            lcall   _SPIWrite
01E0           1022   ;        C:\Users\Grant\Documents\UBC\Year 2\Elec291\Project 2\EM-Tether-Robot\Controller\Transmitter_with bluetooth.c:255: SPIWrite(0b00000011);
01E0 758203    1023            mov     dpl,#0x03
01E3 120100    1024            lcall   _SPIWrite
01E6           1025   ;        C:\Users\Grant\Documents\UBC\Year 2\Elec291\Project 2\EM-Tether-Robot\Controller\Transmitter_with bluetooth.c:256: CE = 1;
01E6 D2A0      1026            setb    _P2_0
01E8           1027   ;        C:\Users\Grant\Documents\UBC\Year 2\Elec291\Project 2\EM-Tether-Robot\Controller\Transmitter_with bluetooth.c:257: command = SPIWrite(0b01100001);
01E8 758261    1028            mov     dpl,#0x61
01EB 120100    1029            lcall   _SPIWrite
01EE 8582E0    1030            mov     _command,dpl
01F1           1031   ;        C:\Users\Grant\Documents\UBC\Year 2\Elec291\Project 2\EM-Tether-Robot\Controller\Transmitter_with bluetooth.c:258: CE = 0;
01F1 C2A0      1032            clr     _P2_0
01F3           1033   ;        C:\Users\Grant\Documents\UBC\Year 2\Elec291\Project 2\EM-Tether-Robot\Controller\Transmitter_with bluetooth.c:259: printf("%c", command);
01F3 AAE0      1034            mov     r2,_command
01F5 7B00      1035            mov     r3,#0x00
01F7 C002      1036            push    ar2
01F9 C003      1037            push    ar3
01FB 74B0      1038            mov     a,#__str_0
01FD C0E0      1039            push    acc
01FF 74BB      1040            mov     a,#(__str_0 >> 8)
0201 C0E0      1041            push    acc
0203 7480      1042            mov     a,#0x80
0205 C0E0      1043            push    acc
0207 120100    1044            lcall   _printf
020A E581      1045            mov     a,sp
020C 24FB      1046            add     a,#0xfb
020E F581      1047            mov     sp,a
0210 8001      1048            sjmp    L013002?
0212           1049            rseg R_CSEG
0212           1050   
0000           1051            rseg R_XINIT
0000           1052   
0000           1053            rseg R_CONST
0000           1054   __str_0:
0000 2563      1055            db '%c'
0002 00        1056            db 0x00
0003           1057   
002E           1058            CSEG
002E           1059   
002E           1060   end
